Error occured when handling /home/bluesadi/Yasat/tests_dev/tmp/D-Link/DAP-2610_REVA_FIRMWARE_v1.01RC017.zip/_DAP2610-firmware-v101-rc017.bin.extracted/squashfs-root/sbin/httpd
Error occured when handling statment: 0xa508 | r4<4> = ((((((((((((r4<4> <= 0x7f<32>)) ? (t9) : (t203)) != 0x0<32>)) ? ((r4<4> + 0x1<32>)) : (r4<4>)) <= 0x7f<32>)) ? (((((0x7f<32> < ((t208) ? ((r4<4> + 0x1<32>)) : (r4<4>)))) ? (0x0<32>) : (((((r0<4> == 0xd<32>)) ? (0x1<32>) : (t221)) ^ 0x1<32>))) & 0x1<32>)) : ((((0x7f<32> < ((((((r4<4> <= 0x7f<32>)) ? (t9) : (t203)) != 0x0<32>)) ? ((r4<4> + 0x1<32>)) : (r4<4>)))) ? (0x0<32>) : (((((r0<4> == 0xd<32>)) ? (0x1<32>) : (0x0<32>)) ^ 0x1<32>))))) != 0x0<32>)) ? ((((t208) ? ((r4<4> + 0x1<32>)) : (r4<4>)) + 0x1<32>)) : (((((((r4<4> <= 0x7f<32>)) ? (t9) : (t203)) != 0x0<32>)) ? ((r4<4> + 0x1<32>)) : (r4<4>))))
Traceback (most recent call last):
  File "/home/bluesadi/Yasat/Yasat/analyses/backward_slicing/engine_ail.py", line 78, in _process_Stmt
    self._handle_Stmt(stmt)
  File "/home/bluesadi/Yasat/Yasat/analyses/backward_slicing/engine_ail.py", line 99, in _handle_Stmt
    handler(stmt)
  File "/home/bluesadi/Yasat/Yasat/analyses/backward_slicing/engine_ail.py", line 138, in _ail_handle_Assignment
    src = self._expr(stmt.src, bits)
  File "/home/bluesadi/Yasat/Yasat/analyses/backward_slicing/engine_ail.py", line 116, in _expr
    result = handler(expr)
  File "/home/bluesadi/Yasat/Yasat/analyses/backward_slicing/engine_ail.py", line 205, in _ail_handle_ITE
    cond = self._expr(expr.cond)
  File "/home/bluesadi/Yasat/Yasat/analyses/backward_slicing/engine_ail.py", line 116, in _expr
    result = handler(expr)
  File "/home/bluesadi/virtualenvs/Yasat/lib/python3.8/site-packages/angr/engines/light/engine.py", line 935, in _ail_handle_BinaryOp
    return handler(expr)
  File "/home/bluesadi/Yasat/Yasat/analyses/backward_slicing/engine_ail.py", line 319, in _ail_handle_Cmp
    op0 = self._expr(expr.operands[0], bits)
  File "/home/bluesadi/Yasat/Yasat/analyses/backward_slicing/engine_ail.py", line 116, in _expr
    result = handler(expr)
  File "/home/bluesadi/Yasat/Yasat/analyses/backward_slicing/engine_ail.py", line 207, in _ail_handle_ITE
    iffalse = self._expr(expr.iffalse)
  File "/home/bluesadi/Yasat/Yasat/analyses/backward_slicing/engine_ail.py", line 116, in _expr
    result = handler(expr)
  File "/home/bluesadi/Yasat/Yasat/analyses/backward_slicing/engine_ail.py", line 207, in _ail_handle_ITE
    iffalse = self._expr(expr.iffalse)
  File "/home/bluesadi/Yasat/Yasat/analyses/backward_slicing/engine_ail.py", line 116, in _expr
    result = handler(expr)
  File "/home/bluesadi/virtualenvs/Yasat/lib/python3.8/site-packages/angr/engines/light/engine.py", line 935, in _ail_handle_BinaryOp
    return handler(expr)
  File "/home/bluesadi/Yasat/Yasat/analyses/backward_slicing/engine_ail.py", line 306, in _ail_handle_Xor
    return self._calc_BinaryOp(expr, lambda v0, v1: v0 ^ v1)
  File "/home/bluesadi/Yasat/Yasat/analyses/backward_slicing/engine_ail.py", line 242, in _calc_BinaryOp
    values.add(op_func(op0_v, op1_v))
  File "/home/bluesadi/Yasat/Yasat/analyses/backward_slicing/engine_ail.py", line 306, in <lambda>
    return self._calc_BinaryOp(expr, lambda v0, v1: v0 ^ v1)
  File "/home/bluesadi/virtualenvs/Yasat/lib/python3.8/site-packages/claripy/operations.py", line 57, in _op
    simp = _handle_annotations(simplifications.simpleton.simplify(name, fixed_args), args)
  File "/home/bluesadi/virtualenvs/Yasat/lib/python3.8/site-packages/claripy/simplifications.py", line 41, in simplify
    return self._simplifiers[op](*args)
  File "/home/bluesadi/virtualenvs/Yasat/lib/python3.8/site-packages/claripy/simplifications.py", line 608, in bitwise_xor_simplifier
    elif a is b or (a == b).is_true():
  File "/home/bluesadi/virtualenvs/Yasat/lib/python3.8/site-packages/claripy/ast/base.py", line 1294, in __getattr__
    raise AttributeError(a)
AttributeError: is_true

Error occured when handling /home/bluesadi/Yasat/tests_dev/tmp/D-Link/DAP-2610_REVA_FIRMWARE_v1.01RC017.zip/_DAP2610-firmware-v101-rc017.bin.extracted/squashfs-root/sbin/httpd
Error occured when handling statment: 0xa504 | STORE(addr=(((((((((((((r4<4> <= 0x7f<32>)) ? (t9) : (t203)) != 0x0<32>)) ? ((r4<4> + 0x1<32>)) : (r4<4>)) <= 0x7f<32>)) ? (((((0x7f<32> < ((t208) ? ((r4<4> + 0x1<32>)) : (r4<4>)))) ? (0x0<32>) : (((((r0<4> == 0xd<32>)) ? (0x1<32>) : (t221)) ^ 0x1<32>))) & 0x1<32>)) : ((((0x7f<32> < ((((((r4<4> <= 0x7f<32>)) ? (t9) : (t203)) != 0x0<32>)) ? ((r4<4> + 0x1<32>)) : (r4<4>)))) ? (0x0<32>) : (((((r0<4> == 0xd<32>)) ? (0x1<32>) : (0x0<32>)) ^ 0x1<32>))))) != 0x0<32>)) ? ((((((((((t208) ? ((r4<4> + 0x1<32>)) : (r4<4>)) <= 0x7f<32>)) ? (((((0x7f<32> < ((((((r4<4> <= 0x7f<32>)) ? (t9) : (t203)) != 0x0<32>)) ? ((r4<4> + 0x1<32>)) : (r4<4>)))) ? (0x0<32>) : (((((r0<4> == 0xd<32>)) ? (0x1<32>) : (0x0<32>)) ^ 0x1<32>))) & 0x1<32>)) : ((((0x7f<32> < ((t208) ? ((r4<4> + 0x1<32>)) : (r4<4>)))) ? (0x0<32>) : (((((r0<4> == 0xd<32>)) ? (0x1<32>) : (t221)) ^ 0x1<32>))))) != 0x0<32>)) ? (stack_base-40) : (t209)) + ((t208) ? ((r4<4> + 0x1<32>)) : (r4<4>)))) : ((((((t208) ? ((r4<4> + 0x1<32>)) : (r4<4>)) <= 0x7f<32>)) ? (((((0x7f<32> < ((((((r4<4> <= 0x7f<32>)) ? (t9) : (t203)) != 0x0<32>)) ? ((r4<4> + 0x1<32>)) : (r4<4>)))) ? (0x0<32>) : (((((r0<4> == 0xd<32>)) ? (0x1<32>) : (0x0<32>)) ^ 0x1<32>))) & 0x1<32>)) : ((((0x7f<32> < ((((((r4<4> <= 0x7f<32>)) ? (t9) : (t203)) != 0x0<32>)) ? ((r4<4> + 0x1<32>)) : (r4<4>)))) ? (0x0<32>) : (((((r0<4> == 0xd<32>)) ? (0x1<32>) : (0x0<32>)) ^ 0x1<32>))))))) - 0x80<32>), data=Conv(32->8, r0<4>), size=1, endness=Iend_LE, guard=None)
Traceback (most recent call last):
  File "/home/bluesadi/Yasat/Yasat/analyses/backward_slicing/engine_ail.py", line 78, in _process_Stmt
    self._handle_Stmt(stmt)
  File "/home/bluesadi/Yasat/Yasat/analyses/backward_slicing/engine_ail.py", line 99, in _handle_Stmt
    handler(stmt)
  File "/home/bluesadi/Yasat/Yasat/analyses/backward_slicing/engine_ail.py", line 131, in _ail_handle_Store
    addr = self._expr(stmt.addr)
  File "/home/bluesadi/Yasat/Yasat/analyses/backward_slicing/engine_ail.py", line 116, in _expr
    result = handler(expr)
  File "/home/bluesadi/virtualenvs/Yasat/lib/python3.8/site-packages/angr/engines/light/engine.py", line 935, in _ail_handle_BinaryOp
    return handler(expr)
  File "/home/bluesadi/Yasat/Yasat/analyses/backward_slicing/engine_ail.py", line 252, in _ail_handle_Sub
    return self._calc_BinaryOp(expr, lambda v0, v1: v0 - v1)
  File "/home/bluesadi/Yasat/Yasat/analyses/backward_slicing/engine_ail.py", line 237, in _calc_BinaryOp
    op0 = self._expr(expr.operands[0], bits)
  File "/home/bluesadi/Yasat/Yasat/analyses/backward_slicing/engine_ail.py", line 116, in _expr
    result = handler(expr)
  File "/home/bluesadi/Yasat/Yasat/analyses/backward_slicing/engine_ail.py", line 205, in _ail_handle_ITE
    cond = self._expr(expr.cond)
  File "/home/bluesadi/Yasat/Yasat/analyses/backward_slicing/engine_ail.py", line 116, in _expr
    result = handler(expr)
  File "/home/bluesadi/virtualenvs/Yasat/lib/python3.8/site-packages/angr/engines/light/engine.py", line 935, in _ail_handle_BinaryOp
    return handler(expr)
  File "/home/bluesadi/Yasat/Yasat/analyses/backward_slicing/engine_ail.py", line 319, in _ail_handle_Cmp
    op0 = self._expr(expr.operands[0], bits)
  File "/home/bluesadi/Yasat/Yasat/analyses/backward_slicing/engine_ail.py", line 116, in _expr
    result = handler(expr)
  File "/home/bluesadi/Yasat/Yasat/analyses/backward_slicing/engine_ail.py", line 207, in _ail_handle_ITE
    iffalse = self._expr(expr.iffalse)
  File "/home/bluesadi/Yasat/Yasat/analyses/backward_slicing/engine_ail.py", line 116, in _expr
    result = handler(expr)
  File "/home/bluesadi/Yasat/Yasat/analyses/backward_slicing/engine_ail.py", line 207, in _ail_handle_ITE
    iffalse = self._expr(expr.iffalse)
  File "/home/bluesadi/Yasat/Yasat/analyses/backward_slicing/engine_ail.py", line 116, in _expr
    result = handler(expr)
  File "/home/bluesadi/virtualenvs/Yasat/lib/python3.8/site-packages/angr/engines/light/engine.py", line 935, in _ail_handle_BinaryOp
    return handler(expr)
  File "/home/bluesadi/Yasat/Yasat/analyses/backward_slicing/engine_ail.py", line 306, in _ail_handle_Xor
    return self._calc_BinaryOp(expr, lambda v0, v1: v0 ^ v1)
  File "/home/bluesadi/Yasat/Yasat/analyses/backward_slicing/engine_ail.py", line 242, in _calc_BinaryOp
    values.add(op_func(op0_v, op1_v))
  File "/home/bluesadi/Yasat/Yasat/analyses/backward_slicing/engine_ail.py", line 306, in <lambda>
    return self._calc_BinaryOp(expr, lambda v0, v1: v0 ^ v1)
  File "/home/bluesadi/virtualenvs/Yasat/lib/python3.8/site-packages/claripy/operations.py", line 57, in _op
    simp = _handle_annotations(simplifications.simpleton.simplify(name, fixed_args), args)
  File "/home/bluesadi/virtualenvs/Yasat/lib/python3.8/site-packages/claripy/simplifications.py", line 41, in simplify
    return self._simplifiers[op](*args)
  File "/home/bluesadi/virtualenvs/Yasat/lib/python3.8/site-packages/claripy/simplifications.py", line 608, in bitwise_xor_simplifier
    elif a is b or (a == b).is_true():
  File "/home/bluesadi/virtualenvs/Yasat/lib/python3.8/site-packages/claripy/ast/base.py", line 1294, in __getattr__
    raise AttributeError(a)
AttributeError: is_true

Error occured when handling /home/bluesadi/Yasat/tests_dev/tmp/D-Link/DAP-2610_REVA_FIRMWARE_v1.01RC017.zip/_DAP2610-firmware-v101-rc017.bin.extracted/squashfs-root/sbin/httpd
Error occured when handling statment: 0xa504 | t238 = ((((((t208) ? ((r4<4> + 0x1<32>)) : (r4<4>)) <= 0x7f<32>)) ? (((((0x7f<32> < ((((((r4<4> <= 0x7f<32>)) ? (t9) : (t203)) != 0x0<32>)) ? ((r4<4> + 0x1<32>)) : (r4<4>)))) ? (0x0<32>) : (((((r0<4> == 0xd<32>)) ? (0x1<32>) : (0x0<32>)) ^ 0x1<32>))) & 0x1<32>)) : ((((0x7f<32> < ((t208) ? ((r4<4> + 0x1<32>)) : (r4<4>)))) ? (0x0<32>) : (((((r0<4> == 0xd<32>)) ? (0x1<32>) : (t221)) ^ 0x1<32>))))) != 0x0<32>)
Traceback (most recent call last):
  File "/home/bluesadi/Yasat/Yasat/analyses/backward_slicing/engine_ail.py", line 78, in _process_Stmt
    self._handle_Stmt(stmt)
  File "/home/bluesadi/Yasat/Yasat/analyses/backward_slicing/engine_ail.py", line 99, in _handle_Stmt
    handler(stmt)
  File "/home/bluesadi/Yasat/Yasat/analyses/backward_slicing/engine_ail.py", line 138, in _ail_handle_Assignment
    src = self._expr(stmt.src, bits)
  File "/home/bluesadi/Yasat/Yasat/analyses/backward_slicing/engine_ail.py", line 116, in _expr
    result = handler(expr)
  File "/home/bluesadi/virtualenvs/Yasat/lib/python3.8/site-packages/angr/engines/light/engine.py", line 935, in _ail_handle_BinaryOp
    return handler(expr)
  File "/home/bluesadi/Yasat/Yasat/analyses/backward_slicing/engine_ail.py", line 319, in _ail_handle_Cmp
    op0 = self._expr(expr.operands[0], bits)
  File "/home/bluesadi/Yasat/Yasat/analyses/backward_slicing/engine_ail.py", line 116, in _expr
    result = handler(expr)
  File "/home/bluesadi/Yasat/Yasat/analyses/backward_slicing/engine_ail.py", line 206, in _ail_handle_ITE
    iftrue = self._expr(expr.iftrue)
  File "/home/bluesadi/Yasat/Yasat/analyses/backward_slicing/engine_ail.py", line 116, in _expr
    result = handler(expr)
  File "/home/bluesadi/virtualenvs/Yasat/lib/python3.8/site-packages/angr/engines/light/engine.py", line 935, in _ail_handle_BinaryOp
    return handler(expr)
  File "/home/bluesadi/Yasat/Yasat/analyses/backward_slicing/engine_ail.py", line 294, in _ail_handle_And
    return self._calc_BinaryOp(expr, lambda v0, v1: v0 & v1)
  File "/home/bluesadi/Yasat/Yasat/analyses/backward_slicing/engine_ail.py", line 237, in _calc_BinaryOp
    op0 = self._expr(expr.operands[0], bits)
  File "/home/bluesadi/Yasat/Yasat/analyses/backward_slicing/engine_ail.py", line 116, in _expr
    result = handler(expr)
  File "/home/bluesadi/Yasat/Yasat/analyses/backward_slicing/engine_ail.py", line 207, in _ail_handle_ITE
    iffalse = self._expr(expr.iffalse)
  File "/home/bluesadi/Yasat/Yasat/analyses/backward_slicing/engine_ail.py", line 116, in _expr
    result = handler(expr)
  File "/home/bluesadi/virtualenvs/Yasat/lib/python3.8/site-packages/angr/engines/light/engine.py", line 935, in _ail_handle_BinaryOp
    return handler(expr)
  File "/home/bluesadi/Yasat/Yasat/analyses/backward_slicing/engine_ail.py", line 306, in _ail_handle_Xor
    return self._calc_BinaryOp(expr, lambda v0, v1: v0 ^ v1)
  File "/home/bluesadi/Yasat/Yasat/analyses/backward_slicing/engine_ail.py", line 242, in _calc_BinaryOp
    values.add(op_func(op0_v, op1_v))
  File "/home/bluesadi/Yasat/Yasat/analyses/backward_slicing/engine_ail.py", line 306, in <lambda>
    return self._calc_BinaryOp(expr, lambda v0, v1: v0 ^ v1)
  File "/home/bluesadi/virtualenvs/Yasat/lib/python3.8/site-packages/claripy/operations.py", line 57, in _op
    simp = _handle_annotations(simplifications.simpleton.simplify(name, fixed_args), args)
  File "/home/bluesadi/virtualenvs/Yasat/lib/python3.8/site-packages/claripy/simplifications.py", line 41, in simplify
    return self._simplifiers[op](*args)
  File "/home/bluesadi/virtualenvs/Yasat/lib/python3.8/site-packages/claripy/simplifications.py", line 608, in bitwise_xor_simplifier
    elif a is b or (a == b).is_true():
  File "/home/bluesadi/virtualenvs/Yasat/lib/python3.8/site-packages/claripy/ast/base.py", line 1294, in __getattr__
    raise AttributeError(a)
AttributeError: is_true

Error occured when handling /home/bluesadi/Yasat/tests_dev/tmp/D-Link/DAP-2610_REVA_FIRMWARE_v1.01RC017.zip/_DAP2610-firmware-v101-rc017.bin.extracted/squashfs-root/sbin/httpd
Error occured when handling statment: 0xa4fc | r2<4> = ((((((((((((r4<4> <= 0x7f<32>)) ? (t9) : (t203)) != 0x0<32>)) ? ((r4<4> + 0x1<32>)) : (r4<4>)) <= 0x7f<32>)) ? (((((0x7f<32> < ((t208) ? ((r4<4> + 0x1<32>)) : (r4<4>)))) ? (0x0<32>) : (((((r0<4> == 0xd<32>)) ? (0x1<32>) : (t221)) ^ 0x1<32>))) & 0x1<32>)) : ((((0x7f<32> < ((((((r4<4> <= 0x7f<32>)) ? (t9) : (t203)) != 0x0<32>)) ? ((r4<4> + 0x1<32>)) : (r4<4>)))) ? (0x0<32>) : (((((r0<4> == 0xd<32>)) ? (0x1<32>) : (0x0<32>)) ^ 0x1<32>))))) != 0x0<32>)) ? (stack_base-40) : (((((((r4<4> <= 0x7f<32>)) ? (t9) : (t203)) != 0x0<32>)) ? (stack_base-40) : (r2<4>))))
Traceback (most recent call last):
  File "/home/bluesadi/Yasat/Yasat/analyses/backward_slicing/engine_ail.py", line 78, in _process_Stmt
    self._handle_Stmt(stmt)
  File "/home/bluesadi/Yasat/Yasat/analyses/backward_slicing/engine_ail.py", line 99, in _handle_Stmt
    handler(stmt)
  File "/home/bluesadi/Yasat/Yasat/analyses/backward_slicing/engine_ail.py", line 138, in _ail_handle_Assignment
    src = self._expr(stmt.src, bits)
  File "/home/bluesadi/Yasat/Yasat/analyses/backward_slicing/engine_ail.py", line 116, in _expr
    result = handler(expr)
  File "/home/bluesadi/Yasat/Yasat/analyses/backward_slicing/engine_ail.py", line 205, in _ail_handle_ITE
    cond = self._expr(expr.cond)
  File "/home/bluesadi/Yasat/Yasat/analyses/backward_slicing/engine_ail.py", line 116, in _expr
    result = handler(expr)
  File "/home/bluesadi/virtualenvs/Yasat/lib/python3.8/site-packages/angr/engines/light/engine.py", line 935, in _ail_handle_BinaryOp
    return handler(expr)
  File "/home/bluesadi/Yasat/Yasat/analyses/backward_slicing/engine_ail.py", line 319, in _ail_handle_Cmp
    op0 = self._expr(expr.operands[0], bits)
  File "/home/bluesadi/Yasat/Yasat/analyses/backward_slicing/engine_ail.py", line 116, in _expr
    result = handler(expr)
  File "/home/bluesadi/Yasat/Yasat/analyses/backward_slicing/engine_ail.py", line 207, in _ail_handle_ITE
    iffalse = self._expr(expr.iffalse)
  File "/home/bluesadi/Yasat/Yasat/analyses/backward_slicing/engine_ail.py", line 116, in _expr
    result = handler(expr)
  File "/home/bluesadi/Yasat/Yasat/analyses/backward_slicing/engine_ail.py", line 207, in _ail_handle_ITE
    iffalse = self._expr(expr.iffalse)
  File "/home/bluesadi/Yasat/Yasat/analyses/backward_slicing/engine_ail.py", line 116, in _expr
    result = handler(expr)
  File "/home/bluesadi/virtualenvs/Yasat/lib/python3.8/site-packages/angr/engines/light/engine.py", line 935, in _ail_handle_BinaryOp
    return handler(expr)
  File "/home/bluesadi/Yasat/Yasat/analyses/backward_slicing/engine_ail.py", line 306, in _ail_handle_Xor
    return self._calc_BinaryOp(expr, lambda v0, v1: v0 ^ v1)
  File "/home/bluesadi/Yasat/Yasat/analyses/backward_slicing/engine_ail.py", line 242, in _calc_BinaryOp
    values.add(op_func(op0_v, op1_v))
  File "/home/bluesadi/Yasat/Yasat/analyses/backward_slicing/engine_ail.py", line 306, in <lambda>
    return self._calc_BinaryOp(expr, lambda v0, v1: v0 ^ v1)
  File "/home/bluesadi/virtualenvs/Yasat/lib/python3.8/site-packages/claripy/operations.py", line 57, in _op
    simp = _handle_annotations(simplifications.simpleton.simplify(name, fixed_args), args)
  File "/home/bluesadi/virtualenvs/Yasat/lib/python3.8/site-packages/claripy/simplifications.py", line 41, in simplify
    return self._simplifiers[op](*args)
  File "/home/bluesadi/virtualenvs/Yasat/lib/python3.8/site-packages/claripy/simplifications.py", line 608, in bitwise_xor_simplifier
    elif a is b or (a == b).is_true():
  File "/home/bluesadi/virtualenvs/Yasat/lib/python3.8/site-packages/claripy/ast/base.py", line 1294, in __getattr__
    raise AttributeError(a)
AttributeError: is_true

Error occured when handling /home/bluesadi/Yasat/tests_dev/tmp/D-Link/DAP-2610_REVA_FIRMWARE_v1.01RC017.zip/_DAP2610-firmware-v101-rc017.bin.extracted/squashfs-root/sbin/httpd
Error occured when handling statment: 0xa508 | r4<4> = ((((((((((((r4<4> <= 0x7f<32>)) ? (t9) : (t203)) != 0x0<32>)) ? ((r4<4> + 0x1<32>)) : (r4<4>)) <= 0x7f<32>)) ? (((((0x7f<32> < ((t208) ? ((r4<4> + 0x1<32>)) : (r4<4>)))) ? (0x0<32>) : (((((r0<4> == 0xd<32>)) ? (0x1<32>) : (t221)) ^ 0x1<32>))) & 0x1<32>)) : ((((0x7f<32> < ((((((r4<4> <= 0x7f<32>)) ? (t9) : (t203)) != 0x0<32>)) ? ((r4<4> + 0x1<32>)) : (r4<4>)))) ? (0x0<32>) : (((((r0<4> == 0xd<32>)) ? (0x1<32>) : (0x0<32>)) ^ 0x1<32>))))) != 0x0<32>)) ? ((((t208) ? ((r4<4> + 0x1<32>)) : (r4<4>)) + 0x1<32>)) : (((((((r4<4> <= 0x7f<32>)) ? (t9) : (t203)) != 0x0<32>)) ? ((r4<4> + 0x1<32>)) : (r4<4>))))
Traceback (most recent call last):
  File "/home/bluesadi/Yasat/Yasat/analyses/backward_slicing/engine_ail.py", line 78, in _process_Stmt
    self._handle_Stmt(stmt)
  File "/home/bluesadi/Yasat/Yasat/analyses/backward_slicing/engine_ail.py", line 99, in _handle_Stmt
    handler(stmt)
  File "/home/bluesadi/Yasat/Yasat/analyses/backward_slicing/engine_ail.py", line 138, in _ail_handle_Assignment
    src = self._expr(stmt.src, bits)
  File "/home/bluesadi/Yasat/Yasat/analyses/backward_slicing/engine_ail.py", line 116, in _expr
    result = handler(expr)
  File "/home/bluesadi/Yasat/Yasat/analyses/backward_slicing/engine_ail.py", line 205, in _ail_handle_ITE
    cond = self._expr(expr.cond)
  File "/home/bluesadi/Yasat/Yasat/analyses/backward_slicing/engine_ail.py", line 116, in _expr
    result = handler(expr)
  File "/home/bluesadi/virtualenvs/Yasat/lib/python3.8/site-packages/angr/engines/light/engine.py", line 935, in _ail_handle_BinaryOp
    return handler(expr)
  File "/home/bluesadi/Yasat/Yasat/analyses/backward_slicing/engine_ail.py", line 319, in _ail_handle_Cmp
    op0 = self._expr(expr.operands[0], bits)
  File "/home/bluesadi/Yasat/Yasat/analyses/backward_slicing/engine_ail.py", line 116, in _expr
    result = handler(expr)
  File "/home/bluesadi/Yasat/Yasat/analyses/backward_slicing/engine_ail.py", line 207, in _ail_handle_ITE
    iffalse = self._expr(expr.iffalse)
  File "/home/bluesadi/Yasat/Yasat/analyses/backward_slicing/engine_ail.py", line 116, in _expr
    result = handler(expr)
  File "/home/bluesadi/Yasat/Yasat/analyses/backward_slicing/engine_ail.py", line 207, in _ail_handle_ITE
    iffalse = self._expr(expr.iffalse)
  File "/home/bluesadi/Yasat/Yasat/analyses/backward_slicing/engine_ail.py", line 116, in _expr
    result = handler(expr)
  File "/home/bluesadi/virtualenvs/Yasat/lib/python3.8/site-packages/angr/engines/light/engine.py", line 935, in _ail_handle_BinaryOp
    return handler(expr)
  File "/home/bluesadi/Yasat/Yasat/analyses/backward_slicing/engine_ail.py", line 306, in _ail_handle_Xor
    return self._calc_BinaryOp(expr, lambda v0, v1: v0 ^ v1)
  File "/home/bluesadi/Yasat/Yasat/analyses/backward_slicing/engine_ail.py", line 242, in _calc_BinaryOp
    values.add(op_func(op0_v, op1_v))
  File "/home/bluesadi/Yasat/Yasat/analyses/backward_slicing/engine_ail.py", line 306, in <lambda>
    return self._calc_BinaryOp(expr, lambda v0, v1: v0 ^ v1)
  File "/home/bluesadi/virtualenvs/Yasat/lib/python3.8/site-packages/claripy/operations.py", line 57, in _op
    simp = _handle_annotations(simplifications.simpleton.simplify(name, fixed_args), args)
  File "/home/bluesadi/virtualenvs/Yasat/lib/python3.8/site-packages/claripy/simplifications.py", line 41, in simplify
    return self._simplifiers[op](*args)
  File "/home/bluesadi/virtualenvs/Yasat/lib/python3.8/site-packages/claripy/simplifications.py", line 608, in bitwise_xor_simplifier
    elif a is b or (a == b).is_true():
  File "/home/bluesadi/virtualenvs/Yasat/lib/python3.8/site-packages/claripy/ast/base.py", line 1294, in __getattr__
    raise AttributeError(a)
AttributeError: is_true

Error occured when handling /home/bluesadi/Yasat/tests_dev/tmp/D-Link/DAP-2610_REVA_FIRMWARE_v1.01RC017.zip/_DAP2610-firmware-v101-rc017.bin.extracted/squashfs-root/sbin/httpd
Error occured when handling statment: 0xa504 | STORE(addr=(((((((((((((r4<4> <= 0x7f<32>)) ? (t9) : (t203)) != 0x0<32>)) ? ((r4<4> + 0x1<32>)) : (r4<4>)) <= 0x7f<32>)) ? (((((0x7f<32> < ((t208) ? ((r4<4> + 0x1<32>)) : (r4<4>)))) ? (0x0<32>) : (((((r0<4> == 0xd<32>)) ? (0x1<32>) : (t221)) ^ 0x1<32>))) & 0x1<32>)) : ((((0x7f<32> < ((((((r4<4> <= 0x7f<32>)) ? (t9) : (t203)) != 0x0<32>)) ? ((r4<4> + 0x1<32>)) : (r4<4>)))) ? (0x0<32>) : (((((r0<4> == 0xd<32>)) ? (0x1<32>) : (0x0<32>)) ^ 0x1<32>))))) != 0x0<32>)) ? ((((((((((t208) ? ((r4<4> + 0x1<32>)) : (r4<4>)) <= 0x7f<32>)) ? (((((0x7f<32> < ((((((r4<4> <= 0x7f<32>)) ? (t9) : (t203)) != 0x0<32>)) ? ((r4<4> + 0x1<32>)) : (r4<4>)))) ? (0x0<32>) : (((((r0<4> == 0xd<32>)) ? (0x1<32>) : (0x0<32>)) ^ 0x1<32>))) & 0x1<32>)) : ((((0x7f<32> < ((t208) ? ((r4<4> + 0x1<32>)) : (r4<4>)))) ? (0x0<32>) : (((((r0<4> == 0xd<32>)) ? (0x1<32>) : (t221)) ^ 0x1<32>))))) != 0x0<32>)) ? (stack_base-40) : (t209)) + ((t208) ? ((r4<4> + 0x1<32>)) : (r4<4>)))) : ((((((t208) ? ((r4<4> + 0x1<32>)) : (r4<4>)) <= 0x7f<32>)) ? (((((0x7f<32> < ((((((r4<4> <= 0x7f<32>)) ? (t9) : (t203)) != 0x0<32>)) ? ((r4<4> + 0x1<32>)) : (r4<4>)))) ? (0x0<32>) : (((((r0<4> == 0xd<32>)) ? (0x1<32>) : (0x0<32>)) ^ 0x1<32>))) & 0x1<32>)) : ((((0x7f<32> < ((((((r4<4> <= 0x7f<32>)) ? (t9) : (t203)) != 0x0<32>)) ? ((r4<4> + 0x1<32>)) : (r4<4>)))) ? (0x0<32>) : (((((r0<4> == 0xd<32>)) ? (0x1<32>) : (0x0<32>)) ^ 0x1<32>))))))) - 0x80<32>), data=Conv(32->8, r0<4>), size=1, endness=Iend_LE, guard=None)
Traceback (most recent call last):
  File "/home/bluesadi/Yasat/Yasat/analyses/backward_slicing/engine_ail.py", line 78, in _process_Stmt
    self._handle_Stmt(stmt)
  File "/home/bluesadi/Yasat/Yasat/analyses/backward_slicing/engine_ail.py", line 99, in _handle_Stmt
    handler(stmt)
  File "/home/bluesadi/Yasat/Yasat/analyses/backward_slicing/engine_ail.py", line 131, in _ail_handle_Store
    addr = self._expr(stmt.addr)
  File "/home/bluesadi/Yasat/Yasat/analyses/backward_slicing/engine_ail.py", line 116, in _expr
    result = handler(expr)
  File "/home/bluesadi/virtualenvs/Yasat/lib/python3.8/site-packages/angr/engines/light/engine.py", line 935, in _ail_handle_BinaryOp
    return handler(expr)
  File "/home/bluesadi/Yasat/Yasat/analyses/backward_slicing/engine_ail.py", line 252, in _ail_handle_Sub
    return self._calc_BinaryOp(expr, lambda v0, v1: v0 - v1)
  File "/home/bluesadi/Yasat/Yasat/analyses/backward_slicing/engine_ail.py", line 237, in _calc_BinaryOp
    op0 = self._expr(expr.operands[0], bits)
  File "/home/bluesadi/Yasat/Yasat/analyses/backward_slicing/engine_ail.py", line 116, in _expr
    result = handler(expr)
  File "/home/bluesadi/Yasat/Yasat/analyses/backward_slicing/engine_ail.py", line 205, in _ail_handle_ITE
    cond = self._expr(expr.cond)
  File "/home/bluesadi/Yasat/Yasat/analyses/backward_slicing/engine_ail.py", line 116, in _expr
    result = handler(expr)
  File "/home/bluesadi/virtualenvs/Yasat/lib/python3.8/site-packages/angr/engines/light/engine.py", line 935, in _ail_handle_BinaryOp
    return handler(expr)
  File "/home/bluesadi/Yasat/Yasat/analyses/backward_slicing/engine_ail.py", line 319, in _ail_handle_Cmp
    op0 = self._expr(expr.operands[0], bits)
  File "/home/bluesadi/Yasat/Yasat/analyses/backward_slicing/engine_ail.py", line 116, in _expr
    result = handler(expr)
  File "/home/bluesadi/Yasat/Yasat/analyses/backward_slicing/engine_ail.py", line 207, in _ail_handle_ITE
    iffalse = self._expr(expr.iffalse)
  File "/home/bluesadi/Yasat/Yasat/analyses/backward_slicing/engine_ail.py", line 116, in _expr
    result = handler(expr)
  File "/home/bluesadi/Yasat/Yasat/analyses/backward_slicing/engine_ail.py", line 207, in _ail_handle_ITE
    iffalse = self._expr(expr.iffalse)
  File "/home/bluesadi/Yasat/Yasat/analyses/backward_slicing/engine_ail.py", line 116, in _expr
    result = handler(expr)
  File "/home/bluesadi/virtualenvs/Yasat/lib/python3.8/site-packages/angr/engines/light/engine.py", line 935, in _ail_handle_BinaryOp
    return handler(expr)
  File "/home/bluesadi/Yasat/Yasat/analyses/backward_slicing/engine_ail.py", line 306, in _ail_handle_Xor
    return self._calc_BinaryOp(expr, lambda v0, v1: v0 ^ v1)
  File "/home/bluesadi/Yasat/Yasat/analyses/backward_slicing/engine_ail.py", line 242, in _calc_BinaryOp
    values.add(op_func(op0_v, op1_v))
  File "/home/bluesadi/Yasat/Yasat/analyses/backward_slicing/engine_ail.py", line 306, in <lambda>
    return self._calc_BinaryOp(expr, lambda v0, v1: v0 ^ v1)
  File "/home/bluesadi/virtualenvs/Yasat/lib/python3.8/site-packages/claripy/operations.py", line 57, in _op
    simp = _handle_annotations(simplifications.simpleton.simplify(name, fixed_args), args)
  File "/home/bluesadi/virtualenvs/Yasat/lib/python3.8/site-packages/claripy/simplifications.py", line 41, in simplify
    return self._simplifiers[op](*args)
  File "/home/bluesadi/virtualenvs/Yasat/lib/python3.8/site-packages/claripy/simplifications.py", line 608, in bitwise_xor_simplifier
    elif a is b or (a == b).is_true():
  File "/home/bluesadi/virtualenvs/Yasat/lib/python3.8/site-packages/claripy/ast/base.py", line 1294, in __getattr__
    raise AttributeError(a)
AttributeError: is_true

Error occured when handling /home/bluesadi/Yasat/tests_dev/tmp/D-Link/DAP-2610_REVA_FIRMWARE_v1.01RC017.zip/_DAP2610-firmware-v101-rc017.bin.extracted/squashfs-root/sbin/httpd
Error occured when handling statment: 0xa504 | t238 = ((((((t208) ? ((r4<4> + 0x1<32>)) : (r4<4>)) <= 0x7f<32>)) ? (((((0x7f<32> < ((((((r4<4> <= 0x7f<32>)) ? (t9) : (t203)) != 0x0<32>)) ? ((r4<4> + 0x1<32>)) : (r4<4>)))) ? (0x0<32>) : (((((r0<4> == 0xd<32>)) ? (0x1<32>) : (0x0<32>)) ^ 0x1<32>))) & 0x1<32>)) : ((((0x7f<32> < ((t208) ? ((r4<4> + 0x1<32>)) : (r4<4>)))) ? (0x0<32>) : (((((r0<4> == 0xd<32>)) ? (0x1<32>) : (t221)) ^ 0x1<32>))))) != 0x0<32>)
Traceback (most recent call last):
  File "/home/bluesadi/Yasat/Yasat/analyses/backward_slicing/engine_ail.py", line 78, in _process_Stmt
    self._handle_Stmt(stmt)
  File "/home/bluesadi/Yasat/Yasat/analyses/backward_slicing/engine_ail.py", line 99, in _handle_Stmt
    handler(stmt)
  File "/home/bluesadi/Yasat/Yasat/analyses/backward_slicing/engine_ail.py", line 138, in _ail_handle_Assignment
    src = self._expr(stmt.src, bits)
  File "/home/bluesadi/Yasat/Yasat/analyses/backward_slicing/engine_ail.py", line 116, in _expr
    result = handler(expr)
  File "/home/bluesadi/virtualenvs/Yasat/lib/python3.8/site-packages/angr/engines/light/engine.py", line 935, in _ail_handle_BinaryOp
    return handler(expr)
  File "/home/bluesadi/Yasat/Yasat/analyses/backward_slicing/engine_ail.py", line 319, in _ail_handle_Cmp
    op0 = self._expr(expr.operands[0], bits)
  File "/home/bluesadi/Yasat/Yasat/analyses/backward_slicing/engine_ail.py", line 116, in _expr
    result = handler(expr)
  File "/home/bluesadi/Yasat/Yasat/analyses/backward_slicing/engine_ail.py", line 206, in _ail_handle_ITE
    iftrue = self._expr(expr.iftrue)
  File "/home/bluesadi/Yasat/Yasat/analyses/backward_slicing/engine_ail.py", line 116, in _expr
    result = handler(expr)
  File "/home/bluesadi/virtualenvs/Yasat/lib/python3.8/site-packages/angr/engines/light/engine.py", line 935, in _ail_handle_BinaryOp
    return handler(expr)
  File "/home/bluesadi/Yasat/Yasat/analyses/backward_slicing/engine_ail.py", line 294, in _ail_handle_And
    return self._calc_BinaryOp(expr, lambda v0, v1: v0 & v1)
  File "/home/bluesadi/Yasat/Yasat/analyses/backward_slicing/engine_ail.py", line 237, in _calc_BinaryOp
    op0 = self._expr(expr.operands[0], bits)
  File "/home/bluesadi/Yasat/Yasat/analyses/backward_slicing/engine_ail.py", line 116, in _expr
    result = handler(expr)
  File "/home/bluesadi/Yasat/Yasat/analyses/backward_slicing/engine_ail.py", line 207, in _ail_handle_ITE
    iffalse = self._expr(expr.iffalse)
  File "/home/bluesadi/Yasat/Yasat/analyses/backward_slicing/engine_ail.py", line 116, in _expr
    result = handler(expr)
  File "/home/bluesadi/virtualenvs/Yasat/lib/python3.8/site-packages/angr/engines/light/engine.py", line 935, in _ail_handle_BinaryOp
    return handler(expr)
  File "/home/bluesadi/Yasat/Yasat/analyses/backward_slicing/engine_ail.py", line 306, in _ail_handle_Xor
    return self._calc_BinaryOp(expr, lambda v0, v1: v0 ^ v1)
  File "/home/bluesadi/Yasat/Yasat/analyses/backward_slicing/engine_ail.py", line 242, in _calc_BinaryOp
    values.add(op_func(op0_v, op1_v))
  File "/home/bluesadi/Yasat/Yasat/analyses/backward_slicing/engine_ail.py", line 306, in <lambda>
    return self._calc_BinaryOp(expr, lambda v0, v1: v0 ^ v1)
  File "/home/bluesadi/virtualenvs/Yasat/lib/python3.8/site-packages/claripy/operations.py", line 57, in _op
    simp = _handle_annotations(simplifications.simpleton.simplify(name, fixed_args), args)
  File "/home/bluesadi/virtualenvs/Yasat/lib/python3.8/site-packages/claripy/simplifications.py", line 41, in simplify
    return self._simplifiers[op](*args)
  File "/home/bluesadi/virtualenvs/Yasat/lib/python3.8/site-packages/claripy/simplifications.py", line 608, in bitwise_xor_simplifier
    elif a is b or (a == b).is_true():
  File "/home/bluesadi/virtualenvs/Yasat/lib/python3.8/site-packages/claripy/ast/base.py", line 1294, in __getattr__
    raise AttributeError(a)
AttributeError: is_true

Error occured when handling /home/bluesadi/Yasat/tests_dev/tmp/D-Link/DAP-2610_REVA_FIRMWARE_v1.01RC017.zip/_DAP2610-firmware-v101-rc017.bin.extracted/squashfs-root/sbin/httpd
Error occured when handling statment: 0xa4fc | r2<4> = ((((((((((((r4<4> <= 0x7f<32>)) ? (t9) : (t203)) != 0x0<32>)) ? ((r4<4> + 0x1<32>)) : (r4<4>)) <= 0x7f<32>)) ? (((((0x7f<32> < ((t208) ? ((r4<4> + 0x1<32>)) : (r4<4>)))) ? (0x0<32>) : (((((r0<4> == 0xd<32>)) ? (0x1<32>) : (t221)) ^ 0x1<32>))) & 0x1<32>)) : ((((0x7f<32> < ((((((r4<4> <= 0x7f<32>)) ? (t9) : (t203)) != 0x0<32>)) ? ((r4<4> + 0x1<32>)) : (r4<4>)))) ? (0x0<32>) : (((((r0<4> == 0xd<32>)) ? (0x1<32>) : (0x0<32>)) ^ 0x1<32>))))) != 0x0<32>)) ? (stack_base-40) : (((((((r4<4> <= 0x7f<32>)) ? (t9) : (t203)) != 0x0<32>)) ? (stack_base-40) : (r2<4>))))
Traceback (most recent call last):
  File "/home/bluesadi/Yasat/Yasat/analyses/backward_slicing/engine_ail.py", line 78, in _process_Stmt
    self._handle_Stmt(stmt)
  File "/home/bluesadi/Yasat/Yasat/analyses/backward_slicing/engine_ail.py", line 99, in _handle_Stmt
    handler(stmt)
  File "/home/bluesadi/Yasat/Yasat/analyses/backward_slicing/engine_ail.py", line 138, in _ail_handle_Assignment
    src = self._expr(stmt.src, bits)
  File "/home/bluesadi/Yasat/Yasat/analyses/backward_slicing/engine_ail.py", line 116, in _expr
    result = handler(expr)
  File "/home/bluesadi/Yasat/Yasat/analyses/backward_slicing/engine_ail.py", line 205, in _ail_handle_ITE
    cond = self._expr(expr.cond)
  File "/home/bluesadi/Yasat/Yasat/analyses/backward_slicing/engine_ail.py", line 116, in _expr
    result = handler(expr)
  File "/home/bluesadi/virtualenvs/Yasat/lib/python3.8/site-packages/angr/engines/light/engine.py", line 935, in _ail_handle_BinaryOp
    return handler(expr)
  File "/home/bluesadi/Yasat/Yasat/analyses/backward_slicing/engine_ail.py", line 319, in _ail_handle_Cmp
    op0 = self._expr(expr.operands[0], bits)
  File "/home/bluesadi/Yasat/Yasat/analyses/backward_slicing/engine_ail.py", line 116, in _expr
    result = handler(expr)
  File "/home/bluesadi/Yasat/Yasat/analyses/backward_slicing/engine_ail.py", line 207, in _ail_handle_ITE
    iffalse = self._expr(expr.iffalse)
  File "/home/bluesadi/Yasat/Yasat/analyses/backward_slicing/engine_ail.py", line 116, in _expr
    result = handler(expr)
  File "/home/bluesadi/Yasat/Yasat/analyses/backward_slicing/engine_ail.py", line 207, in _ail_handle_ITE
    iffalse = self._expr(expr.iffalse)
  File "/home/bluesadi/Yasat/Yasat/analyses/backward_slicing/engine_ail.py", line 116, in _expr
    result = handler(expr)
  File "/home/bluesadi/virtualenvs/Yasat/lib/python3.8/site-packages/angr/engines/light/engine.py", line 935, in _ail_handle_BinaryOp
    return handler(expr)
  File "/home/bluesadi/Yasat/Yasat/analyses/backward_slicing/engine_ail.py", line 306, in _ail_handle_Xor
    return self._calc_BinaryOp(expr, lambda v0, v1: v0 ^ v1)
  File "/home/bluesadi/Yasat/Yasat/analyses/backward_slicing/engine_ail.py", line 242, in _calc_BinaryOp
    values.add(op_func(op0_v, op1_v))
  File "/home/bluesadi/Yasat/Yasat/analyses/backward_slicing/engine_ail.py", line 306, in <lambda>
    return self._calc_BinaryOp(expr, lambda v0, v1: v0 ^ v1)
  File "/home/bluesadi/virtualenvs/Yasat/lib/python3.8/site-packages/claripy/operations.py", line 57, in _op
    simp = _handle_annotations(simplifications.simpleton.simplify(name, fixed_args), args)
  File "/home/bluesadi/virtualenvs/Yasat/lib/python3.8/site-packages/claripy/simplifications.py", line 41, in simplify
    return self._simplifiers[op](*args)
  File "/home/bluesadi/virtualenvs/Yasat/lib/python3.8/site-packages/claripy/simplifications.py", line 608, in bitwise_xor_simplifier
    elif a is b or (a == b).is_true():
  File "/home/bluesadi/virtualenvs/Yasat/lib/python3.8/site-packages/claripy/ast/base.py", line 1294, in __getattr__
    raise AttributeError(a)
AttributeError: is_true

Error occured when handling /home/bluesadi/Yasat/tests_dev/tmp/D-Link/DAP-2610_REVA_FIRMWARE_v1.01RC017.zip/_DAP2610-firmware-v101-rc017.bin.extracted/squashfs-root/sbin/httpd
Error occured when handling statment: 0xa508 | r4<4> = ((((((((((((r4<4> <= 0x7f<32>)) ? (t9) : (t203)) != 0x0<32>)) ? ((r4<4> + 0x1<32>)) : (r4<4>)) <= 0x7f<32>)) ? (((((0x7f<32> < ((t208) ? ((r4<4> + 0x1<32>)) : (r4<4>)))) ? (0x0<32>) : (((((r0<4> == 0xd<32>)) ? (0x1<32>) : (t221)) ^ 0x1<32>))) & 0x1<32>)) : ((((0x7f<32> < ((((((r4<4> <= 0x7f<32>)) ? (t9) : (t203)) != 0x0<32>)) ? ((r4<4> + 0x1<32>)) : (r4<4>)))) ? (0x0<32>) : (((((r0<4> == 0xd<32>)) ? (0x1<32>) : (0x0<32>)) ^ 0x1<32>))))) != 0x0<32>)) ? ((((t208) ? ((r4<4> + 0x1<32>)) : (r4<4>)) + 0x1<32>)) : (((((((r4<4> <= 0x7f<32>)) ? (t9) : (t203)) != 0x0<32>)) ? ((r4<4> + 0x1<32>)) : (r4<4>))))
Traceback (most recent call last):
  File "/home/bluesadi/Yasat/Yasat/analyses/backward_slicing/engine_ail.py", line 78, in _process_Stmt
    self._handle_Stmt(stmt)
  File "/home/bluesadi/Yasat/Yasat/analyses/backward_slicing/engine_ail.py", line 99, in _handle_Stmt
    handler(stmt)
  File "/home/bluesadi/Yasat/Yasat/analyses/backward_slicing/engine_ail.py", line 138, in _ail_handle_Assignment
    src = self._expr(stmt.src, bits)
  File "/home/bluesadi/Yasat/Yasat/analyses/backward_slicing/engine_ail.py", line 116, in _expr
    result = handler(expr)
  File "/home/bluesadi/Yasat/Yasat/analyses/backward_slicing/engine_ail.py", line 205, in _ail_handle_ITE
    cond = self._expr(expr.cond)
  File "/home/bluesadi/Yasat/Yasat/analyses/backward_slicing/engine_ail.py", line 116, in _expr
    result = handler(expr)
  File "/home/bluesadi/virtualenvs/Yasat/lib/python3.8/site-packages/angr/engines/light/engine.py", line 935, in _ail_handle_BinaryOp
    return handler(expr)
  File "/home/bluesadi/Yasat/Yasat/analyses/backward_slicing/engine_ail.py", line 319, in _ail_handle_Cmp
    op0 = self._expr(expr.operands[0], bits)
  File "/home/bluesadi/Yasat/Yasat/analyses/backward_slicing/engine_ail.py", line 116, in _expr
    result = handler(expr)
  File "/home/bluesadi/Yasat/Yasat/analyses/backward_slicing/engine_ail.py", line 207, in _ail_handle_ITE
    iffalse = self._expr(expr.iffalse)
  File "/home/bluesadi/Yasat/Yasat/analyses/backward_slicing/engine_ail.py", line 116, in _expr
    result = handler(expr)
  File "/home/bluesadi/Yasat/Yasat/analyses/backward_slicing/engine_ail.py", line 207, in _ail_handle_ITE
    iffalse = self._expr(expr.iffalse)
  File "/home/bluesadi/Yasat/Yasat/analyses/backward_slicing/engine_ail.py", line 116, in _expr
    result = handler(expr)
  File "/home/bluesadi/virtualenvs/Yasat/lib/python3.8/site-packages/angr/engines/light/engine.py", line 935, in _ail_handle_BinaryOp
    return handler(expr)
  File "/home/bluesadi/Yasat/Yasat/analyses/backward_slicing/engine_ail.py", line 306, in _ail_handle_Xor
    return self._calc_BinaryOp(expr, lambda v0, v1: v0 ^ v1)
  File "/home/bluesadi/Yasat/Yasat/analyses/backward_slicing/engine_ail.py", line 242, in _calc_BinaryOp
    values.add(op_func(op0_v, op1_v))
  File "/home/bluesadi/Yasat/Yasat/analyses/backward_slicing/engine_ail.py", line 306, in <lambda>
    return self._calc_BinaryOp(expr, lambda v0, v1: v0 ^ v1)
  File "/home/bluesadi/virtualenvs/Yasat/lib/python3.8/site-packages/claripy/operations.py", line 57, in _op
    simp = _handle_annotations(simplifications.simpleton.simplify(name, fixed_args), args)
  File "/home/bluesadi/virtualenvs/Yasat/lib/python3.8/site-packages/claripy/simplifications.py", line 41, in simplify
    return self._simplifiers[op](*args)
  File "/home/bluesadi/virtualenvs/Yasat/lib/python3.8/site-packages/claripy/simplifications.py", line 608, in bitwise_xor_simplifier
    elif a is b or (a == b).is_true():
  File "/home/bluesadi/virtualenvs/Yasat/lib/python3.8/site-packages/claripy/ast/base.py", line 1294, in __getattr__
    raise AttributeError(a)
AttributeError: is_true

Error occured when handling /home/bluesadi/Yasat/tests_dev/tmp/D-Link/DAP-2610_REVA_FIRMWARE_v1.01RC017.zip/_DAP2610-firmware-v101-rc017.bin.extracted/squashfs-root/sbin/httpd
Error occured when handling statment: 0xa504 | STORE(addr=(((((((((((((r4<4> <= 0x7f<32>)) ? (t9) : (t203)) != 0x0<32>)) ? ((r4<4> + 0x1<32>)) : (r4<4>)) <= 0x7f<32>)) ? (((((0x7f<32> < ((t208) ? ((r4<4> + 0x1<32>)) : (r4<4>)))) ? (0x0<32>) : (((((r0<4> == 0xd<32>)) ? (0x1<32>) : (t221)) ^ 0x1<32>))) & 0x1<32>)) : ((((0x7f<32> < ((((((r4<4> <= 0x7f<32>)) ? (t9) : (t203)) != 0x0<32>)) ? ((r4<4> + 0x1<32>)) : (r4<4>)))) ? (0x0<32>) : (((((r0<4> == 0xd<32>)) ? (0x1<32>) : (0x0<32>)) ^ 0x1<32>))))) != 0x0<32>)) ? ((((((((((t208) ? ((r4<4> + 0x1<32>)) : (r4<4>)) <= 0x7f<32>)) ? (((((0x7f<32> < ((((((r4<4> <= 0x7f<32>)) ? (t9) : (t203)) != 0x0<32>)) ? ((r4<4> + 0x1<32>)) : (r4<4>)))) ? (0x0<32>) : (((((r0<4> == 0xd<32>)) ? (0x1<32>) : (0x0<32>)) ^ 0x1<32>))) & 0x1<32>)) : ((((0x7f<32> < ((t208) ? ((r4<4> + 0x1<32>)) : (r4<4>)))) ? (0x0<32>) : (((((r0<4> == 0xd<32>)) ? (0x1<32>) : (t221)) ^ 0x1<32>))))) != 0x0<32>)) ? (stack_base-40) : (t209)) + ((t208) ? ((r4<4> + 0x1<32>)) : (r4<4>)))) : ((((((t208) ? ((r4<4> + 0x1<32>)) : (r4<4>)) <= 0x7f<32>)) ? (((((0x7f<32> < ((((((r4<4> <= 0x7f<32>)) ? (t9) : (t203)) != 0x0<32>)) ? ((r4<4> + 0x1<32>)) : (r4<4>)))) ? (0x0<32>) : (((((r0<4> == 0xd<32>)) ? (0x1<32>) : (0x0<32>)) ^ 0x1<32>))) & 0x1<32>)) : ((((0x7f<32> < ((((((r4<4> <= 0x7f<32>)) ? (t9) : (t203)) != 0x0<32>)) ? ((r4<4> + 0x1<32>)) : (r4<4>)))) ? (0x0<32>) : (((((r0<4> == 0xd<32>)) ? (0x1<32>) : (0x0<32>)) ^ 0x1<32>))))))) - 0x80<32>), data=Conv(32->8, r0<4>), size=1, endness=Iend_LE, guard=None)
Traceback (most recent call last):
  File "/home/bluesadi/Yasat/Yasat/analyses/backward_slicing/engine_ail.py", line 78, in _process_Stmt
    self._handle_Stmt(stmt)
  File "/home/bluesadi/Yasat/Yasat/analyses/backward_slicing/engine_ail.py", line 99, in _handle_Stmt
    handler(stmt)
  File "/home/bluesadi/Yasat/Yasat/analyses/backward_slicing/engine_ail.py", line 131, in _ail_handle_Store
    addr = self._expr(stmt.addr)
  File "/home/bluesadi/Yasat/Yasat/analyses/backward_slicing/engine_ail.py", line 116, in _expr
    result = handler(expr)
  File "/home/bluesadi/virtualenvs/Yasat/lib/python3.8/site-packages/angr/engines/light/engine.py", line 935, in _ail_handle_BinaryOp
    return handler(expr)
  File "/home/bluesadi/Yasat/Yasat/analyses/backward_slicing/engine_ail.py", line 252, in _ail_handle_Sub
    return self._calc_BinaryOp(expr, lambda v0, v1: v0 - v1)
  File "/home/bluesadi/Yasat/Yasat/analyses/backward_slicing/engine_ail.py", line 237, in _calc_BinaryOp
    op0 = self._expr(expr.operands[0], bits)
  File "/home/bluesadi/Yasat/Yasat/analyses/backward_slicing/engine_ail.py", line 116, in _expr
    result = handler(expr)
  File "/home/bluesadi/Yasat/Yasat/analyses/backward_slicing/engine_ail.py", line 205, in _ail_handle_ITE
    cond = self._expr(expr.cond)
  File "/home/bluesadi/Yasat/Yasat/analyses/backward_slicing/engine_ail.py", line 116, in _expr
    result = handler(expr)
  File "/home/bluesadi/virtualenvs/Yasat/lib/python3.8/site-packages/angr/engines/light/engine.py", line 935, in _ail_handle_BinaryOp
    return handler(expr)
  File "/home/bluesadi/Yasat/Yasat/analyses/backward_slicing/engine_ail.py", line 319, in _ail_handle_Cmp
    op0 = self._expr(expr.operands[0], bits)
  File "/home/bluesadi/Yasat/Yasat/analyses/backward_slicing/engine_ail.py", line 116, in _expr
    result = handler(expr)
  File "/home/bluesadi/Yasat/Yasat/analyses/backward_slicing/engine_ail.py", line 207, in _ail_handle_ITE
    iffalse = self._expr(expr.iffalse)
  File "/home/bluesadi/Yasat/Yasat/analyses/backward_slicing/engine_ail.py", line 116, in _expr
    result = handler(expr)
  File "/home/bluesadi/Yasat/Yasat/analyses/backward_slicing/engine_ail.py", line 207, in _ail_handle_ITE
    iffalse = self._expr(expr.iffalse)
  File "/home/bluesadi/Yasat/Yasat/analyses/backward_slicing/engine_ail.py", line 116, in _expr
    result = handler(expr)
  File "/home/bluesadi/virtualenvs/Yasat/lib/python3.8/site-packages/angr/engines/light/engine.py", line 935, in _ail_handle_BinaryOp
    return handler(expr)
  File "/home/bluesadi/Yasat/Yasat/analyses/backward_slicing/engine_ail.py", line 306, in _ail_handle_Xor
    return self._calc_BinaryOp(expr, lambda v0, v1: v0 ^ v1)
  File "/home/bluesadi/Yasat/Yasat/analyses/backward_slicing/engine_ail.py", line 242, in _calc_BinaryOp
    values.add(op_func(op0_v, op1_v))
  File "/home/bluesadi/Yasat/Yasat/analyses/backward_slicing/engine_ail.py", line 306, in <lambda>
    return self._calc_BinaryOp(expr, lambda v0, v1: v0 ^ v1)
  File "/home/bluesadi/virtualenvs/Yasat/lib/python3.8/site-packages/claripy/operations.py", line 57, in _op
    simp = _handle_annotations(simplifications.simpleton.simplify(name, fixed_args), args)
  File "/home/bluesadi/virtualenvs/Yasat/lib/python3.8/site-packages/claripy/simplifications.py", line 41, in simplify
    return self._simplifiers[op](*args)
  File "/home/bluesadi/virtualenvs/Yasat/lib/python3.8/site-packages/claripy/simplifications.py", line 608, in bitwise_xor_simplifier
    elif a is b or (a == b).is_true():
  File "/home/bluesadi/virtualenvs/Yasat/lib/python3.8/site-packages/claripy/ast/base.py", line 1294, in __getattr__
    raise AttributeError(a)
AttributeError: is_true

Error occured when handling /home/bluesadi/Yasat/tests_dev/tmp/D-Link/DAP-2610_REVA_FIRMWARE_v1.01RC017.zip/_DAP2610-firmware-v101-rc017.bin.extracted/squashfs-root/sbin/httpd
Error occured when handling statment: 0xa504 | t238 = ((((((t208) ? ((r4<4> + 0x1<32>)) : (r4<4>)) <= 0x7f<32>)) ? (((((0x7f<32> < ((((((r4<4> <= 0x7f<32>)) ? (t9) : (t203)) != 0x0<32>)) ? ((r4<4> + 0x1<32>)) : (r4<4>)))) ? (0x0<32>) : (((((r0<4> == 0xd<32>)) ? (0x1<32>) : (0x0<32>)) ^ 0x1<32>))) & 0x1<32>)) : ((((0x7f<32> < ((t208) ? ((r4<4> + 0x1<32>)) : (r4<4>)))) ? (0x0<32>) : (((((r0<4> == 0xd<32>)) ? (0x1<32>) : (t221)) ^ 0x1<32>))))) != 0x0<32>)
Traceback (most recent call last):
  File "/home/bluesadi/Yasat/Yasat/analyses/backward_slicing/engine_ail.py", line 78, in _process_Stmt
    self._handle_Stmt(stmt)
  File "/home/bluesadi/Yasat/Yasat/analyses/backward_slicing/engine_ail.py", line 99, in _handle_Stmt
    handler(stmt)
  File "/home/bluesadi/Yasat/Yasat/analyses/backward_slicing/engine_ail.py", line 138, in _ail_handle_Assignment
    src = self._expr(stmt.src, bits)
  File "/home/bluesadi/Yasat/Yasat/analyses/backward_slicing/engine_ail.py", line 116, in _expr
    result = handler(expr)
  File "/home/bluesadi/virtualenvs/Yasat/lib/python3.8/site-packages/angr/engines/light/engine.py", line 935, in _ail_handle_BinaryOp
    return handler(expr)
  File "/home/bluesadi/Yasat/Yasat/analyses/backward_slicing/engine_ail.py", line 319, in _ail_handle_Cmp
    op0 = self._expr(expr.operands[0], bits)
  File "/home/bluesadi/Yasat/Yasat/analyses/backward_slicing/engine_ail.py", line 116, in _expr
    result = handler(expr)
  File "/home/bluesadi/Yasat/Yasat/analyses/backward_slicing/engine_ail.py", line 206, in _ail_handle_ITE
    iftrue = self._expr(expr.iftrue)
  File "/home/bluesadi/Yasat/Yasat/analyses/backward_slicing/engine_ail.py", line 116, in _expr
    result = handler(expr)
  File "/home/bluesadi/virtualenvs/Yasat/lib/python3.8/site-packages/angr/engines/light/engine.py", line 935, in _ail_handle_BinaryOp
    return handler(expr)
  File "/home/bluesadi/Yasat/Yasat/analyses/backward_slicing/engine_ail.py", line 294, in _ail_handle_And
    return self._calc_BinaryOp(expr, lambda v0, v1: v0 & v1)
  File "/home/bluesadi/Yasat/Yasat/analyses/backward_slicing/engine_ail.py", line 237, in _calc_BinaryOp
    op0 = self._expr(expr.operands[0], bits)
  File "/home/bluesadi/Yasat/Yasat/analyses/backward_slicing/engine_ail.py", line 116, in _expr
    result = handler(expr)
  File "/home/bluesadi/Yasat/Yasat/analyses/backward_slicing/engine_ail.py", line 207, in _ail_handle_ITE
    iffalse = self._expr(expr.iffalse)
  File "/home/bluesadi/Yasat/Yasat/analyses/backward_slicing/engine_ail.py", line 116, in _expr
    result = handler(expr)
  File "/home/bluesadi/virtualenvs/Yasat/lib/python3.8/site-packages/angr/engines/light/engine.py", line 935, in _ail_handle_BinaryOp
    return handler(expr)
  File "/home/bluesadi/Yasat/Yasat/analyses/backward_slicing/engine_ail.py", line 306, in _ail_handle_Xor
    return self._calc_BinaryOp(expr, lambda v0, v1: v0 ^ v1)
  File "/home/bluesadi/Yasat/Yasat/analyses/backward_slicing/engine_ail.py", line 242, in _calc_BinaryOp
    values.add(op_func(op0_v, op1_v))
  File "/home/bluesadi/Yasat/Yasat/analyses/backward_slicing/engine_ail.py", line 306, in <lambda>
    return self._calc_BinaryOp(expr, lambda v0, v1: v0 ^ v1)
  File "/home/bluesadi/virtualenvs/Yasat/lib/python3.8/site-packages/claripy/operations.py", line 57, in _op
    simp = _handle_annotations(simplifications.simpleton.simplify(name, fixed_args), args)
  File "/home/bluesadi/virtualenvs/Yasat/lib/python3.8/site-packages/claripy/simplifications.py", line 41, in simplify
    return self._simplifiers[op](*args)
  File "/home/bluesadi/virtualenvs/Yasat/lib/python3.8/site-packages/claripy/simplifications.py", line 608, in bitwise_xor_simplifier
    elif a is b or (a == b).is_true():
  File "/home/bluesadi/virtualenvs/Yasat/lib/python3.8/site-packages/claripy/ast/base.py", line 1294, in __getattr__
    raise AttributeError(a)
AttributeError: is_true

Error occured when handling /home/bluesadi/Yasat/tests_dev/tmp/D-Link/DAP-2610_REVA_FIRMWARE_v1.01RC017.zip/_DAP2610-firmware-v101-rc017.bin.extracted/squashfs-root/sbin/httpd
Error occured when handling statment: 0xa4fc | r2<4> = ((((((((((((r4<4> <= 0x7f<32>)) ? (t9) : (t203)) != 0x0<32>)) ? ((r4<4> + 0x1<32>)) : (r4<4>)) <= 0x7f<32>)) ? (((((0x7f<32> < ((t208) ? ((r4<4> + 0x1<32>)) : (r4<4>)))) ? (0x0<32>) : (((((r0<4> == 0xd<32>)) ? (0x1<32>) : (t221)) ^ 0x1<32>))) & 0x1<32>)) : ((((0x7f<32> < ((((((r4<4> <= 0x7f<32>)) ? (t9) : (t203)) != 0x0<32>)) ? ((r4<4> + 0x1<32>)) : (r4<4>)))) ? (0x0<32>) : (((((r0<4> == 0xd<32>)) ? (0x1<32>) : (0x0<32>)) ^ 0x1<32>))))) != 0x0<32>)) ? (stack_base-40) : (((((((r4<4> <= 0x7f<32>)) ? (t9) : (t203)) != 0x0<32>)) ? (stack_base-40) : (r2<4>))))
Traceback (most recent call last):
  File "/home/bluesadi/Yasat/Yasat/analyses/backward_slicing/engine_ail.py", line 78, in _process_Stmt
    self._handle_Stmt(stmt)
  File "/home/bluesadi/Yasat/Yasat/analyses/backward_slicing/engine_ail.py", line 99, in _handle_Stmt
    handler(stmt)
  File "/home/bluesadi/Yasat/Yasat/analyses/backward_slicing/engine_ail.py", line 138, in _ail_handle_Assignment
    src = self._expr(stmt.src, bits)
  File "/home/bluesadi/Yasat/Yasat/analyses/backward_slicing/engine_ail.py", line 116, in _expr
    result = handler(expr)
  File "/home/bluesadi/Yasat/Yasat/analyses/backward_slicing/engine_ail.py", line 205, in _ail_handle_ITE
    cond = self._expr(expr.cond)
  File "/home/bluesadi/Yasat/Yasat/analyses/backward_slicing/engine_ail.py", line 116, in _expr
    result = handler(expr)
  File "/home/bluesadi/virtualenvs/Yasat/lib/python3.8/site-packages/angr/engines/light/engine.py", line 935, in _ail_handle_BinaryOp
    return handler(expr)
  File "/home/bluesadi/Yasat/Yasat/analyses/backward_slicing/engine_ail.py", line 319, in _ail_handle_Cmp
    op0 = self._expr(expr.operands[0], bits)
  File "/home/bluesadi/Yasat/Yasat/analyses/backward_slicing/engine_ail.py", line 116, in _expr
    result = handler(expr)
  File "/home/bluesadi/Yasat/Yasat/analyses/backward_slicing/engine_ail.py", line 207, in _ail_handle_ITE
    iffalse = self._expr(expr.iffalse)
  File "/home/bluesadi/Yasat/Yasat/analyses/backward_slicing/engine_ail.py", line 116, in _expr
    result = handler(expr)
  File "/home/bluesadi/Yasat/Yasat/analyses/backward_slicing/engine_ail.py", line 207, in _ail_handle_ITE
    iffalse = self._expr(expr.iffalse)
  File "/home/bluesadi/Yasat/Yasat/analyses/backward_slicing/engine_ail.py", line 116, in _expr
    result = handler(expr)
  File "/home/bluesadi/virtualenvs/Yasat/lib/python3.8/site-packages/angr/engines/light/engine.py", line 935, in _ail_handle_BinaryOp
    return handler(expr)
  File "/home/bluesadi/Yasat/Yasat/analyses/backward_slicing/engine_ail.py", line 306, in _ail_handle_Xor
    return self._calc_BinaryOp(expr, lambda v0, v1: v0 ^ v1)
  File "/home/bluesadi/Yasat/Yasat/analyses/backward_slicing/engine_ail.py", line 242, in _calc_BinaryOp
    values.add(op_func(op0_v, op1_v))
  File "/home/bluesadi/Yasat/Yasat/analyses/backward_slicing/engine_ail.py", line 306, in <lambda>
    return self._calc_BinaryOp(expr, lambda v0, v1: v0 ^ v1)
  File "/home/bluesadi/virtualenvs/Yasat/lib/python3.8/site-packages/claripy/operations.py", line 57, in _op
    simp = _handle_annotations(simplifications.simpleton.simplify(name, fixed_args), args)
  File "/home/bluesadi/virtualenvs/Yasat/lib/python3.8/site-packages/claripy/simplifications.py", line 41, in simplify
    return self._simplifiers[op](*args)
  File "/home/bluesadi/virtualenvs/Yasat/lib/python3.8/site-packages/claripy/simplifications.py", line 608, in bitwise_xor_simplifier
    elif a is b or (a == b).is_true():
  File "/home/bluesadi/virtualenvs/Yasat/lib/python3.8/site-packages/claripy/ast/base.py", line 1294, in __getattr__
    raise AttributeError(a)
AttributeError: is_true

Error occured when handling /home/bluesadi/Yasat/tests_dev/tmp/D-Link/DAP-2610_REVA_FIRMWARE_v1.01RC017.zip/_DAP2610-firmware-v101-rc017.bin.extracted/squashfs-root/sbin/httpd
Error occured when handling statment: 0xa508 | r4<4> = ((((((((((((r4<4> <= 0x7f<32>)) ? (t9) : (t203)) != 0x0<32>)) ? ((r4<4> + 0x1<32>)) : (r4<4>)) <= 0x7f<32>)) ? (((((0x7f<32> < ((t208) ? ((r4<4> + 0x1<32>)) : (r4<4>)))) ? (0x0<32>) : (((((r0<4> == 0xd<32>)) ? (0x1<32>) : (t221)) ^ 0x1<32>))) & 0x1<32>)) : ((((0x7f<32> < ((((((r4<4> <= 0x7f<32>)) ? (t9) : (t203)) != 0x0<32>)) ? ((r4<4> + 0x1<32>)) : (r4<4>)))) ? (0x0<32>) : (((((r0<4> == 0xd<32>)) ? (0x1<32>) : (0x0<32>)) ^ 0x1<32>))))) != 0x0<32>)) ? ((((t208) ? ((r4<4> + 0x1<32>)) : (r4<4>)) + 0x1<32>)) : (((((((r4<4> <= 0x7f<32>)) ? (t9) : (t203)) != 0x0<32>)) ? ((r4<4> + 0x1<32>)) : (r4<4>))))
Traceback (most recent call last):
  File "/home/bluesadi/Yasat/Yasat/analyses/backward_slicing/engine_ail.py", line 78, in _process_Stmt
    self._handle_Stmt(stmt)
  File "/home/bluesadi/Yasat/Yasat/analyses/backward_slicing/engine_ail.py", line 99, in _handle_Stmt
    handler(stmt)
  File "/home/bluesadi/Yasat/Yasat/analyses/backward_slicing/engine_ail.py", line 138, in _ail_handle_Assignment
    src = self._expr(stmt.src, bits)
  File "/home/bluesadi/Yasat/Yasat/analyses/backward_slicing/engine_ail.py", line 116, in _expr
    result = handler(expr)
  File "/home/bluesadi/Yasat/Yasat/analyses/backward_slicing/engine_ail.py", line 205, in _ail_handle_ITE
    cond = self._expr(expr.cond)
  File "/home/bluesadi/Yasat/Yasat/analyses/backward_slicing/engine_ail.py", line 116, in _expr
    result = handler(expr)
  File "/home/bluesadi/virtualenvs/Yasat/lib/python3.8/site-packages/angr/engines/light/engine.py", line 935, in _ail_handle_BinaryOp
    return handler(expr)
  File "/home/bluesadi/Yasat/Yasat/analyses/backward_slicing/engine_ail.py", line 319, in _ail_handle_Cmp
    op0 = self._expr(expr.operands[0], bits)
  File "/home/bluesadi/Yasat/Yasat/analyses/backward_slicing/engine_ail.py", line 116, in _expr
    result = handler(expr)
  File "/home/bluesadi/Yasat/Yasat/analyses/backward_slicing/engine_ail.py", line 207, in _ail_handle_ITE
    iffalse = self._expr(expr.iffalse)
  File "/home/bluesadi/Yasat/Yasat/analyses/backward_slicing/engine_ail.py", line 116, in _expr
    result = handler(expr)
  File "/home/bluesadi/Yasat/Yasat/analyses/backward_slicing/engine_ail.py", line 207, in _ail_handle_ITE
    iffalse = self._expr(expr.iffalse)
  File "/home/bluesadi/Yasat/Yasat/analyses/backward_slicing/engine_ail.py", line 116, in _expr
    result = handler(expr)
  File "/home/bluesadi/virtualenvs/Yasat/lib/python3.8/site-packages/angr/engines/light/engine.py", line 935, in _ail_handle_BinaryOp
    return handler(expr)
  File "/home/bluesadi/Yasat/Yasat/analyses/backward_slicing/engine_ail.py", line 306, in _ail_handle_Xor
    return self._calc_BinaryOp(expr, lambda v0, v1: v0 ^ v1)
  File "/home/bluesadi/Yasat/Yasat/analyses/backward_slicing/engine_ail.py", line 242, in _calc_BinaryOp
    values.add(op_func(op0_v, op1_v))
  File "/home/bluesadi/Yasat/Yasat/analyses/backward_slicing/engine_ail.py", line 306, in <lambda>
    return self._calc_BinaryOp(expr, lambda v0, v1: v0 ^ v1)
  File "/home/bluesadi/virtualenvs/Yasat/lib/python3.8/site-packages/claripy/operations.py", line 57, in _op
    simp = _handle_annotations(simplifications.simpleton.simplify(name, fixed_args), args)
  File "/home/bluesadi/virtualenvs/Yasat/lib/python3.8/site-packages/claripy/simplifications.py", line 41, in simplify
    return self._simplifiers[op](*args)
  File "/home/bluesadi/virtualenvs/Yasat/lib/python3.8/site-packages/claripy/simplifications.py", line 608, in bitwise_xor_simplifier
    elif a is b or (a == b).is_true():
  File "/home/bluesadi/virtualenvs/Yasat/lib/python3.8/site-packages/claripy/ast/base.py", line 1294, in __getattr__
    raise AttributeError(a)
AttributeError: is_true

Error occured when handling /home/bluesadi/Yasat/tests_dev/tmp/D-Link/DAP-2610_REVA_FIRMWARE_v1.01RC017.zip/_DAP2610-firmware-v101-rc017.bin.extracted/squashfs-root/sbin/httpd
Error occured when handling statment: 0xa504 | STORE(addr=(((((((((((((r4<4> <= 0x7f<32>)) ? (t9) : (t203)) != 0x0<32>)) ? ((r4<4> + 0x1<32>)) : (r4<4>)) <= 0x7f<32>)) ? (((((0x7f<32> < ((t208) ? ((r4<4> + 0x1<32>)) : (r4<4>)))) ? (0x0<32>) : (((((r0<4> == 0xd<32>)) ? (0x1<32>) : (t221)) ^ 0x1<32>))) & 0x1<32>)) : ((((0x7f<32> < ((((((r4<4> <= 0x7f<32>)) ? (t9) : (t203)) != 0x0<32>)) ? ((r4<4> + 0x1<32>)) : (r4<4>)))) ? (0x0<32>) : (((((r0<4> == 0xd<32>)) ? (0x1<32>) : (0x0<32>)) ^ 0x1<32>))))) != 0x0<32>)) ? ((((((((((t208) ? ((r4<4> + 0x1<32>)) : (r4<4>)) <= 0x7f<32>)) ? (((((0x7f<32> < ((((((r4<4> <= 0x7f<32>)) ? (t9) : (t203)) != 0x0<32>)) ? ((r4<4> + 0x1<32>)) : (r4<4>)))) ? (0x0<32>) : (((((r0<4> == 0xd<32>)) ? (0x1<32>) : (0x0<32>)) ^ 0x1<32>))) & 0x1<32>)) : ((((0x7f<32> < ((t208) ? ((r4<4> + 0x1<32>)) : (r4<4>)))) ? (0x0<32>) : (((((r0<4> == 0xd<32>)) ? (0x1<32>) : (t221)) ^ 0x1<32>))))) != 0x0<32>)) ? (stack_base-40) : (t209)) + ((t208) ? ((r4<4> + 0x1<32>)) : (r4<4>)))) : ((((((t208) ? ((r4<4> + 0x1<32>)) : (r4<4>)) <= 0x7f<32>)) ? (((((0x7f<32> < ((((((r4<4> <= 0x7f<32>)) ? (t9) : (t203)) != 0x0<32>)) ? ((r4<4> + 0x1<32>)) : (r4<4>)))) ? (0x0<32>) : (((((r0<4> == 0xd<32>)) ? (0x1<32>) : (0x0<32>)) ^ 0x1<32>))) & 0x1<32>)) : ((((0x7f<32> < ((((((r4<4> <= 0x7f<32>)) ? (t9) : (t203)) != 0x0<32>)) ? ((r4<4> + 0x1<32>)) : (r4<4>)))) ? (0x0<32>) : (((((r0<4> == 0xd<32>)) ? (0x1<32>) : (0x0<32>)) ^ 0x1<32>))))))) - 0x80<32>), data=Conv(32->8, r0<4>), size=1, endness=Iend_LE, guard=None)
Traceback (most recent call last):
  File "/home/bluesadi/Yasat/Yasat/analyses/backward_slicing/engine_ail.py", line 78, in _process_Stmt
    self._handle_Stmt(stmt)
  File "/home/bluesadi/Yasat/Yasat/analyses/backward_slicing/engine_ail.py", line 99, in _handle_Stmt
    handler(stmt)
  File "/home/bluesadi/Yasat/Yasat/analyses/backward_slicing/engine_ail.py", line 131, in _ail_handle_Store
    addr = self._expr(stmt.addr)
  File "/home/bluesadi/Yasat/Yasat/analyses/backward_slicing/engine_ail.py", line 116, in _expr
    result = handler(expr)
  File "/home/bluesadi/virtualenvs/Yasat/lib/python3.8/site-packages/angr/engines/light/engine.py", line 935, in _ail_handle_BinaryOp
    return handler(expr)
  File "/home/bluesadi/Yasat/Yasat/analyses/backward_slicing/engine_ail.py", line 252, in _ail_handle_Sub
    return self._calc_BinaryOp(expr, lambda v0, v1: v0 - v1)
  File "/home/bluesadi/Yasat/Yasat/analyses/backward_slicing/engine_ail.py", line 237, in _calc_BinaryOp
    op0 = self._expr(expr.operands[0], bits)
  File "/home/bluesadi/Yasat/Yasat/analyses/backward_slicing/engine_ail.py", line 116, in _expr
    result = handler(expr)
  File "/home/bluesadi/Yasat/Yasat/analyses/backward_slicing/engine_ail.py", line 205, in _ail_handle_ITE
    cond = self._expr(expr.cond)
  File "/home/bluesadi/Yasat/Yasat/analyses/backward_slicing/engine_ail.py", line 116, in _expr
    result = handler(expr)
  File "/home/bluesadi/virtualenvs/Yasat/lib/python3.8/site-packages/angr/engines/light/engine.py", line 935, in _ail_handle_BinaryOp
    return handler(expr)
  File "/home/bluesadi/Yasat/Yasat/analyses/backward_slicing/engine_ail.py", line 319, in _ail_handle_Cmp
    op0 = self._expr(expr.operands[0], bits)
  File "/home/bluesadi/Yasat/Yasat/analyses/backward_slicing/engine_ail.py", line 116, in _expr
    result = handler(expr)
  File "/home/bluesadi/Yasat/Yasat/analyses/backward_slicing/engine_ail.py", line 207, in _ail_handle_ITE
    iffalse = self._expr(expr.iffalse)
  File "/home/bluesadi/Yasat/Yasat/analyses/backward_slicing/engine_ail.py", line 116, in _expr
    result = handler(expr)
  File "/home/bluesadi/Yasat/Yasat/analyses/backward_slicing/engine_ail.py", line 207, in _ail_handle_ITE
    iffalse = self._expr(expr.iffalse)
  File "/home/bluesadi/Yasat/Yasat/analyses/backward_slicing/engine_ail.py", line 116, in _expr
    result = handler(expr)
  File "/home/bluesadi/virtualenvs/Yasat/lib/python3.8/site-packages/angr/engines/light/engine.py", line 935, in _ail_handle_BinaryOp
    return handler(expr)
  File "/home/bluesadi/Yasat/Yasat/analyses/backward_slicing/engine_ail.py", line 306, in _ail_handle_Xor
    return self._calc_BinaryOp(expr, lambda v0, v1: v0 ^ v1)
  File "/home/bluesadi/Yasat/Yasat/analyses/backward_slicing/engine_ail.py", line 242, in _calc_BinaryOp
    values.add(op_func(op0_v, op1_v))
  File "/home/bluesadi/Yasat/Yasat/analyses/backward_slicing/engine_ail.py", line 306, in <lambda>
    return self._calc_BinaryOp(expr, lambda v0, v1: v0 ^ v1)
  File "/home/bluesadi/virtualenvs/Yasat/lib/python3.8/site-packages/claripy/operations.py", line 57, in _op
    simp = _handle_annotations(simplifications.simpleton.simplify(name, fixed_args), args)
  File "/home/bluesadi/virtualenvs/Yasat/lib/python3.8/site-packages/claripy/simplifications.py", line 41, in simplify
    return self._simplifiers[op](*args)
  File "/home/bluesadi/virtualenvs/Yasat/lib/python3.8/site-packages/claripy/simplifications.py", line 608, in bitwise_xor_simplifier
    elif a is b or (a == b).is_true():
  File "/home/bluesadi/virtualenvs/Yasat/lib/python3.8/site-packages/claripy/ast/base.py", line 1294, in __getattr__
    raise AttributeError(a)
AttributeError: is_true

Error occured when handling /home/bluesadi/Yasat/tests_dev/tmp/D-Link/DAP-2610_REVA_FIRMWARE_v1.01RC017.zip/_DAP2610-firmware-v101-rc017.bin.extracted/squashfs-root/sbin/httpd
Error occured when handling statment: 0xa504 | t238 = ((((((t208) ? ((r4<4> + 0x1<32>)) : (r4<4>)) <= 0x7f<32>)) ? (((((0x7f<32> < ((((((r4<4> <= 0x7f<32>)) ? (t9) : (t203)) != 0x0<32>)) ? ((r4<4> + 0x1<32>)) : (r4<4>)))) ? (0x0<32>) : (((((r0<4> == 0xd<32>)) ? (0x1<32>) : (0x0<32>)) ^ 0x1<32>))) & 0x1<32>)) : ((((0x7f<32> < ((t208) ? ((r4<4> + 0x1<32>)) : (r4<4>)))) ? (0x0<32>) : (((((r0<4> == 0xd<32>)) ? (0x1<32>) : (t221)) ^ 0x1<32>))))) != 0x0<32>)
Traceback (most recent call last):
  File "/home/bluesadi/Yasat/Yasat/analyses/backward_slicing/engine_ail.py", line 78, in _process_Stmt
    self._handle_Stmt(stmt)
  File "/home/bluesadi/Yasat/Yasat/analyses/backward_slicing/engine_ail.py", line 99, in _handle_Stmt
    handler(stmt)
  File "/home/bluesadi/Yasat/Yasat/analyses/backward_slicing/engine_ail.py", line 138, in _ail_handle_Assignment
    src = self._expr(stmt.src, bits)
  File "/home/bluesadi/Yasat/Yasat/analyses/backward_slicing/engine_ail.py", line 116, in _expr
    result = handler(expr)
  File "/home/bluesadi/virtualenvs/Yasat/lib/python3.8/site-packages/angr/engines/light/engine.py", line 935, in _ail_handle_BinaryOp
    return handler(expr)
  File "/home/bluesadi/Yasat/Yasat/analyses/backward_slicing/engine_ail.py", line 319, in _ail_handle_Cmp
    op0 = self._expr(expr.operands[0], bits)
  File "/home/bluesadi/Yasat/Yasat/analyses/backward_slicing/engine_ail.py", line 116, in _expr
    result = handler(expr)
  File "/home/bluesadi/Yasat/Yasat/analyses/backward_slicing/engine_ail.py", line 206, in _ail_handle_ITE
    iftrue = self._expr(expr.iftrue)
  File "/home/bluesadi/Yasat/Yasat/analyses/backward_slicing/engine_ail.py", line 116, in _expr
    result = handler(expr)
  File "/home/bluesadi/virtualenvs/Yasat/lib/python3.8/site-packages/angr/engines/light/engine.py", line 935, in _ail_handle_BinaryOp
    return handler(expr)
  File "/home/bluesadi/Yasat/Yasat/analyses/backward_slicing/engine_ail.py", line 294, in _ail_handle_And
    return self._calc_BinaryOp(expr, lambda v0, v1: v0 & v1)
  File "/home/bluesadi/Yasat/Yasat/analyses/backward_slicing/engine_ail.py", line 237, in _calc_BinaryOp
    op0 = self._expr(expr.operands[0], bits)
  File "/home/bluesadi/Yasat/Yasat/analyses/backward_slicing/engine_ail.py", line 116, in _expr
    result = handler(expr)
  File "/home/bluesadi/Yasat/Yasat/analyses/backward_slicing/engine_ail.py", line 207, in _ail_handle_ITE
    iffalse = self._expr(expr.iffalse)
  File "/home/bluesadi/Yasat/Yasat/analyses/backward_slicing/engine_ail.py", line 116, in _expr
    result = handler(expr)
  File "/home/bluesadi/virtualenvs/Yasat/lib/python3.8/site-packages/angr/engines/light/engine.py", line 935, in _ail_handle_BinaryOp
    return handler(expr)
  File "/home/bluesadi/Yasat/Yasat/analyses/backward_slicing/engine_ail.py", line 306, in _ail_handle_Xor
    return self._calc_BinaryOp(expr, lambda v0, v1: v0 ^ v1)
  File "/home/bluesadi/Yasat/Yasat/analyses/backward_slicing/engine_ail.py", line 242, in _calc_BinaryOp
    values.add(op_func(op0_v, op1_v))
  File "/home/bluesadi/Yasat/Yasat/analyses/backward_slicing/engine_ail.py", line 306, in <lambda>
    return self._calc_BinaryOp(expr, lambda v0, v1: v0 ^ v1)
  File "/home/bluesadi/virtualenvs/Yasat/lib/python3.8/site-packages/claripy/operations.py", line 57, in _op
    simp = _handle_annotations(simplifications.simpleton.simplify(name, fixed_args), args)
  File "/home/bluesadi/virtualenvs/Yasat/lib/python3.8/site-packages/claripy/simplifications.py", line 41, in simplify
    return self._simplifiers[op](*args)
  File "/home/bluesadi/virtualenvs/Yasat/lib/python3.8/site-packages/claripy/simplifications.py", line 608, in bitwise_xor_simplifier
    elif a is b or (a == b).is_true():
  File "/home/bluesadi/virtualenvs/Yasat/lib/python3.8/site-packages/claripy/ast/base.py", line 1294, in __getattr__
    raise AttributeError(a)
AttributeError: is_true

Error occured when handling /home/bluesadi/Yasat/tests_dev/tmp/D-Link/DAP-2610_REVA_FIRMWARE_v1.01RC017.zip/_DAP2610-firmware-v101-rc017.bin.extracted/squashfs-root/sbin/httpd
Error occured when handling statment: 0xa4fc | r2<4> = ((((((((((((r4<4> <= 0x7f<32>)) ? (t9) : (t203)) != 0x0<32>)) ? ((r4<4> + 0x1<32>)) : (r4<4>)) <= 0x7f<32>)) ? (((((0x7f<32> < ((t208) ? ((r4<4> + 0x1<32>)) : (r4<4>)))) ? (0x0<32>) : (((((r0<4> == 0xd<32>)) ? (0x1<32>) : (t221)) ^ 0x1<32>))) & 0x1<32>)) : ((((0x7f<32> < ((((((r4<4> <= 0x7f<32>)) ? (t9) : (t203)) != 0x0<32>)) ? ((r4<4> + 0x1<32>)) : (r4<4>)))) ? (0x0<32>) : (((((r0<4> == 0xd<32>)) ? (0x1<32>) : (0x0<32>)) ^ 0x1<32>))))) != 0x0<32>)) ? (stack_base-40) : (((((((r4<4> <= 0x7f<32>)) ? (t9) : (t203)) != 0x0<32>)) ? (stack_base-40) : (r2<4>))))
Traceback (most recent call last):
  File "/home/bluesadi/Yasat/Yasat/analyses/backward_slicing/engine_ail.py", line 78, in _process_Stmt
    self._handle_Stmt(stmt)
  File "/home/bluesadi/Yasat/Yasat/analyses/backward_slicing/engine_ail.py", line 99, in _handle_Stmt
    handler(stmt)
  File "/home/bluesadi/Yasat/Yasat/analyses/backward_slicing/engine_ail.py", line 138, in _ail_handle_Assignment
    src = self._expr(stmt.src, bits)
  File "/home/bluesadi/Yasat/Yasat/analyses/backward_slicing/engine_ail.py", line 116, in _expr
    result = handler(expr)
  File "/home/bluesadi/Yasat/Yasat/analyses/backward_slicing/engine_ail.py", line 205, in _ail_handle_ITE
    cond = self._expr(expr.cond)
  File "/home/bluesadi/Yasat/Yasat/analyses/backward_slicing/engine_ail.py", line 116, in _expr
    result = handler(expr)
  File "/home/bluesadi/virtualenvs/Yasat/lib/python3.8/site-packages/angr/engines/light/engine.py", line 935, in _ail_handle_BinaryOp
    return handler(expr)
  File "/home/bluesadi/Yasat/Yasat/analyses/backward_slicing/engine_ail.py", line 319, in _ail_handle_Cmp
    op0 = self._expr(expr.operands[0], bits)
  File "/home/bluesadi/Yasat/Yasat/analyses/backward_slicing/engine_ail.py", line 116, in _expr
    result = handler(expr)
  File "/home/bluesadi/Yasat/Yasat/analyses/backward_slicing/engine_ail.py", line 207, in _ail_handle_ITE
    iffalse = self._expr(expr.iffalse)
  File "/home/bluesadi/Yasat/Yasat/analyses/backward_slicing/engine_ail.py", line 116, in _expr
    result = handler(expr)
  File "/home/bluesadi/Yasat/Yasat/analyses/backward_slicing/engine_ail.py", line 207, in _ail_handle_ITE
    iffalse = self._expr(expr.iffalse)
  File "/home/bluesadi/Yasat/Yasat/analyses/backward_slicing/engine_ail.py", line 116, in _expr
    result = handler(expr)
  File "/home/bluesadi/virtualenvs/Yasat/lib/python3.8/site-packages/angr/engines/light/engine.py", line 935, in _ail_handle_BinaryOp
    return handler(expr)
  File "/home/bluesadi/Yasat/Yasat/analyses/backward_slicing/engine_ail.py", line 306, in _ail_handle_Xor
    return self._calc_BinaryOp(expr, lambda v0, v1: v0 ^ v1)
  File "/home/bluesadi/Yasat/Yasat/analyses/backward_slicing/engine_ail.py", line 242, in _calc_BinaryOp
    values.add(op_func(op0_v, op1_v))
  File "/home/bluesadi/Yasat/Yasat/analyses/backward_slicing/engine_ail.py", line 306, in <lambda>
    return self._calc_BinaryOp(expr, lambda v0, v1: v0 ^ v1)
  File "/home/bluesadi/virtualenvs/Yasat/lib/python3.8/site-packages/claripy/operations.py", line 57, in _op
    simp = _handle_annotations(simplifications.simpleton.simplify(name, fixed_args), args)
  File "/home/bluesadi/virtualenvs/Yasat/lib/python3.8/site-packages/claripy/simplifications.py", line 41, in simplify
    return self._simplifiers[op](*args)
  File "/home/bluesadi/virtualenvs/Yasat/lib/python3.8/site-packages/claripy/simplifications.py", line 608, in bitwise_xor_simplifier
    elif a is b or (a == b).is_true():
  File "/home/bluesadi/virtualenvs/Yasat/lib/python3.8/site-packages/claripy/ast/base.py", line 1294, in __getattr__
    raise AttributeError(a)
AttributeError: is_true

Error occured when preprocessing /home/bluesadi/Yasat/tests_dev/tmp/D-Link/DNR-326_FIRMWARE_1.20.ZIP/_DNR326_FW_120b02.bin.extracted/squashfs-root/bin/ftp
Traceback (most recent call last):
  File "/home/bluesadi/Yasat/Yasat/main.py", line 122, in _start
    syms = subprocess.check_output(["nm", "-D", path]).decode().split("\n")
  File "/usr/lib/python3.8/subprocess.py", line 415, in check_output
    return run(*popenargs, stdout=PIPE, timeout=timeout, check=True,
  File "/usr/lib/python3.8/subprocess.py", line 516, in run
    raise CalledProcessError(retcode, process.args,
subprocess.CalledProcessError: Command '['nm', '-D', '/home/bluesadi/Yasat/tests_dev/tmp/D-Link/DNR-326_FIRMWARE_1.20.ZIP/_DNR326_FW_120b02.bin.extracted/squashfs-root/bin/ftp']' returned non-zero exit status 1.

Traceback (most recent call last):
  File "/home/bluesadi/Yasat/Yasat/main.py", line 66, in start
    return self._start()
  File "/home/bluesadi/Yasat/Yasat/main.py", line 86, in _start
    binary_paths = Extractor().extract(self.config.input_path, self.config.tmp_dir)
  File "/home/bluesadi/Yasat/Yasat/utils/extractor.py", line 82, in extract
    decompress_func = getattr(self, f"_decompress_{origin_type.extension}")
AttributeError: 'Extractor' object has no attribute '_decompress_tar'

Error occured when handling /home/bluesadi/Yasat/tests_dev/tmp/Linksys/FW_EA6200_1.1.41.188556_prod.img/_FW_EA6200_1.1.41.188556_prod.img.extracted/squashfs-root/usr/local/sbin/vsftpd
Error occured when handling statment: 0x17438 | Call(0x1ba8c<32>, <SimCCARM>: [Call (target: 0x17198<32>, prototype: () -> int (32 bits), args: None), 0x15180<32>], ret: r0<4>, fp_ret: no-fp-ret-value)
Traceback (most recent call last):
  File "/home/bluesadi/Yasat/Yasat/analyses/backward_slicing/engine_ail.py", line 78, in _process_Stmt
    self._handle_Stmt(stmt)
  File "/home/bluesadi/Yasat/Yasat/analyses/backward_slicing/engine_ail.py", line 99, in _handle_Stmt
    handler(stmt)
  File "/home/bluesadi/Yasat/Yasat/analyses/backward_slicing/engine_ail.py", line 128, in _ail_handle_Call
    self._ail_handle_CallExpr(stmt)
  File "/home/bluesadi/Yasat/Yasat/analyses/backward_slicing/engine_ail.py", line 166, in _ail_handle_CallExpr
    ret_expr = handler.handle(func, args)
  File "/home/bluesadi/Yasat/Yasat/analyses/backward_slicing/function_handler/function_handler.py", line 27, in handle
    return self.handle_local_function(func, args)
  File "/home/bluesadi/Yasat/Yasat/analyses/backward_slicing/function_handler/interprocedural_function_handler.py", line 14, in handle_local_function
    bs = func.project.analyses.BackwardSlicing(
  File "/home/bluesadi/virtualenvs/Yasat/lib/python3.8/site-packages/angr/analyses/analysis.py", line 144, in __call__
    r = w(*args, **kwargs)
  File "/home/bluesadi/virtualenvs/Yasat/lib/python3.8/site-packages/angr/analyses/analysis.py", line 129, in wrapper
    oself.__init__(*args, **kwargs)
  File "/home/bluesadi/Yasat/Yasat/analyses/backward_slicing/backward_slicing.py", line 121, in __init__
    self._remove_unreachable_blocks()
  File "/home/bluesadi/Yasat/Yasat/analyses/backward_slicing/backward_slicing.py", line 161, in _remove_unreachable_blocks
    succ = self._blocks_by_addr[stmt.false_target.value]
KeyError: 113300

Error occured when handling /home/bluesadi/Yasat/tests_dev/tmp/Linksys/FW_EA6200_1.1.41.188556_prod.img/_FW_EA6200_1.1.41.188556_prod.img.extracted/squashfs-root/usr/local/sbin/vsftpd
Error occured when handling statment: 0x17438 | Call(0x1ba8c<32>, <SimCCARM>: [Call (target: 0x17198<32>, prototype: () -> int (32 bits), args: None), 0x15180<32>], ret: r0<4>, fp_ret: no-fp-ret-value)
Traceback (most recent call last):
  File "/home/bluesadi/Yasat/Yasat/analyses/backward_slicing/engine_ail.py", line 78, in _process_Stmt
    self._handle_Stmt(stmt)
  File "/home/bluesadi/Yasat/Yasat/analyses/backward_slicing/engine_ail.py", line 99, in _handle_Stmt
    handler(stmt)
  File "/home/bluesadi/Yasat/Yasat/analyses/backward_slicing/engine_ail.py", line 128, in _ail_handle_Call
    self._ail_handle_CallExpr(stmt)
  File "/home/bluesadi/Yasat/Yasat/analyses/backward_slicing/engine_ail.py", line 166, in _ail_handle_CallExpr
    ret_expr = handler.handle(func, args)
  File "/home/bluesadi/Yasat/Yasat/analyses/backward_slicing/function_handler/function_handler.py", line 27, in handle
    return self.handle_local_function(func, args)
  File "/home/bluesadi/Yasat/Yasat/analyses/backward_slicing/function_handler/interprocedural_function_handler.py", line 14, in handle_local_function
    bs = func.project.analyses.BackwardSlicing(
  File "/home/bluesadi/virtualenvs/Yasat/lib/python3.8/site-packages/angr/analyses/analysis.py", line 144, in __call__
    r = w(*args, **kwargs)
  File "/home/bluesadi/virtualenvs/Yasat/lib/python3.8/site-packages/angr/analyses/analysis.py", line 129, in wrapper
    oself.__init__(*args, **kwargs)
  File "/home/bluesadi/Yasat/Yasat/analyses/backward_slicing/backward_slicing.py", line 121, in __init__
    self._remove_unreachable_blocks()
  File "/home/bluesadi/Yasat/Yasat/analyses/backward_slicing/backward_slicing.py", line 161, in _remove_unreachable_blocks
    succ = self._blocks_by_addr[stmt.false_target.value]
KeyError: 113300

Error occured when handling /home/bluesadi/Yasat/tests_dev/tmp/Linksys/FW_EA6700_1.1.40.176451_prod.img/_FW_EA6700_1.1.40.176451_prod.img.extracted/squashfs-root/usr/local/sbin/vsftpd
Error occured when handling statment: 0x17438 | Call(0x1ba8c<32>, <SimCCARM>: [Call (target: 0x17198<32>, prototype: () -> int (32 bits), args: None), 0x15180<32>], ret: r0<4>, fp_ret: no-fp-ret-value)
Traceback (most recent call last):
  File "/home/bluesadi/Yasat/Yasat/analyses/backward_slicing/engine_ail.py", line 78, in _process_Stmt
    self._handle_Stmt(stmt)
  File "/home/bluesadi/Yasat/Yasat/analyses/backward_slicing/engine_ail.py", line 99, in _handle_Stmt
    handler(stmt)
  File "/home/bluesadi/Yasat/Yasat/analyses/backward_slicing/engine_ail.py", line 128, in _ail_handle_Call
    self._ail_handle_CallExpr(stmt)
  File "/home/bluesadi/Yasat/Yasat/analyses/backward_slicing/engine_ail.py", line 166, in _ail_handle_CallExpr
    ret_expr = handler.handle(func, args)
  File "/home/bluesadi/Yasat/Yasat/analyses/backward_slicing/function_handler/function_handler.py", line 27, in handle
    return self.handle_local_function(func, args)
  File "/home/bluesadi/Yasat/Yasat/analyses/backward_slicing/function_handler/interprocedural_function_handler.py", line 14, in handle_local_function
    bs = func.project.analyses.BackwardSlicing(
  File "/home/bluesadi/virtualenvs/Yasat/lib/python3.8/site-packages/angr/analyses/analysis.py", line 144, in __call__
    r = w(*args, **kwargs)
  File "/home/bluesadi/virtualenvs/Yasat/lib/python3.8/site-packages/angr/analyses/analysis.py", line 129, in wrapper
    oself.__init__(*args, **kwargs)
  File "/home/bluesadi/Yasat/Yasat/analyses/backward_slicing/backward_slicing.py", line 121, in __init__
    self._remove_unreachable_blocks()
  File "/home/bluesadi/Yasat/Yasat/analyses/backward_slicing/backward_slicing.py", line 161, in _remove_unreachable_blocks
    succ = self._blocks_by_addr[stmt.false_target.value]
KeyError: 113300

Error occured when handling /home/bluesadi/Yasat/tests_dev/tmp/Linksys/FW_EA6700_1.1.40.176451_prod.img/_FW_EA6700_1.1.40.176451_prod.img.extracted/squashfs-root/usr/local/sbin/vsftpd
Error occured when handling statment: 0x17438 | Call(0x1ba8c<32>, <SimCCARM>: [Call (target: 0x17198<32>, prototype: () -> int (32 bits), args: None), 0x15180<32>], ret: r0<4>, fp_ret: no-fp-ret-value)
Traceback (most recent call last):
  File "/home/bluesadi/Yasat/Yasat/analyses/backward_slicing/engine_ail.py", line 78, in _process_Stmt
    self._handle_Stmt(stmt)
  File "/home/bluesadi/Yasat/Yasat/analyses/backward_slicing/engine_ail.py", line 99, in _handle_Stmt
    handler(stmt)
  File "/home/bluesadi/Yasat/Yasat/analyses/backward_slicing/engine_ail.py", line 128, in _ail_handle_Call
    self._ail_handle_CallExpr(stmt)
  File "/home/bluesadi/Yasat/Yasat/analyses/backward_slicing/engine_ail.py", line 166, in _ail_handle_CallExpr
    ret_expr = handler.handle(func, args)
  File "/home/bluesadi/Yasat/Yasat/analyses/backward_slicing/function_handler/function_handler.py", line 27, in handle
    return self.handle_local_function(func, args)
  File "/home/bluesadi/Yasat/Yasat/analyses/backward_slicing/function_handler/interprocedural_function_handler.py", line 14, in handle_local_function
    bs = func.project.analyses.BackwardSlicing(
  File "/home/bluesadi/virtualenvs/Yasat/lib/python3.8/site-packages/angr/analyses/analysis.py", line 144, in __call__
    r = w(*args, **kwargs)
  File "/home/bluesadi/virtualenvs/Yasat/lib/python3.8/site-packages/angr/analyses/analysis.py", line 129, in wrapper
    oself.__init__(*args, **kwargs)
  File "/home/bluesadi/Yasat/Yasat/analyses/backward_slicing/backward_slicing.py", line 121, in __init__
    self._remove_unreachable_blocks()
  File "/home/bluesadi/Yasat/Yasat/analyses/backward_slicing/backward_slicing.py", line 161, in _remove_unreachable_blocks
    succ = self._blocks_by_addr[stmt.false_target.value]
KeyError: 113300

Traceback (most recent call last):
  File "/home/bluesadi/Yasat/Yasat/main.py", line 66, in start
    return self._start()
  File "/home/bluesadi/Yasat/Yasat/main.py", line 86, in _start
    binary_paths = Extractor().extract(self.config.input_path, self.config.tmp_dir)
  File "/home/bluesadi/Yasat/Yasat/utils/extractor.py", line 82, in extract
    decompress_func = getattr(self, f"_decompress_{origin_type.extension}")
AttributeError: 'Extractor' object has no attribute '_decompress_tar'

Traceback (most recent call last):
  File "/home/bluesadi/Yasat/Yasat/main.py", line 66, in start
    return self._start()
  File "/home/bluesadi/Yasat/Yasat/main.py", line 86, in _start
    binary_paths = Extractor().extract(self.config.input_path, self.config.tmp_dir)
  File "/home/bluesadi/Yasat/Yasat/utils/extractor.py", line 89, in extract
    binary_paths += self.__extract_from_firmware_bin(
  File "/home/bluesadi/Yasat/Yasat/utils/extractor.py", line 57, in __extract_from_firmware_bin
    binary_type = filetype.guess(binary_path)
  File "/home/bluesadi/virtualenvs/Yasat/lib/python3.8/site-packages/filetype/filetype.py", line 28, in guess
    return match(obj) if obj else None
  File "/home/bluesadi/virtualenvs/Yasat/lib/python3.8/site-packages/filetype/match.py", line 30, in match
    buf = get_bytes(obj)
  File "/home/bluesadi/virtualenvs/Yasat/lib/python3.8/site-packages/filetype/utils.py", line 64, in get_bytes
    return get_signature_bytes(obj)
  File "/home/bluesadi/virtualenvs/Yasat/lib/python3.8/site-packages/filetype/utils.py", line 24, in get_signature_bytes
    with open(path, 'rb') as fp:
OSError: [Errno 6] No such device or address: '/home/bluesadi/Yasat/tests_dev/tmp/Netgear/D6220-V1.0.0.74_1.0.74.zip/_D6220-V1.0.0.74_1.0.74.chk.extracted/jffs2-root/dev/i2s'

Traceback (most recent call last):
  File "/home/bluesadi/Yasat/Yasat/main.py", line 66, in start
    return self._start()
  File "/home/bluesadi/Yasat/Yasat/main.py", line 86, in _start
    binary_paths = Extractor().extract(self.config.input_path, self.config.tmp_dir)
  File "/home/bluesadi/Yasat/Yasat/utils/extractor.py", line 84, in extract
    decompress_func(origin_path, to_path)
  File "/home/bluesadi/Yasat/Yasat/utils/extractor.py", line 23, in _decompress_zip
    with zipfile.ZipFile(path, "r") as ref:
  File "/usr/lib/python3.8/zipfile.py", line 1269, in __init__
    self._RealGetContents()
  File "/usr/lib/python3.8/zipfile.py", line 1336, in _RealGetContents
    raise BadZipFile("File is not a zip file")
zipfile.BadZipFile: File is not a zip file

Error occured when handling /home/bluesadi/Yasat/tests_dev/tmp/Netgear/MR70-V1.0.2.26.zip/_MR70-V1.0.2.26_2.0.53.chk.extracted/squashfs-root/bin/pppd
Error occured when handling statment: 0x2b50c | Call(0x1e92c<32>, <SimCCARM>: [r8<4>, 0x480d0<32>, 0xac3e4<32>, BaseOffset(stack_base, -1312), Load(addr=stack_base-1592, size=4, endness=Iend_LE), BaseOffset(stack_base, -1572), Load(addr=0x60954<32>, size=4, endness=Iend_LE), 0x0<32>, 0x0<32>, 0x0<32>], ret: no-ret-value, fp_ret: no-fp-ret-value)
Traceback (most recent call last):
  File "/home/bluesadi/Yasat/Yasat/knowledge_plugins/clinic_manager.py", line 34, in get_clinic
    clinic = self._proj.analyses.Clinic(
  File "/home/bluesadi/virtualenvs/Yasat/lib/python3.8/site-packages/angr/analyses/analysis.py", line 144, in __call__
    r = w(*args, **kwargs)
  File "/home/bluesadi/virtualenvs/Yasat/lib/python3.8/site-packages/angr/analyses/analysis.py", line 129, in wrapper
    oself.__init__(*args, **kwargs)
  File "/home/bluesadi/virtualenvs/Yasat/lib/python3.8/site-packages/angr/analyses/decompiler/clinic.py", line 106, in __init__
    self._analyze()
  File "/home/bluesadi/virtualenvs/Yasat/lib/python3.8/site-packages/angr/analyses/decompiler/clinic.py", line 220, in _analyze
    ail_graph = self._simplify_blocks(
  File "/home/bluesadi/virtualenvs/Yasat/lib/python3.8/site-packages/angr/utils/timing.py", line 34, in timed_func
    return func(*args, **kwargs)
  File "/home/bluesadi/virtualenvs/Yasat/lib/python3.8/site-packages/angr/analyses/decompiler/clinic.py", line 620, in _simplify_blocks
    simplified = self._simplify_block(
  File "/home/bluesadi/virtualenvs/Yasat/lib/python3.8/site-packages/angr/analyses/decompiler/clinic.py", line 658, in _simplify_block
    simp = self.project.analyses.AILBlockSimplifier(
  File "/home/bluesadi/virtualenvs/Yasat/lib/python3.8/site-packages/angr/analyses/analysis.py", line 144, in __call__
    r = w(*args, **kwargs)
  File "/home/bluesadi/virtualenvs/Yasat/lib/python3.8/site-packages/angr/analyses/analysis.py", line 129, in wrapper
    oself.__init__(*args, **kwargs)
  File "/home/bluesadi/virtualenvs/Yasat/lib/python3.8/site-packages/angr/analyses/decompiler/block_simplifier.py", line 80, in __init__
    self._analyze()
  File "/home/bluesadi/virtualenvs/Yasat/lib/python3.8/site-packages/angr/analyses/decompiler/block_simplifier.py", line 97, in _analyze
    new_block = self._simplify_block_once(block)
  File "/home/bluesadi/virtualenvs/Yasat/lib/python3.8/site-packages/angr/analyses/decompiler/block_simplifier.py", line 161, in _simplify_block_once
    new_block = self._eliminate_dead_assignments(new_block)
  File "/home/bluesadi/virtualenvs/Yasat/lib/python3.8/site-packages/angr/analyses/decompiler/block_simplifier.py", line 258, in _eliminate_dead_assignments
    rd = self._compute_reaching_definitions(block)
  File "/home/bluesadi/virtualenvs/Yasat/lib/python3.8/site-packages/angr/analyses/decompiler/block_simplifier.py", line 125, in _compute_reaching_definitions
    self._reaching_definitions = self.project.analyses[ReachingDefinitionsAnalysis].prep()(
  File "/home/bluesadi/virtualenvs/Yasat/lib/python3.8/site-packages/angr/analyses/analysis.py", line 129, in wrapper
    oself.__init__(*args, **kwargs)
  File "/home/bluesadi/virtualenvs/Yasat/lib/python3.8/site-packages/angr/analyses/reaching_definitions/reaching_definitions.py", line 161, in __init__
    self._analyze()
  File "/home/bluesadi/virtualenvs/Yasat/lib/python3.8/site-packages/angr/analyses/forward_analysis/forward_analysis.py", line 253, in _analyze
    self._analysis_core_graph()
  File "/home/bluesadi/virtualenvs/Yasat/lib/python3.8/site-packages/angr/analyses/forward_analysis/forward_analysis.py", line 270, in _analysis_core_graph
    changed, output_state = self._run_on_node(n, job_state)
  File "/home/bluesadi/virtualenvs/Yasat/lib/python3.8/site-packages/angr/analyses/reaching_definitions/reaching_definitions.py", line 386, in _run_on_node
    state, self._visited_blocks, self._dep_graph = engine.process(
  File "/home/bluesadi/virtualenvs/Yasat/lib/python3.8/site-packages/angr/analyses/reaching_definitions/engine_ail.py", line 81, in process
    self._process(
  File "/home/bluesadi/virtualenvs/Yasat/lib/python3.8/site-packages/angr/engines/light/engine.py", line 789, in _process
    self._process_Stmt(whitelist=whitelist)
  File "/home/bluesadi/virtualenvs/Yasat/lib/python3.8/site-packages/angr/engines/light/engine.py", line 805, in _process_Stmt
    self._handle_Stmt(stmt)
  File "/home/bluesadi/virtualenvs/Yasat/lib/python3.8/site-packages/angr/analyses/reaching_definitions/engine_ail.py", line 120, in _handle_Stmt
    handler(stmt)
  File "/home/bluesadi/virtualenvs/Yasat/lib/python3.8/site-packages/angr/analyses/reaching_definitions/engine_ail.py", line 192, in _ail_handle_ConditionalJump
    _ = self._expr(stmt.condition)  # pylint:disable=unused-variable
  File "/home/bluesadi/virtualenvs/Yasat/lib/python3.8/site-packages/angr/analyses/reaching_definitions/engine_ail.py", line 130, in _expr
    return handler(expr)
  File "/home/bluesadi/virtualenvs/Yasat/lib/python3.8/site-packages/angr/analyses/reaching_definitions/engine_ail.py", line 652, in _ail_handle_BinaryOp
    r = super()._ail_handle_BinaryOp(expr)
  File "/home/bluesadi/virtualenvs/Yasat/lib/python3.8/site-packages/angr/engines/light/engine.py", line 935, in _ail_handle_BinaryOp
    return handler(expr)
  File "/home/bluesadi/virtualenvs/Yasat/lib/python3.8/site-packages/angr/analyses/reaching_definitions/engine_ail.py", line 1000, in _ail_handle_LogicalAnd
    r = MultiValues(claripy.If(expr0_v == 0, expr0_v, expr1_v))
  File "/home/bluesadi/virtualenvs/Yasat/lib/python3.8/site-packages/claripy/ast/bool.py", line 107, in If
    raise ClaripyTypeError("sized arguments to If must have the same length")
claripy.errors.ClaripyTypeError: sized arguments to If must have the same length

During handling of the above exception, another exception occurred:

Traceback (most recent call last):
  File "/home/bluesadi/Yasat/Yasat/analyses/backward_slicing/engine_ail.py", line 78, in _process_Stmt
    self._handle_Stmt(stmt)
  File "/home/bluesadi/Yasat/Yasat/analyses/backward_slicing/engine_ail.py", line 99, in _handle_Stmt
    handler(stmt)
  File "/home/bluesadi/Yasat/Yasat/analyses/backward_slicing/engine_ail.py", line 128, in _ail_handle_Call
    self._ail_handle_CallExpr(stmt)
  File "/home/bluesadi/Yasat/Yasat/analyses/backward_slicing/engine_ail.py", line 166, in _ail_handle_CallExpr
    ret_expr = handler.handle(func, args)
  File "/home/bluesadi/Yasat/Yasat/analyses/backward_slicing/function_handler/function_handler.py", line 27, in handle
    return self.handle_local_function(func, args)
  File "/home/bluesadi/Yasat/Yasat/analyses/backward_slicing/function_handler/interprocedural_function_handler.py", line 14, in handle_local_function
    bs = func.project.analyses.BackwardSlicing(
  File "/home/bluesadi/virtualenvs/Yasat/lib/python3.8/site-packages/angr/analyses/analysis.py", line 144, in __call__
    r = w(*args, **kwargs)
  File "/home/bluesadi/virtualenvs/Yasat/lib/python3.8/site-packages/angr/analyses/analysis.py", line 129, in wrapper
    oself.__init__(*args, **kwargs)
  File "/home/bluesadi/Yasat/Yasat/analyses/backward_slicing/backward_slicing.py", line 93, in __init__
    self.project.kb.clinic_manager.get_clinic(called_func)
  File "/home/bluesadi/Yasat/Yasat/knowledge_plugins/clinic_manager.py", line 38, in get_clinic
    clinic = self._proj.analyses.Clinic(func)
  File "/home/bluesadi/virtualenvs/Yasat/lib/python3.8/site-packages/angr/analyses/analysis.py", line 144, in __call__
    r = w(*args, **kwargs)
  File "/home/bluesadi/virtualenvs/Yasat/lib/python3.8/site-packages/angr/analyses/analysis.py", line 129, in wrapper
    oself.__init__(*args, **kwargs)
  File "/home/bluesadi/virtualenvs/Yasat/lib/python3.8/site-packages/angr/analyses/decompiler/clinic.py", line 106, in __init__
    self._analyze()
  File "/home/bluesadi/virtualenvs/Yasat/lib/python3.8/site-packages/angr/analyses/decompiler/clinic.py", line 220, in _analyze
    ail_graph = self._simplify_blocks(
  File "/home/bluesadi/virtualenvs/Yasat/lib/python3.8/site-packages/angr/utils/timing.py", line 34, in timed_func
    return func(*args, **kwargs)
  File "/home/bluesadi/virtualenvs/Yasat/lib/python3.8/site-packages/angr/analyses/decompiler/clinic.py", line 620, in _simplify_blocks
    simplified = self._simplify_block(
  File "/home/bluesadi/virtualenvs/Yasat/lib/python3.8/site-packages/angr/analyses/decompiler/clinic.py", line 658, in _simplify_block
    simp = self.project.analyses.AILBlockSimplifier(
  File "/home/bluesadi/virtualenvs/Yasat/lib/python3.8/site-packages/angr/analyses/analysis.py", line 144, in __call__
    r = w(*args, **kwargs)
  File "/home/bluesadi/virtualenvs/Yasat/lib/python3.8/site-packages/angr/analyses/analysis.py", line 129, in wrapper
    oself.__init__(*args, **kwargs)
  File "/home/bluesadi/virtualenvs/Yasat/lib/python3.8/site-packages/angr/analyses/decompiler/block_simplifier.py", line 80, in __init__
    self._analyze()
  File "/home/bluesadi/virtualenvs/Yasat/lib/python3.8/site-packages/angr/analyses/decompiler/block_simplifier.py", line 97, in _analyze
    new_block = self._simplify_block_once(block)
  File "/home/bluesadi/virtualenvs/Yasat/lib/python3.8/site-packages/angr/analyses/decompiler/block_simplifier.py", line 161, in _simplify_block_once
    new_block = self._eliminate_dead_assignments(new_block)
  File "/home/bluesadi/virtualenvs/Yasat/lib/python3.8/site-packages/angr/analyses/decompiler/block_simplifier.py", line 258, in _eliminate_dead_assignments
    rd = self._compute_reaching_definitions(block)
  File "/home/bluesadi/virtualenvs/Yasat/lib/python3.8/site-packages/angr/analyses/decompiler/block_simplifier.py", line 125, in _compute_reaching_definitions
    self._reaching_definitions = self.project.analyses[ReachingDefinitionsAnalysis].prep()(
  File "/home/bluesadi/virtualenvs/Yasat/lib/python3.8/site-packages/angr/analyses/analysis.py", line 129, in wrapper
    oself.__init__(*args, **kwargs)
  File "/home/bluesadi/virtualenvs/Yasat/lib/python3.8/site-packages/angr/analyses/reaching_definitions/reaching_definitions.py", line 161, in __init__
    self._analyze()
  File "/home/bluesadi/virtualenvs/Yasat/lib/python3.8/site-packages/angr/analyses/forward_analysis/forward_analysis.py", line 253, in _analyze
    self._analysis_core_graph()
  File "/home/bluesadi/virtualenvs/Yasat/lib/python3.8/site-packages/angr/analyses/forward_analysis/forward_analysis.py", line 270, in _analysis_core_graph
    changed, output_state = self._run_on_node(n, job_state)
  File "/home/bluesadi/virtualenvs/Yasat/lib/python3.8/site-packages/angr/analyses/reaching_definitions/reaching_definitions.py", line 386, in _run_on_node
    state, self._visited_blocks, self._dep_graph = engine.process(
  File "/home/bluesadi/virtualenvs/Yasat/lib/python3.8/site-packages/angr/analyses/reaching_definitions/engine_ail.py", line 81, in process
    self._process(
  File "/home/bluesadi/virtualenvs/Yasat/lib/python3.8/site-packages/angr/engines/light/engine.py", line 789, in _process
    self._process_Stmt(whitelist=whitelist)
  File "/home/bluesadi/virtualenvs/Yasat/lib/python3.8/site-packages/angr/engines/light/engine.py", line 805, in _process_Stmt
    self._handle_Stmt(stmt)
  File "/home/bluesadi/virtualenvs/Yasat/lib/python3.8/site-packages/angr/analyses/reaching_definitions/engine_ail.py", line 120, in _handle_Stmt
    handler(stmt)
  File "/home/bluesadi/virtualenvs/Yasat/lib/python3.8/site-packages/angr/analyses/reaching_definitions/engine_ail.py", line 192, in _ail_handle_ConditionalJump
    _ = self._expr(stmt.condition)  # pylint:disable=unused-variable
  File "/home/bluesadi/virtualenvs/Yasat/lib/python3.8/site-packages/angr/analyses/reaching_definitions/engine_ail.py", line 130, in _expr
    return handler(expr)
  File "/home/bluesadi/virtualenvs/Yasat/lib/python3.8/site-packages/angr/analyses/reaching_definitions/engine_ail.py", line 652, in _ail_handle_BinaryOp
    r = super()._ail_handle_BinaryOp(expr)
  File "/home/bluesadi/virtualenvs/Yasat/lib/python3.8/site-packages/angr/engines/light/engine.py", line 935, in _ail_handle_BinaryOp
    return handler(expr)
  File "/home/bluesadi/virtualenvs/Yasat/lib/python3.8/site-packages/angr/analyses/reaching_definitions/engine_ail.py", line 1000, in _ail_handle_LogicalAnd
    r = MultiValues(claripy.If(expr0_v == 0, expr0_v, expr1_v))
  File "/home/bluesadi/virtualenvs/Yasat/lib/python3.8/site-packages/claripy/ast/bool.py", line 107, in If
    raise ClaripyTypeError("sized arguments to If must have the same length")
claripy.errors.ClaripyTypeError: sized arguments to If must have the same length

Error occured when handling /home/bluesadi/Yasat/tests_dev/tmp/Netgear/MS70-V1.0.2.26.zip/_MS70-V1.0.2.26_2.0.53.chk.extracted/squashfs-root/bin/pppd
Error occured when handling statment: 0x2d084 | Call(0x1f428<32>, <SimCCARM>: [r8<4>, 0x4aa98<32>, 0xb06a4<32>, BaseOffset(stack_base, -1312), Load(addr=stack_base-1592, size=4, endness=Iend_LE), BaseOffset(stack_base, -1572), 0x4a628<32>, 0x0<32>, 0x0<32>, 0x0<32>], ret: no-ret-value, fp_ret: no-fp-ret-value)
Traceback (most recent call last):
  File "/home/bluesadi/Yasat/Yasat/knowledge_plugins/clinic_manager.py", line 34, in get_clinic
    clinic = self._proj.analyses.Clinic(
  File "/home/bluesadi/virtualenvs/Yasat/lib/python3.8/site-packages/angr/analyses/analysis.py", line 144, in __call__
    r = w(*args, **kwargs)
  File "/home/bluesadi/virtualenvs/Yasat/lib/python3.8/site-packages/angr/analyses/analysis.py", line 129, in wrapper
    oself.__init__(*args, **kwargs)
  File "/home/bluesadi/virtualenvs/Yasat/lib/python3.8/site-packages/angr/analyses/decompiler/clinic.py", line 106, in __init__
    self._analyze()
  File "/home/bluesadi/virtualenvs/Yasat/lib/python3.8/site-packages/angr/analyses/decompiler/clinic.py", line 220, in _analyze
    ail_graph = self._simplify_blocks(
  File "/home/bluesadi/virtualenvs/Yasat/lib/python3.8/site-packages/angr/utils/timing.py", line 34, in timed_func
    return func(*args, **kwargs)
  File "/home/bluesadi/virtualenvs/Yasat/lib/python3.8/site-packages/angr/analyses/decompiler/clinic.py", line 620, in _simplify_blocks
    simplified = self._simplify_block(
  File "/home/bluesadi/virtualenvs/Yasat/lib/python3.8/site-packages/angr/analyses/decompiler/clinic.py", line 658, in _simplify_block
    simp = self.project.analyses.AILBlockSimplifier(
  File "/home/bluesadi/virtualenvs/Yasat/lib/python3.8/site-packages/angr/analyses/analysis.py", line 144, in __call__
    r = w(*args, **kwargs)
  File "/home/bluesadi/virtualenvs/Yasat/lib/python3.8/site-packages/angr/analyses/analysis.py", line 129, in wrapper
    oself.__init__(*args, **kwargs)
  File "/home/bluesadi/virtualenvs/Yasat/lib/python3.8/site-packages/angr/analyses/decompiler/block_simplifier.py", line 80, in __init__
    self._analyze()
  File "/home/bluesadi/virtualenvs/Yasat/lib/python3.8/site-packages/angr/analyses/decompiler/block_simplifier.py", line 97, in _analyze
    new_block = self._simplify_block_once(block)
  File "/home/bluesadi/virtualenvs/Yasat/lib/python3.8/site-packages/angr/analyses/decompiler/block_simplifier.py", line 161, in _simplify_block_once
    new_block = self._eliminate_dead_assignments(new_block)
  File "/home/bluesadi/virtualenvs/Yasat/lib/python3.8/site-packages/angr/analyses/decompiler/block_simplifier.py", line 258, in _eliminate_dead_assignments
    rd = self._compute_reaching_definitions(block)
  File "/home/bluesadi/virtualenvs/Yasat/lib/python3.8/site-packages/angr/analyses/decompiler/block_simplifier.py", line 125, in _compute_reaching_definitions
    self._reaching_definitions = self.project.analyses[ReachingDefinitionsAnalysis].prep()(
  File "/home/bluesadi/virtualenvs/Yasat/lib/python3.8/site-packages/angr/analyses/analysis.py", line 129, in wrapper
    oself.__init__(*args, **kwargs)
  File "/home/bluesadi/virtualenvs/Yasat/lib/python3.8/site-packages/angr/analyses/reaching_definitions/reaching_definitions.py", line 161, in __init__
    self._analyze()
  File "/home/bluesadi/virtualenvs/Yasat/lib/python3.8/site-packages/angr/analyses/forward_analysis/forward_analysis.py", line 253, in _analyze
    self._analysis_core_graph()
  File "/home/bluesadi/virtualenvs/Yasat/lib/python3.8/site-packages/angr/analyses/forward_analysis/forward_analysis.py", line 270, in _analysis_core_graph
    changed, output_state = self._run_on_node(n, job_state)
  File "/home/bluesadi/virtualenvs/Yasat/lib/python3.8/site-packages/angr/analyses/reaching_definitions/reaching_definitions.py", line 386, in _run_on_node
    state, self._visited_blocks, self._dep_graph = engine.process(
  File "/home/bluesadi/virtualenvs/Yasat/lib/python3.8/site-packages/angr/analyses/reaching_definitions/engine_ail.py", line 81, in process
    self._process(
  File "/home/bluesadi/virtualenvs/Yasat/lib/python3.8/site-packages/angr/engines/light/engine.py", line 789, in _process
    self._process_Stmt(whitelist=whitelist)
  File "/home/bluesadi/virtualenvs/Yasat/lib/python3.8/site-packages/angr/engines/light/engine.py", line 805, in _process_Stmt
    self._handle_Stmt(stmt)
  File "/home/bluesadi/virtualenvs/Yasat/lib/python3.8/site-packages/angr/analyses/reaching_definitions/engine_ail.py", line 120, in _handle_Stmt
    handler(stmt)
  File "/home/bluesadi/virtualenvs/Yasat/lib/python3.8/site-packages/angr/analyses/reaching_definitions/engine_ail.py", line 192, in _ail_handle_ConditionalJump
    _ = self._expr(stmt.condition)  # pylint:disable=unused-variable
  File "/home/bluesadi/virtualenvs/Yasat/lib/python3.8/site-packages/angr/analyses/reaching_definitions/engine_ail.py", line 130, in _expr
    return handler(expr)
  File "/home/bluesadi/virtualenvs/Yasat/lib/python3.8/site-packages/angr/analyses/reaching_definitions/engine_ail.py", line 652, in _ail_handle_BinaryOp
    r = super()._ail_handle_BinaryOp(expr)
  File "/home/bluesadi/virtualenvs/Yasat/lib/python3.8/site-packages/angr/engines/light/engine.py", line 935, in _ail_handle_BinaryOp
    return handler(expr)
  File "/home/bluesadi/virtualenvs/Yasat/lib/python3.8/site-packages/angr/analyses/reaching_definitions/engine_ail.py", line 1000, in _ail_handle_LogicalAnd
    r = MultiValues(claripy.If(expr0_v == 0, expr0_v, expr1_v))
  File "/home/bluesadi/virtualenvs/Yasat/lib/python3.8/site-packages/claripy/ast/bool.py", line 107, in If
    raise ClaripyTypeError("sized arguments to If must have the same length")
claripy.errors.ClaripyTypeError: sized arguments to If must have the same length

During handling of the above exception, another exception occurred:

Traceback (most recent call last):
  File "/home/bluesadi/Yasat/Yasat/analyses/backward_slicing/engine_ail.py", line 78, in _process_Stmt
    self._handle_Stmt(stmt)
  File "/home/bluesadi/Yasat/Yasat/analyses/backward_slicing/engine_ail.py", line 99, in _handle_Stmt
    handler(stmt)
  File "/home/bluesadi/Yasat/Yasat/analyses/backward_slicing/engine_ail.py", line 128, in _ail_handle_Call
    self._ail_handle_CallExpr(stmt)
  File "/home/bluesadi/Yasat/Yasat/analyses/backward_slicing/engine_ail.py", line 166, in _ail_handle_CallExpr
    ret_expr = handler.handle(func, args)
  File "/home/bluesadi/Yasat/Yasat/analyses/backward_slicing/function_handler/function_handler.py", line 27, in handle
    return self.handle_local_function(func, args)
  File "/home/bluesadi/Yasat/Yasat/analyses/backward_slicing/function_handler/interprocedural_function_handler.py", line 14, in handle_local_function
    bs = func.project.analyses.BackwardSlicing(
  File "/home/bluesadi/virtualenvs/Yasat/lib/python3.8/site-packages/angr/analyses/analysis.py", line 144, in __call__
    r = w(*args, **kwargs)
  File "/home/bluesadi/virtualenvs/Yasat/lib/python3.8/site-packages/angr/analyses/analysis.py", line 129, in wrapper
    oself.__init__(*args, **kwargs)
  File "/home/bluesadi/Yasat/Yasat/analyses/backward_slicing/backward_slicing.py", line 93, in __init__
    self.project.kb.clinic_manager.get_clinic(called_func)
  File "/home/bluesadi/Yasat/Yasat/knowledge_plugins/clinic_manager.py", line 38, in get_clinic
    clinic = self._proj.analyses.Clinic(func)
  File "/home/bluesadi/virtualenvs/Yasat/lib/python3.8/site-packages/angr/analyses/analysis.py", line 144, in __call__
    r = w(*args, **kwargs)
  File "/home/bluesadi/virtualenvs/Yasat/lib/python3.8/site-packages/angr/analyses/analysis.py", line 129, in wrapper
    oself.__init__(*args, **kwargs)
  File "/home/bluesadi/virtualenvs/Yasat/lib/python3.8/site-packages/angr/analyses/decompiler/clinic.py", line 106, in __init__
    self._analyze()
  File "/home/bluesadi/virtualenvs/Yasat/lib/python3.8/site-packages/angr/analyses/decompiler/clinic.py", line 220, in _analyze
    ail_graph = self._simplify_blocks(
  File "/home/bluesadi/virtualenvs/Yasat/lib/python3.8/site-packages/angr/utils/timing.py", line 34, in timed_func
    return func(*args, **kwargs)
  File "/home/bluesadi/virtualenvs/Yasat/lib/python3.8/site-packages/angr/analyses/decompiler/clinic.py", line 620, in _simplify_blocks
    simplified = self._simplify_block(
  File "/home/bluesadi/virtualenvs/Yasat/lib/python3.8/site-packages/angr/analyses/decompiler/clinic.py", line 658, in _simplify_block
    simp = self.project.analyses.AILBlockSimplifier(
  File "/home/bluesadi/virtualenvs/Yasat/lib/python3.8/site-packages/angr/analyses/analysis.py", line 144, in __call__
    r = w(*args, **kwargs)
  File "/home/bluesadi/virtualenvs/Yasat/lib/python3.8/site-packages/angr/analyses/analysis.py", line 129, in wrapper
    oself.__init__(*args, **kwargs)
  File "/home/bluesadi/virtualenvs/Yasat/lib/python3.8/site-packages/angr/analyses/decompiler/block_simplifier.py", line 80, in __init__
    self._analyze()
  File "/home/bluesadi/virtualenvs/Yasat/lib/python3.8/site-packages/angr/analyses/decompiler/block_simplifier.py", line 97, in _analyze
    new_block = self._simplify_block_once(block)
  File "/home/bluesadi/virtualenvs/Yasat/lib/python3.8/site-packages/angr/analyses/decompiler/block_simplifier.py", line 161, in _simplify_block_once
    new_block = self._eliminate_dead_assignments(new_block)
  File "/home/bluesadi/virtualenvs/Yasat/lib/python3.8/site-packages/angr/analyses/decompiler/block_simplifier.py", line 258, in _eliminate_dead_assignments
    rd = self._compute_reaching_definitions(block)
  File "/home/bluesadi/virtualenvs/Yasat/lib/python3.8/site-packages/angr/analyses/decompiler/block_simplifier.py", line 125, in _compute_reaching_definitions
    self._reaching_definitions = self.project.analyses[ReachingDefinitionsAnalysis].prep()(
  File "/home/bluesadi/virtualenvs/Yasat/lib/python3.8/site-packages/angr/analyses/analysis.py", line 129, in wrapper
    oself.__init__(*args, **kwargs)
  File "/home/bluesadi/virtualenvs/Yasat/lib/python3.8/site-packages/angr/analyses/reaching_definitions/reaching_definitions.py", line 161, in __init__
    self._analyze()
  File "/home/bluesadi/virtualenvs/Yasat/lib/python3.8/site-packages/angr/analyses/forward_analysis/forward_analysis.py", line 253, in _analyze
    self._analysis_core_graph()
  File "/home/bluesadi/virtualenvs/Yasat/lib/python3.8/site-packages/angr/analyses/forward_analysis/forward_analysis.py", line 270, in _analysis_core_graph
    changed, output_state = self._run_on_node(n, job_state)
  File "/home/bluesadi/virtualenvs/Yasat/lib/python3.8/site-packages/angr/analyses/reaching_definitions/reaching_definitions.py", line 386, in _run_on_node
    state, self._visited_blocks, self._dep_graph = engine.process(
  File "/home/bluesadi/virtualenvs/Yasat/lib/python3.8/site-packages/angr/analyses/reaching_definitions/engine_ail.py", line 81, in process
    self._process(
  File "/home/bluesadi/virtualenvs/Yasat/lib/python3.8/site-packages/angr/engines/light/engine.py", line 789, in _process
    self._process_Stmt(whitelist=whitelist)
  File "/home/bluesadi/virtualenvs/Yasat/lib/python3.8/site-packages/angr/engines/light/engine.py", line 805, in _process_Stmt
    self._handle_Stmt(stmt)
  File "/home/bluesadi/virtualenvs/Yasat/lib/python3.8/site-packages/angr/analyses/reaching_definitions/engine_ail.py", line 120, in _handle_Stmt
    handler(stmt)
  File "/home/bluesadi/virtualenvs/Yasat/lib/python3.8/site-packages/angr/analyses/reaching_definitions/engine_ail.py", line 192, in _ail_handle_ConditionalJump
    _ = self._expr(stmt.condition)  # pylint:disable=unused-variable
  File "/home/bluesadi/virtualenvs/Yasat/lib/python3.8/site-packages/angr/analyses/reaching_definitions/engine_ail.py", line 130, in _expr
    return handler(expr)
  File "/home/bluesadi/virtualenvs/Yasat/lib/python3.8/site-packages/angr/analyses/reaching_definitions/engine_ail.py", line 652, in _ail_handle_BinaryOp
    r = super()._ail_handle_BinaryOp(expr)
  File "/home/bluesadi/virtualenvs/Yasat/lib/python3.8/site-packages/angr/engines/light/engine.py", line 935, in _ail_handle_BinaryOp
    return handler(expr)
  File "/home/bluesadi/virtualenvs/Yasat/lib/python3.8/site-packages/angr/analyses/reaching_definitions/engine_ail.py", line 1000, in _ail_handle_LogicalAnd
    r = MultiValues(claripy.If(expr0_v == 0, expr0_v, expr1_v))
  File "/home/bluesadi/virtualenvs/Yasat/lib/python3.8/site-packages/claripy/ast/bool.py", line 107, in If
    raise ClaripyTypeError("sized arguments to If must have the same length")
claripy.errors.ClaripyTypeError: sized arguments to If must have the same length

Error occured when handling /home/bluesadi/Yasat/tests_dev/tmp/Netgear/RAX120v2v1-V1.2.1.22.zip/_RAX120-V1.2.1.22.img.extracted/squashfs-root/usr/sbin/proftpd
Error occured when handling statment: 0x45af14 | Call(0x43db20<64>, <SimCCAArch64>: [0x48a99b<64>, 0x4<32>, 0x48a9da<32>, Call (target: 0x406380<64>, prototype: (int (32 bits)) -> char*, args: [x0<4>]), x4<8>, x5<8>, x6<8>, x7<8>], ret: no-ret-value, fp_ret: no-fp-ret-value)
Traceback (most recent call last):
  File "/home/bluesadi/Yasat/Yasat/analyses/backward_slicing/engine_ail.py", line 78, in _process_Stmt
    self._handle_Stmt(stmt)
  File "/home/bluesadi/Yasat/Yasat/analyses/backward_slicing/engine_ail.py", line 99, in _handle_Stmt
    handler(stmt)
  File "/home/bluesadi/Yasat/Yasat/analyses/backward_slicing/engine_ail.py", line 128, in _ail_handle_Call
    self._ail_handle_CallExpr(stmt)
  File "/home/bluesadi/Yasat/Yasat/analyses/backward_slicing/engine_ail.py", line 166, in _ail_handle_CallExpr
    ret_expr = handler.handle(func, args)
  File "/home/bluesadi/Yasat/Yasat/analyses/backward_slicing/function_handler/function_handler.py", line 27, in handle
    return self.handle_local_function(func, args)
  File "/home/bluesadi/Yasat/Yasat/analyses/backward_slicing/function_handler/interprocedural_function_handler.py", line 14, in handle_local_function
    bs = func.project.analyses.BackwardSlicing(
  File "/home/bluesadi/virtualenvs/Yasat/lib/python3.8/site-packages/angr/analyses/analysis.py", line 144, in __call__
    r = w(*args, **kwargs)
  File "/home/bluesadi/virtualenvs/Yasat/lib/python3.8/site-packages/angr/analyses/analysis.py", line 129, in wrapper
    oself.__init__(*args, **kwargs)
  File "/home/bluesadi/Yasat/Yasat/analyses/backward_slicing/backward_slicing.py", line 121, in __init__
    self._remove_unreachable_blocks()
  File "/home/bluesadi/Yasat/Yasat/analyses/backward_slicing/backward_slicing.py", line 130, in _remove_unreachable_blocks
    bs = self.project.analyses.BackwardSlicing(
  File "/home/bluesadi/virtualenvs/Yasat/lib/python3.8/site-packages/angr/analyses/analysis.py", line 144, in __call__
    r = w(*args, **kwargs)
  File "/home/bluesadi/virtualenvs/Yasat/lib/python3.8/site-packages/angr/analyses/analysis.py", line 129, in wrapper
    oself.__init__(*args, **kwargs)
  File "/home/bluesadi/Yasat/Yasat/analyses/backward_slicing/backward_slicing.py", line 125, in __init__
    self._analyze()
  File "/home/bluesadi/Yasat/Yasat/analyses/backward_slicing/backward_slicing.py", line 230, in _analyze
    self.concrete_results |= state.concrete_results
  File "/home/bluesadi/Yasat/Yasat/analyses/backward_slicing/slicing_state.py", line 218, in concrete_results
    new_expr = self._apply_preset_arguments(track.expr)
  File "/home/bluesadi/Yasat/Yasat/analyses/backward_slicing/slicing_state.py", line 175, in _apply_preset_arguments
    new_expr = new_expr.replace(reg_expr_v, arg_v)
  File "/home/bluesadi/virtualenvs/Yasat/lib/python3.8/site-packages/claripy/ast/base.py", line 1038, in replace
    self._check_replaceability(old, new)
  File "/home/bluesadi/virtualenvs/Yasat/lib/python3.8/site-packages/claripy/ast/bits.py", line 40, in _check_replaceability
    raise ClaripyOperationError("replacements must have matching sizes")
claripy.errors.ClaripyOperationError: replacements must have matching sizes

Error occured when handling /home/bluesadi/Yasat/tests_dev/tmp/Netgear/RAX120v2v1-V1.2.1.22.zip/_RAX120-V1.2.1.22.img.extracted/squashfs-root/usr/sbin/proftpd
Error occured when handling statment: 0x45aedc | Call(0x43db20<64>, <SimCCAArch64>: [0x48a99b<64>, 0x4<32>, 0x48a9a5<32>, x3<8>, x4<8>, x5<8>, x6<8>, x7<8>], ret: no-ret-value, fp_ret: no-fp-ret-value)
Traceback (most recent call last):
  File "/home/bluesadi/Yasat/Yasat/analyses/backward_slicing/engine_ail.py", line 78, in _process_Stmt
    self._handle_Stmt(stmt)
  File "/home/bluesadi/Yasat/Yasat/analyses/backward_slicing/engine_ail.py", line 99, in _handle_Stmt
    handler(stmt)
  File "/home/bluesadi/Yasat/Yasat/analyses/backward_slicing/engine_ail.py", line 128, in _ail_handle_Call
    self._ail_handle_CallExpr(stmt)
  File "/home/bluesadi/Yasat/Yasat/analyses/backward_slicing/engine_ail.py", line 166, in _ail_handle_CallExpr
    ret_expr = handler.handle(func, args)
  File "/home/bluesadi/Yasat/Yasat/analyses/backward_slicing/function_handler/function_handler.py", line 27, in handle
    return self.handle_local_function(func, args)
  File "/home/bluesadi/Yasat/Yasat/analyses/backward_slicing/function_handler/interprocedural_function_handler.py", line 14, in handle_local_function
    bs = func.project.analyses.BackwardSlicing(
  File "/home/bluesadi/virtualenvs/Yasat/lib/python3.8/site-packages/angr/analyses/analysis.py", line 144, in __call__
    r = w(*args, **kwargs)
  File "/home/bluesadi/virtualenvs/Yasat/lib/python3.8/site-packages/angr/analyses/analysis.py", line 129, in wrapper
    oself.__init__(*args, **kwargs)
  File "/home/bluesadi/Yasat/Yasat/analyses/backward_slicing/backward_slicing.py", line 121, in __init__
    self._remove_unreachable_blocks()
  File "/home/bluesadi/Yasat/Yasat/analyses/backward_slicing/backward_slicing.py", line 130, in _remove_unreachable_blocks
    bs = self.project.analyses.BackwardSlicing(
  File "/home/bluesadi/virtualenvs/Yasat/lib/python3.8/site-packages/angr/analyses/analysis.py", line 144, in __call__
    r = w(*args, **kwargs)
  File "/home/bluesadi/virtualenvs/Yasat/lib/python3.8/site-packages/angr/analyses/analysis.py", line 129, in wrapper
    oself.__init__(*args, **kwargs)
  File "/home/bluesadi/Yasat/Yasat/analyses/backward_slicing/backward_slicing.py", line 125, in __init__
    self._analyze()
  File "/home/bluesadi/Yasat/Yasat/analyses/backward_slicing/backward_slicing.py", line 230, in _analyze
    self.concrete_results |= state.concrete_results
  File "/home/bluesadi/Yasat/Yasat/analyses/backward_slicing/slicing_state.py", line 218, in concrete_results
    new_expr = self._apply_preset_arguments(track.expr)
  File "/home/bluesadi/Yasat/Yasat/analyses/backward_slicing/slicing_state.py", line 175, in _apply_preset_arguments
    new_expr = new_expr.replace(reg_expr_v, arg_v)
  File "/home/bluesadi/virtualenvs/Yasat/lib/python3.8/site-packages/claripy/ast/base.py", line 1038, in replace
    self._check_replaceability(old, new)
  File "/home/bluesadi/virtualenvs/Yasat/lib/python3.8/site-packages/claripy/ast/bits.py", line 40, in _check_replaceability
    raise ClaripyOperationError("replacements must have matching sizes")
claripy.errors.ClaripyOperationError: replacements must have matching sizes

Error occured when handling /home/bluesadi/Yasat/tests_dev/tmp/Netgear/RAX120v2v1-V1.2.1.22.zip/_RAX120-V1.2.1.22.img.extracted/squashfs-root/usr/sbin/proftpd
Error occured when handling statment: 0x45ae84 | Call(0x43db20<64>, <SimCCAArch64>: [0x48a99b<64>, 0x4<32>, 0x48a96a<32>, Call (target: 0x406380<64>, prototype: (int (32 bits)) -> char*, args: [x0<4>]), x4<8>, x5<8>, x6<8>, x7<8>], ret: no-ret-value, fp_ret: no-fp-ret-value)
Traceback (most recent call last):
  File "/home/bluesadi/Yasat/Yasat/analyses/backward_slicing/engine_ail.py", line 78, in _process_Stmt
    self._handle_Stmt(stmt)
  File "/home/bluesadi/Yasat/Yasat/analyses/backward_slicing/engine_ail.py", line 99, in _handle_Stmt
    handler(stmt)
  File "/home/bluesadi/Yasat/Yasat/analyses/backward_slicing/engine_ail.py", line 128, in _ail_handle_Call
    self._ail_handle_CallExpr(stmt)
  File "/home/bluesadi/Yasat/Yasat/analyses/backward_slicing/engine_ail.py", line 166, in _ail_handle_CallExpr
    ret_expr = handler.handle(func, args)
  File "/home/bluesadi/Yasat/Yasat/analyses/backward_slicing/function_handler/function_handler.py", line 27, in handle
    return self.handle_local_function(func, args)
  File "/home/bluesadi/Yasat/Yasat/analyses/backward_slicing/function_handler/interprocedural_function_handler.py", line 14, in handle_local_function
    bs = func.project.analyses.BackwardSlicing(
  File "/home/bluesadi/virtualenvs/Yasat/lib/python3.8/site-packages/angr/analyses/analysis.py", line 144, in __call__
    r = w(*args, **kwargs)
  File "/home/bluesadi/virtualenvs/Yasat/lib/python3.8/site-packages/angr/analyses/analysis.py", line 129, in wrapper
    oself.__init__(*args, **kwargs)
  File "/home/bluesadi/Yasat/Yasat/analyses/backward_slicing/backward_slicing.py", line 121, in __init__
    self._remove_unreachable_blocks()
  File "/home/bluesadi/Yasat/Yasat/analyses/backward_slicing/backward_slicing.py", line 130, in _remove_unreachable_blocks
    bs = self.project.analyses.BackwardSlicing(
  File "/home/bluesadi/virtualenvs/Yasat/lib/python3.8/site-packages/angr/analyses/analysis.py", line 144, in __call__
    r = w(*args, **kwargs)
  File "/home/bluesadi/virtualenvs/Yasat/lib/python3.8/site-packages/angr/analyses/analysis.py", line 129, in wrapper
    oself.__init__(*args, **kwargs)
  File "/home/bluesadi/Yasat/Yasat/analyses/backward_slicing/backward_slicing.py", line 125, in __init__
    self._analyze()
  File "/home/bluesadi/Yasat/Yasat/analyses/backward_slicing/backward_slicing.py", line 230, in _analyze
    self.concrete_results |= state.concrete_results
  File "/home/bluesadi/Yasat/Yasat/analyses/backward_slicing/slicing_state.py", line 218, in concrete_results
    new_expr = self._apply_preset_arguments(track.expr)
  File "/home/bluesadi/Yasat/Yasat/analyses/backward_slicing/slicing_state.py", line 175, in _apply_preset_arguments
    new_expr = new_expr.replace(reg_expr_v, arg_v)
  File "/home/bluesadi/virtualenvs/Yasat/lib/python3.8/site-packages/claripy/ast/base.py", line 1038, in replace
    self._check_replaceability(old, new)
  File "/home/bluesadi/virtualenvs/Yasat/lib/python3.8/site-packages/claripy/ast/bits.py", line 40, in _check_replaceability
    raise ClaripyOperationError("replacements must have matching sizes")
claripy.errors.ClaripyOperationError: replacements must have matching sizes

Error occured when handling /home/bluesadi/Yasat/tests_dev/tmp/Netgear/RAX120v2v1-V1.2.1.22.zip/_RAX120-V1.2.1.22.img.extracted/squashfs-root/usr/sbin/proftpd
Error occured when handling statment: 0x45af14 | Call(0x43db20<64>, <SimCCAArch64>: [0x48a99b<64>, 0x4<32>, 0x48a9da<32>, Call (target: 0x406380<64>, prototype: (int (32 bits)) -> char*, args: [x0<4>]), x4<8>, x5<8>, x6<8>, x7<8>], ret: no-ret-value, fp_ret: no-fp-ret-value)
Traceback (most recent call last):
  File "/home/bluesadi/Yasat/Yasat/analyses/backward_slicing/engine_ail.py", line 78, in _process_Stmt
    self._handle_Stmt(stmt)
  File "/home/bluesadi/Yasat/Yasat/analyses/backward_slicing/engine_ail.py", line 99, in _handle_Stmt
    handler(stmt)
  File "/home/bluesadi/Yasat/Yasat/analyses/backward_slicing/engine_ail.py", line 128, in _ail_handle_Call
    self._ail_handle_CallExpr(stmt)
  File "/home/bluesadi/Yasat/Yasat/analyses/backward_slicing/engine_ail.py", line 166, in _ail_handle_CallExpr
    ret_expr = handler.handle(func, args)
  File "/home/bluesadi/Yasat/Yasat/analyses/backward_slicing/function_handler/function_handler.py", line 27, in handle
    return self.handle_local_function(func, args)
  File "/home/bluesadi/Yasat/Yasat/analyses/backward_slicing/function_handler/interprocedural_function_handler.py", line 14, in handle_local_function
    bs = func.project.analyses.BackwardSlicing(
  File "/home/bluesadi/virtualenvs/Yasat/lib/python3.8/site-packages/angr/analyses/analysis.py", line 144, in __call__
    r = w(*args, **kwargs)
  File "/home/bluesadi/virtualenvs/Yasat/lib/python3.8/site-packages/angr/analyses/analysis.py", line 129, in wrapper
    oself.__init__(*args, **kwargs)
  File "/home/bluesadi/Yasat/Yasat/analyses/backward_slicing/backward_slicing.py", line 121, in __init__
    self._remove_unreachable_blocks()
  File "/home/bluesadi/Yasat/Yasat/analyses/backward_slicing/backward_slicing.py", line 130, in _remove_unreachable_blocks
    bs = self.project.analyses.BackwardSlicing(
  File "/home/bluesadi/virtualenvs/Yasat/lib/python3.8/site-packages/angr/analyses/analysis.py", line 144, in __call__
    r = w(*args, **kwargs)
  File "/home/bluesadi/virtualenvs/Yasat/lib/python3.8/site-packages/angr/analyses/analysis.py", line 129, in wrapper
    oself.__init__(*args, **kwargs)
  File "/home/bluesadi/Yasat/Yasat/analyses/backward_slicing/backward_slicing.py", line 125, in __init__
    self._analyze()
  File "/home/bluesadi/Yasat/Yasat/analyses/backward_slicing/backward_slicing.py", line 230, in _analyze
    self.concrete_results |= state.concrete_results
  File "/home/bluesadi/Yasat/Yasat/analyses/backward_slicing/slicing_state.py", line 218, in concrete_results
    new_expr = self._apply_preset_arguments(track.expr)
  File "/home/bluesadi/Yasat/Yasat/analyses/backward_slicing/slicing_state.py", line 175, in _apply_preset_arguments
    new_expr = new_expr.replace(reg_expr_v, arg_v)
  File "/home/bluesadi/virtualenvs/Yasat/lib/python3.8/site-packages/claripy/ast/base.py", line 1038, in replace
    self._check_replaceability(old, new)
  File "/home/bluesadi/virtualenvs/Yasat/lib/python3.8/site-packages/claripy/ast/bits.py", line 40, in _check_replaceability
    raise ClaripyOperationError("replacements must have matching sizes")
claripy.errors.ClaripyOperationError: replacements must have matching sizes

Error occured when handling /home/bluesadi/Yasat/tests_dev/tmp/Netgear/RAX120v2v1-V1.2.1.22.zip/_RAX120-V1.2.1.22.img.extracted/squashfs-root/usr/sbin/proftpd
Error occured when handling statment: 0x45aedc | Call(0x43db20<64>, <SimCCAArch64>: [0x48a99b<64>, 0x4<32>, 0x48a9a5<32>, x3<8>, x4<8>, x5<8>, x6<8>, x7<8>], ret: no-ret-value, fp_ret: no-fp-ret-value)
Traceback (most recent call last):
  File "/home/bluesadi/Yasat/Yasat/analyses/backward_slicing/engine_ail.py", line 78, in _process_Stmt
    self._handle_Stmt(stmt)
  File "/home/bluesadi/Yasat/Yasat/analyses/backward_slicing/engine_ail.py", line 99, in _handle_Stmt
    handler(stmt)
  File "/home/bluesadi/Yasat/Yasat/analyses/backward_slicing/engine_ail.py", line 128, in _ail_handle_Call
    self._ail_handle_CallExpr(stmt)
  File "/home/bluesadi/Yasat/Yasat/analyses/backward_slicing/engine_ail.py", line 166, in _ail_handle_CallExpr
    ret_expr = handler.handle(func, args)
  File "/home/bluesadi/Yasat/Yasat/analyses/backward_slicing/function_handler/function_handler.py", line 27, in handle
    return self.handle_local_function(func, args)
  File "/home/bluesadi/Yasat/Yasat/analyses/backward_slicing/function_handler/interprocedural_function_handler.py", line 14, in handle_local_function
    bs = func.project.analyses.BackwardSlicing(
  File "/home/bluesadi/virtualenvs/Yasat/lib/python3.8/site-packages/angr/analyses/analysis.py", line 144, in __call__
    r = w(*args, **kwargs)
  File "/home/bluesadi/virtualenvs/Yasat/lib/python3.8/site-packages/angr/analyses/analysis.py", line 129, in wrapper
    oself.__init__(*args, **kwargs)
  File "/home/bluesadi/Yasat/Yasat/analyses/backward_slicing/backward_slicing.py", line 121, in __init__
    self._remove_unreachable_blocks()
  File "/home/bluesadi/Yasat/Yasat/analyses/backward_slicing/backward_slicing.py", line 130, in _remove_unreachable_blocks
    bs = self.project.analyses.BackwardSlicing(
  File "/home/bluesadi/virtualenvs/Yasat/lib/python3.8/site-packages/angr/analyses/analysis.py", line 144, in __call__
    r = w(*args, **kwargs)
  File "/home/bluesadi/virtualenvs/Yasat/lib/python3.8/site-packages/angr/analyses/analysis.py", line 129, in wrapper
    oself.__init__(*args, **kwargs)
  File "/home/bluesadi/Yasat/Yasat/analyses/backward_slicing/backward_slicing.py", line 125, in __init__
    self._analyze()
  File "/home/bluesadi/Yasat/Yasat/analyses/backward_slicing/backward_slicing.py", line 230, in _analyze
    self.concrete_results |= state.concrete_results
  File "/home/bluesadi/Yasat/Yasat/analyses/backward_slicing/slicing_state.py", line 218, in concrete_results
    new_expr = self._apply_preset_arguments(track.expr)
  File "/home/bluesadi/Yasat/Yasat/analyses/backward_slicing/slicing_state.py", line 175, in _apply_preset_arguments
    new_expr = new_expr.replace(reg_expr_v, arg_v)
  File "/home/bluesadi/virtualenvs/Yasat/lib/python3.8/site-packages/claripy/ast/base.py", line 1038, in replace
    self._check_replaceability(old, new)
  File "/home/bluesadi/virtualenvs/Yasat/lib/python3.8/site-packages/claripy/ast/bits.py", line 40, in _check_replaceability
    raise ClaripyOperationError("replacements must have matching sizes")
claripy.errors.ClaripyOperationError: replacements must have matching sizes

Error occured when handling /home/bluesadi/Yasat/tests_dev/tmp/Netgear/RAX120v2v1-V1.2.1.22.zip/_RAX120-V1.2.1.22.img.extracted/squashfs-root/usr/sbin/proftpd
Error occured when handling statment: 0x45ae84 | Call(0x43db20<64>, <SimCCAArch64>: [0x48a99b<64>, 0x4<32>, 0x48a96a<32>, Call (target: 0x406380<64>, prototype: (int (32 bits)) -> char*, args: [x0<4>]), x4<8>, x5<8>, x6<8>, x7<8>], ret: no-ret-value, fp_ret: no-fp-ret-value)
Traceback (most recent call last):
  File "/home/bluesadi/Yasat/Yasat/analyses/backward_slicing/engine_ail.py", line 78, in _process_Stmt
    self._handle_Stmt(stmt)
  File "/home/bluesadi/Yasat/Yasat/analyses/backward_slicing/engine_ail.py", line 99, in _handle_Stmt
    handler(stmt)
  File "/home/bluesadi/Yasat/Yasat/analyses/backward_slicing/engine_ail.py", line 128, in _ail_handle_Call
    self._ail_handle_CallExpr(stmt)
  File "/home/bluesadi/Yasat/Yasat/analyses/backward_slicing/engine_ail.py", line 166, in _ail_handle_CallExpr
    ret_expr = handler.handle(func, args)
  File "/home/bluesadi/Yasat/Yasat/analyses/backward_slicing/function_handler/function_handler.py", line 27, in handle
    return self.handle_local_function(func, args)
  File "/home/bluesadi/Yasat/Yasat/analyses/backward_slicing/function_handler/interprocedural_function_handler.py", line 14, in handle_local_function
    bs = func.project.analyses.BackwardSlicing(
  File "/home/bluesadi/virtualenvs/Yasat/lib/python3.8/site-packages/angr/analyses/analysis.py", line 144, in __call__
    r = w(*args, **kwargs)
  File "/home/bluesadi/virtualenvs/Yasat/lib/python3.8/site-packages/angr/analyses/analysis.py", line 129, in wrapper
    oself.__init__(*args, **kwargs)
  File "/home/bluesadi/Yasat/Yasat/analyses/backward_slicing/backward_slicing.py", line 121, in __init__
    self._remove_unreachable_blocks()
  File "/home/bluesadi/Yasat/Yasat/analyses/backward_slicing/backward_slicing.py", line 130, in _remove_unreachable_blocks
    bs = self.project.analyses.BackwardSlicing(
  File "/home/bluesadi/virtualenvs/Yasat/lib/python3.8/site-packages/angr/analyses/analysis.py", line 144, in __call__
    r = w(*args, **kwargs)
  File "/home/bluesadi/virtualenvs/Yasat/lib/python3.8/site-packages/angr/analyses/analysis.py", line 129, in wrapper
    oself.__init__(*args, **kwargs)
  File "/home/bluesadi/Yasat/Yasat/analyses/backward_slicing/backward_slicing.py", line 125, in __init__
    self._analyze()
  File "/home/bluesadi/Yasat/Yasat/analyses/backward_slicing/backward_slicing.py", line 230, in _analyze
    self.concrete_results |= state.concrete_results
  File "/home/bluesadi/Yasat/Yasat/analyses/backward_slicing/slicing_state.py", line 218, in concrete_results
    new_expr = self._apply_preset_arguments(track.expr)
  File "/home/bluesadi/Yasat/Yasat/analyses/backward_slicing/slicing_state.py", line 175, in _apply_preset_arguments
    new_expr = new_expr.replace(reg_expr_v, arg_v)
  File "/home/bluesadi/virtualenvs/Yasat/lib/python3.8/site-packages/claripy/ast/base.py", line 1038, in replace
    self._check_replaceability(old, new)
  File "/home/bluesadi/virtualenvs/Yasat/lib/python3.8/site-packages/claripy/ast/bits.py", line 40, in _check_replaceability
    raise ClaripyOperationError("replacements must have matching sizes")
claripy.errors.ClaripyOperationError: replacements must have matching sizes

Error occured when handling /home/bluesadi/Yasat/tests_dev/tmp/Netgear/RAX30-V1.0.4.66.zip/_RAX30-V1.0.4.66_1.img.extracted/squashfs-root/bin/pppd
Error occured when handling statment: 0x2d390 | Call(0x1f600<32>, <SimCCARM>: [r8<4>, 0x4b238<32>, 0xb1734<32>, BaseOffset(stack_base, -1312), Load(addr=stack_base-1592, size=4, endness=Iend_LE), BaseOffset(stack_base, -1572), 0x4ae20<32>, 0x0<32>, 0x0<32>, 0x0<32>], ret: no-ret-value, fp_ret: no-fp-ret-value)
Traceback (most recent call last):
  File "/home/bluesadi/Yasat/Yasat/knowledge_plugins/clinic_manager.py", line 34, in get_clinic
    clinic = self._proj.analyses.Clinic(
  File "/home/bluesadi/virtualenvs/Yasat/lib/python3.8/site-packages/angr/analyses/analysis.py", line 144, in __call__
    r = w(*args, **kwargs)
  File "/home/bluesadi/virtualenvs/Yasat/lib/python3.8/site-packages/angr/analyses/analysis.py", line 129, in wrapper
    oself.__init__(*args, **kwargs)
  File "/home/bluesadi/virtualenvs/Yasat/lib/python3.8/site-packages/angr/analyses/decompiler/clinic.py", line 106, in __init__
    self._analyze()
  File "/home/bluesadi/virtualenvs/Yasat/lib/python3.8/site-packages/angr/analyses/decompiler/clinic.py", line 220, in _analyze
    ail_graph = self._simplify_blocks(
  File "/home/bluesadi/virtualenvs/Yasat/lib/python3.8/site-packages/angr/utils/timing.py", line 34, in timed_func
    return func(*args, **kwargs)
  File "/home/bluesadi/virtualenvs/Yasat/lib/python3.8/site-packages/angr/analyses/decompiler/clinic.py", line 620, in _simplify_blocks
    simplified = self._simplify_block(
  File "/home/bluesadi/virtualenvs/Yasat/lib/python3.8/site-packages/angr/analyses/decompiler/clinic.py", line 658, in _simplify_block
    simp = self.project.analyses.AILBlockSimplifier(
  File "/home/bluesadi/virtualenvs/Yasat/lib/python3.8/site-packages/angr/analyses/analysis.py", line 144, in __call__
    r = w(*args, **kwargs)
  File "/home/bluesadi/virtualenvs/Yasat/lib/python3.8/site-packages/angr/analyses/analysis.py", line 129, in wrapper
    oself.__init__(*args, **kwargs)
  File "/home/bluesadi/virtualenvs/Yasat/lib/python3.8/site-packages/angr/analyses/decompiler/block_simplifier.py", line 80, in __init__
    self._analyze()
  File "/home/bluesadi/virtualenvs/Yasat/lib/python3.8/site-packages/angr/analyses/decompiler/block_simplifier.py", line 97, in _analyze
    new_block = self._simplify_block_once(block)
  File "/home/bluesadi/virtualenvs/Yasat/lib/python3.8/site-packages/angr/analyses/decompiler/block_simplifier.py", line 161, in _simplify_block_once
    new_block = self._eliminate_dead_assignments(new_block)
  File "/home/bluesadi/virtualenvs/Yasat/lib/python3.8/site-packages/angr/analyses/decompiler/block_simplifier.py", line 258, in _eliminate_dead_assignments
    rd = self._compute_reaching_definitions(block)
  File "/home/bluesadi/virtualenvs/Yasat/lib/python3.8/site-packages/angr/analyses/decompiler/block_simplifier.py", line 125, in _compute_reaching_definitions
    self._reaching_definitions = self.project.analyses[ReachingDefinitionsAnalysis].prep()(
  File "/home/bluesadi/virtualenvs/Yasat/lib/python3.8/site-packages/angr/analyses/analysis.py", line 129, in wrapper
    oself.__init__(*args, **kwargs)
  File "/home/bluesadi/virtualenvs/Yasat/lib/python3.8/site-packages/angr/analyses/reaching_definitions/reaching_definitions.py", line 161, in __init__
    self._analyze()
  File "/home/bluesadi/virtualenvs/Yasat/lib/python3.8/site-packages/angr/analyses/forward_analysis/forward_analysis.py", line 253, in _analyze
    self._analysis_core_graph()
  File "/home/bluesadi/virtualenvs/Yasat/lib/python3.8/site-packages/angr/analyses/forward_analysis/forward_analysis.py", line 270, in _analysis_core_graph
    changed, output_state = self._run_on_node(n, job_state)
  File "/home/bluesadi/virtualenvs/Yasat/lib/python3.8/site-packages/angr/analyses/reaching_definitions/reaching_definitions.py", line 386, in _run_on_node
    state, self._visited_blocks, self._dep_graph = engine.process(
  File "/home/bluesadi/virtualenvs/Yasat/lib/python3.8/site-packages/angr/analyses/reaching_definitions/engine_ail.py", line 81, in process
    self._process(
  File "/home/bluesadi/virtualenvs/Yasat/lib/python3.8/site-packages/angr/engines/light/engine.py", line 789, in _process
    self._process_Stmt(whitelist=whitelist)
  File "/home/bluesadi/virtualenvs/Yasat/lib/python3.8/site-packages/angr/engines/light/engine.py", line 805, in _process_Stmt
    self._handle_Stmt(stmt)
  File "/home/bluesadi/virtualenvs/Yasat/lib/python3.8/site-packages/angr/analyses/reaching_definitions/engine_ail.py", line 120, in _handle_Stmt
    handler(stmt)
  File "/home/bluesadi/virtualenvs/Yasat/lib/python3.8/site-packages/angr/analyses/reaching_definitions/engine_ail.py", line 192, in _ail_handle_ConditionalJump
    _ = self._expr(stmt.condition)  # pylint:disable=unused-variable
  File "/home/bluesadi/virtualenvs/Yasat/lib/python3.8/site-packages/angr/analyses/reaching_definitions/engine_ail.py", line 130, in _expr
    return handler(expr)
  File "/home/bluesadi/virtualenvs/Yasat/lib/python3.8/site-packages/angr/analyses/reaching_definitions/engine_ail.py", line 652, in _ail_handle_BinaryOp
    r = super()._ail_handle_BinaryOp(expr)
  File "/home/bluesadi/virtualenvs/Yasat/lib/python3.8/site-packages/angr/engines/light/engine.py", line 935, in _ail_handle_BinaryOp
    return handler(expr)
  File "/home/bluesadi/virtualenvs/Yasat/lib/python3.8/site-packages/angr/analyses/reaching_definitions/engine_ail.py", line 1000, in _ail_handle_LogicalAnd
    r = MultiValues(claripy.If(expr0_v == 0, expr0_v, expr1_v))
  File "/home/bluesadi/virtualenvs/Yasat/lib/python3.8/site-packages/claripy/ast/bool.py", line 107, in If
    raise ClaripyTypeError("sized arguments to If must have the same length")
claripy.errors.ClaripyTypeError: sized arguments to If must have the same length

During handling of the above exception, another exception occurred:

Traceback (most recent call last):
  File "/home/bluesadi/Yasat/Yasat/analyses/backward_slicing/engine_ail.py", line 78, in _process_Stmt
    self._handle_Stmt(stmt)
  File "/home/bluesadi/Yasat/Yasat/analyses/backward_slicing/engine_ail.py", line 99, in _handle_Stmt
    handler(stmt)
  File "/home/bluesadi/Yasat/Yasat/analyses/backward_slicing/engine_ail.py", line 128, in _ail_handle_Call
    self._ail_handle_CallExpr(stmt)
  File "/home/bluesadi/Yasat/Yasat/analyses/backward_slicing/engine_ail.py", line 166, in _ail_handle_CallExpr
    ret_expr = handler.handle(func, args)
  File "/home/bluesadi/Yasat/Yasat/analyses/backward_slicing/function_handler/function_handler.py", line 27, in handle
    return self.handle_local_function(func, args)
  File "/home/bluesadi/Yasat/Yasat/analyses/backward_slicing/function_handler/interprocedural_function_handler.py", line 14, in handle_local_function
    bs = func.project.analyses.BackwardSlicing(
  File "/home/bluesadi/virtualenvs/Yasat/lib/python3.8/site-packages/angr/analyses/analysis.py", line 144, in __call__
    r = w(*args, **kwargs)
  File "/home/bluesadi/virtualenvs/Yasat/lib/python3.8/site-packages/angr/analyses/analysis.py", line 129, in wrapper
    oself.__init__(*args, **kwargs)
  File "/home/bluesadi/Yasat/Yasat/analyses/backward_slicing/backward_slicing.py", line 93, in __init__
    self.project.kb.clinic_manager.get_clinic(called_func)
  File "/home/bluesadi/Yasat/Yasat/knowledge_plugins/clinic_manager.py", line 38, in get_clinic
    clinic = self._proj.analyses.Clinic(func)
  File "/home/bluesadi/virtualenvs/Yasat/lib/python3.8/site-packages/angr/analyses/analysis.py", line 144, in __call__
    r = w(*args, **kwargs)
  File "/home/bluesadi/virtualenvs/Yasat/lib/python3.8/site-packages/angr/analyses/analysis.py", line 129, in wrapper
    oself.__init__(*args, **kwargs)
  File "/home/bluesadi/virtualenvs/Yasat/lib/python3.8/site-packages/angr/analyses/decompiler/clinic.py", line 106, in __init__
    self._analyze()
  File "/home/bluesadi/virtualenvs/Yasat/lib/python3.8/site-packages/angr/analyses/decompiler/clinic.py", line 220, in _analyze
    ail_graph = self._simplify_blocks(
  File "/home/bluesadi/virtualenvs/Yasat/lib/python3.8/site-packages/angr/utils/timing.py", line 34, in timed_func
    return func(*args, **kwargs)
  File "/home/bluesadi/virtualenvs/Yasat/lib/python3.8/site-packages/angr/analyses/decompiler/clinic.py", line 620, in _simplify_blocks
    simplified = self._simplify_block(
  File "/home/bluesadi/virtualenvs/Yasat/lib/python3.8/site-packages/angr/analyses/decompiler/clinic.py", line 658, in _simplify_block
    simp = self.project.analyses.AILBlockSimplifier(
  File "/home/bluesadi/virtualenvs/Yasat/lib/python3.8/site-packages/angr/analyses/analysis.py", line 144, in __call__
    r = w(*args, **kwargs)
  File "/home/bluesadi/virtualenvs/Yasat/lib/python3.8/site-packages/angr/analyses/analysis.py", line 129, in wrapper
    oself.__init__(*args, **kwargs)
  File "/home/bluesadi/virtualenvs/Yasat/lib/python3.8/site-packages/angr/analyses/decompiler/block_simplifier.py", line 80, in __init__
    self._analyze()
  File "/home/bluesadi/virtualenvs/Yasat/lib/python3.8/site-packages/angr/analyses/decompiler/block_simplifier.py", line 97, in _analyze
    new_block = self._simplify_block_once(block)
  File "/home/bluesadi/virtualenvs/Yasat/lib/python3.8/site-packages/angr/analyses/decompiler/block_simplifier.py", line 161, in _simplify_block_once
    new_block = self._eliminate_dead_assignments(new_block)
  File "/home/bluesadi/virtualenvs/Yasat/lib/python3.8/site-packages/angr/analyses/decompiler/block_simplifier.py", line 258, in _eliminate_dead_assignments
    rd = self._compute_reaching_definitions(block)
  File "/home/bluesadi/virtualenvs/Yasat/lib/python3.8/site-packages/angr/analyses/decompiler/block_simplifier.py", line 125, in _compute_reaching_definitions
    self._reaching_definitions = self.project.analyses[ReachingDefinitionsAnalysis].prep()(
  File "/home/bluesadi/virtualenvs/Yasat/lib/python3.8/site-packages/angr/analyses/analysis.py", line 129, in wrapper
    oself.__init__(*args, **kwargs)
  File "/home/bluesadi/virtualenvs/Yasat/lib/python3.8/site-packages/angr/analyses/reaching_definitions/reaching_definitions.py", line 161, in __init__
    self._analyze()
  File "/home/bluesadi/virtualenvs/Yasat/lib/python3.8/site-packages/angr/analyses/forward_analysis/forward_analysis.py", line 253, in _analyze
    self._analysis_core_graph()
  File "/home/bluesadi/virtualenvs/Yasat/lib/python3.8/site-packages/angr/analyses/forward_analysis/forward_analysis.py", line 270, in _analysis_core_graph
    changed, output_state = self._run_on_node(n, job_state)
  File "/home/bluesadi/virtualenvs/Yasat/lib/python3.8/site-packages/angr/analyses/reaching_definitions/reaching_definitions.py", line 386, in _run_on_node
    state, self._visited_blocks, self._dep_graph = engine.process(
  File "/home/bluesadi/virtualenvs/Yasat/lib/python3.8/site-packages/angr/analyses/reaching_definitions/engine_ail.py", line 81, in process
    self._process(
  File "/home/bluesadi/virtualenvs/Yasat/lib/python3.8/site-packages/angr/engines/light/engine.py", line 789, in _process
    self._process_Stmt(whitelist=whitelist)
  File "/home/bluesadi/virtualenvs/Yasat/lib/python3.8/site-packages/angr/engines/light/engine.py", line 805, in _process_Stmt
    self._handle_Stmt(stmt)
  File "/home/bluesadi/virtualenvs/Yasat/lib/python3.8/site-packages/angr/analyses/reaching_definitions/engine_ail.py", line 120, in _handle_Stmt
    handler(stmt)
  File "/home/bluesadi/virtualenvs/Yasat/lib/python3.8/site-packages/angr/analyses/reaching_definitions/engine_ail.py", line 192, in _ail_handle_ConditionalJump
    _ = self._expr(stmt.condition)  # pylint:disable=unused-variable
  File "/home/bluesadi/virtualenvs/Yasat/lib/python3.8/site-packages/angr/analyses/reaching_definitions/engine_ail.py", line 130, in _expr
    return handler(expr)
  File "/home/bluesadi/virtualenvs/Yasat/lib/python3.8/site-packages/angr/analyses/reaching_definitions/engine_ail.py", line 652, in _ail_handle_BinaryOp
    r = super()._ail_handle_BinaryOp(expr)
  File "/home/bluesadi/virtualenvs/Yasat/lib/python3.8/site-packages/angr/engines/light/engine.py", line 935, in _ail_handle_BinaryOp
    return handler(expr)
  File "/home/bluesadi/virtualenvs/Yasat/lib/python3.8/site-packages/angr/analyses/reaching_definitions/engine_ail.py", line 1000, in _ail_handle_LogicalAnd
    r = MultiValues(claripy.If(expr0_v == 0, expr0_v, expr1_v))
  File "/home/bluesadi/virtualenvs/Yasat/lib/python3.8/site-packages/claripy/ast/bool.py", line 107, in If
    raise ClaripyTypeError("sized arguments to If must have the same length")
claripy.errors.ClaripyTypeError: sized arguments to If must have the same length

Error occured when handling /home/bluesadi/Yasat/tests_dev/tmp/Netgear/RAXE300-V1.0.5.56_1.zip/_RAXE300-V1.0.5.56_1.img.extracted/squashfs-root/bin/pppd
Error occured when handling statment: 0x2d404 | Call(0x1f66c<32>, <SimCCARM>: [r8<4>, 0x4b2e4<32>, 0xb173c<32>, BaseOffset(stack_base, -1312), Load(addr=stack_base-1592, size=4, endness=Iend_LE), BaseOffset(stack_base, -1572), 0x4aecc<32>, 0x0<32>, 0x0<32>, 0x0<32>], ret: no-ret-value, fp_ret: no-fp-ret-value)
Traceback (most recent call last):
  File "/home/bluesadi/Yasat/Yasat/knowledge_plugins/clinic_manager.py", line 34, in get_clinic
    clinic = self._proj.analyses.Clinic(
  File "/home/bluesadi/virtualenvs/Yasat/lib/python3.8/site-packages/angr/analyses/analysis.py", line 144, in __call__
    r = w(*args, **kwargs)
  File "/home/bluesadi/virtualenvs/Yasat/lib/python3.8/site-packages/angr/analyses/analysis.py", line 129, in wrapper
    oself.__init__(*args, **kwargs)
  File "/home/bluesadi/virtualenvs/Yasat/lib/python3.8/site-packages/angr/analyses/decompiler/clinic.py", line 106, in __init__
    self._analyze()
  File "/home/bluesadi/virtualenvs/Yasat/lib/python3.8/site-packages/angr/analyses/decompiler/clinic.py", line 220, in _analyze
    ail_graph = self._simplify_blocks(
  File "/home/bluesadi/virtualenvs/Yasat/lib/python3.8/site-packages/angr/utils/timing.py", line 34, in timed_func
    return func(*args, **kwargs)
  File "/home/bluesadi/virtualenvs/Yasat/lib/python3.8/site-packages/angr/analyses/decompiler/clinic.py", line 620, in _simplify_blocks
    simplified = self._simplify_block(
  File "/home/bluesadi/virtualenvs/Yasat/lib/python3.8/site-packages/angr/analyses/decompiler/clinic.py", line 658, in _simplify_block
    simp = self.project.analyses.AILBlockSimplifier(
  File "/home/bluesadi/virtualenvs/Yasat/lib/python3.8/site-packages/angr/analyses/analysis.py", line 144, in __call__
    r = w(*args, **kwargs)
  File "/home/bluesadi/virtualenvs/Yasat/lib/python3.8/site-packages/angr/analyses/analysis.py", line 129, in wrapper
    oself.__init__(*args, **kwargs)
  File "/home/bluesadi/virtualenvs/Yasat/lib/python3.8/site-packages/angr/analyses/decompiler/block_simplifier.py", line 80, in __init__
    self._analyze()
  File "/home/bluesadi/virtualenvs/Yasat/lib/python3.8/site-packages/angr/analyses/decompiler/block_simplifier.py", line 97, in _analyze
    new_block = self._simplify_block_once(block)
  File "/home/bluesadi/virtualenvs/Yasat/lib/python3.8/site-packages/angr/analyses/decompiler/block_simplifier.py", line 161, in _simplify_block_once
    new_block = self._eliminate_dead_assignments(new_block)
  File "/home/bluesadi/virtualenvs/Yasat/lib/python3.8/site-packages/angr/analyses/decompiler/block_simplifier.py", line 258, in _eliminate_dead_assignments
    rd = self._compute_reaching_definitions(block)
  File "/home/bluesadi/virtualenvs/Yasat/lib/python3.8/site-packages/angr/analyses/decompiler/block_simplifier.py", line 125, in _compute_reaching_definitions
    self._reaching_definitions = self.project.analyses[ReachingDefinitionsAnalysis].prep()(
  File "/home/bluesadi/virtualenvs/Yasat/lib/python3.8/site-packages/angr/analyses/analysis.py", line 129, in wrapper
    oself.__init__(*args, **kwargs)
  File "/home/bluesadi/virtualenvs/Yasat/lib/python3.8/site-packages/angr/analyses/reaching_definitions/reaching_definitions.py", line 161, in __init__
    self._analyze()
  File "/home/bluesadi/virtualenvs/Yasat/lib/python3.8/site-packages/angr/analyses/forward_analysis/forward_analysis.py", line 253, in _analyze
    self._analysis_core_graph()
  File "/home/bluesadi/virtualenvs/Yasat/lib/python3.8/site-packages/angr/analyses/forward_analysis/forward_analysis.py", line 270, in _analysis_core_graph
    changed, output_state = self._run_on_node(n, job_state)
  File "/home/bluesadi/virtualenvs/Yasat/lib/python3.8/site-packages/angr/analyses/reaching_definitions/reaching_definitions.py", line 386, in _run_on_node
    state, self._visited_blocks, self._dep_graph = engine.process(
  File "/home/bluesadi/virtualenvs/Yasat/lib/python3.8/site-packages/angr/analyses/reaching_definitions/engine_ail.py", line 81, in process
    self._process(
  File "/home/bluesadi/virtualenvs/Yasat/lib/python3.8/site-packages/angr/engines/light/engine.py", line 789, in _process
    self._process_Stmt(whitelist=whitelist)
  File "/home/bluesadi/virtualenvs/Yasat/lib/python3.8/site-packages/angr/engines/light/engine.py", line 805, in _process_Stmt
    self._handle_Stmt(stmt)
  File "/home/bluesadi/virtualenvs/Yasat/lib/python3.8/site-packages/angr/analyses/reaching_definitions/engine_ail.py", line 120, in _handle_Stmt
    handler(stmt)
  File "/home/bluesadi/virtualenvs/Yasat/lib/python3.8/site-packages/angr/analyses/reaching_definitions/engine_ail.py", line 192, in _ail_handle_ConditionalJump
    _ = self._expr(stmt.condition)  # pylint:disable=unused-variable
  File "/home/bluesadi/virtualenvs/Yasat/lib/python3.8/site-packages/angr/analyses/reaching_definitions/engine_ail.py", line 130, in _expr
    return handler(expr)
  File "/home/bluesadi/virtualenvs/Yasat/lib/python3.8/site-packages/angr/analyses/reaching_definitions/engine_ail.py", line 652, in _ail_handle_BinaryOp
    r = super()._ail_handle_BinaryOp(expr)
  File "/home/bluesadi/virtualenvs/Yasat/lib/python3.8/site-packages/angr/engines/light/engine.py", line 935, in _ail_handle_BinaryOp
    return handler(expr)
  File "/home/bluesadi/virtualenvs/Yasat/lib/python3.8/site-packages/angr/analyses/reaching_definitions/engine_ail.py", line 1000, in _ail_handle_LogicalAnd
    r = MultiValues(claripy.If(expr0_v == 0, expr0_v, expr1_v))
  File "/home/bluesadi/virtualenvs/Yasat/lib/python3.8/site-packages/claripy/ast/bool.py", line 107, in If
    raise ClaripyTypeError("sized arguments to If must have the same length")
claripy.errors.ClaripyTypeError: sized arguments to If must have the same length

During handling of the above exception, another exception occurred:

Traceback (most recent call last):
  File "/home/bluesadi/Yasat/Yasat/analyses/backward_slicing/engine_ail.py", line 78, in _process_Stmt
    self._handle_Stmt(stmt)
  File "/home/bluesadi/Yasat/Yasat/analyses/backward_slicing/engine_ail.py", line 99, in _handle_Stmt
    handler(stmt)
  File "/home/bluesadi/Yasat/Yasat/analyses/backward_slicing/engine_ail.py", line 128, in _ail_handle_Call
    self._ail_handle_CallExpr(stmt)
  File "/home/bluesadi/Yasat/Yasat/analyses/backward_slicing/engine_ail.py", line 166, in _ail_handle_CallExpr
    ret_expr = handler.handle(func, args)
  File "/home/bluesadi/Yasat/Yasat/analyses/backward_slicing/function_handler/function_handler.py", line 27, in handle
    return self.handle_local_function(func, args)
  File "/home/bluesadi/Yasat/Yasat/analyses/backward_slicing/function_handler/interprocedural_function_handler.py", line 14, in handle_local_function
    bs = func.project.analyses.BackwardSlicing(
  File "/home/bluesadi/virtualenvs/Yasat/lib/python3.8/site-packages/angr/analyses/analysis.py", line 144, in __call__
    r = w(*args, **kwargs)
  File "/home/bluesadi/virtualenvs/Yasat/lib/python3.8/site-packages/angr/analyses/analysis.py", line 129, in wrapper
    oself.__init__(*args, **kwargs)
  File "/home/bluesadi/Yasat/Yasat/analyses/backward_slicing/backward_slicing.py", line 93, in __init__
    self.project.kb.clinic_manager.get_clinic(called_func)
  File "/home/bluesadi/Yasat/Yasat/knowledge_plugins/clinic_manager.py", line 38, in get_clinic
    clinic = self._proj.analyses.Clinic(func)
  File "/home/bluesadi/virtualenvs/Yasat/lib/python3.8/site-packages/angr/analyses/analysis.py", line 144, in __call__
    r = w(*args, **kwargs)
  File "/home/bluesadi/virtualenvs/Yasat/lib/python3.8/site-packages/angr/analyses/analysis.py", line 129, in wrapper
    oself.__init__(*args, **kwargs)
  File "/home/bluesadi/virtualenvs/Yasat/lib/python3.8/site-packages/angr/analyses/decompiler/clinic.py", line 106, in __init__
    self._analyze()
  File "/home/bluesadi/virtualenvs/Yasat/lib/python3.8/site-packages/angr/analyses/decompiler/clinic.py", line 220, in _analyze
    ail_graph = self._simplify_blocks(
  File "/home/bluesadi/virtualenvs/Yasat/lib/python3.8/site-packages/angr/utils/timing.py", line 34, in timed_func
    return func(*args, **kwargs)
  File "/home/bluesadi/virtualenvs/Yasat/lib/python3.8/site-packages/angr/analyses/decompiler/clinic.py", line 620, in _simplify_blocks
    simplified = self._simplify_block(
  File "/home/bluesadi/virtualenvs/Yasat/lib/python3.8/site-packages/angr/analyses/decompiler/clinic.py", line 658, in _simplify_block
    simp = self.project.analyses.AILBlockSimplifier(
  File "/home/bluesadi/virtualenvs/Yasat/lib/python3.8/site-packages/angr/analyses/analysis.py", line 144, in __call__
    r = w(*args, **kwargs)
  File "/home/bluesadi/virtualenvs/Yasat/lib/python3.8/site-packages/angr/analyses/analysis.py", line 129, in wrapper
    oself.__init__(*args, **kwargs)
  File "/home/bluesadi/virtualenvs/Yasat/lib/python3.8/site-packages/angr/analyses/decompiler/block_simplifier.py", line 80, in __init__
    self._analyze()
  File "/home/bluesadi/virtualenvs/Yasat/lib/python3.8/site-packages/angr/analyses/decompiler/block_simplifier.py", line 97, in _analyze
    new_block = self._simplify_block_once(block)
  File "/home/bluesadi/virtualenvs/Yasat/lib/python3.8/site-packages/angr/analyses/decompiler/block_simplifier.py", line 161, in _simplify_block_once
    new_block = self._eliminate_dead_assignments(new_block)
  File "/home/bluesadi/virtualenvs/Yasat/lib/python3.8/site-packages/angr/analyses/decompiler/block_simplifier.py", line 258, in _eliminate_dead_assignments
    rd = self._compute_reaching_definitions(block)
  File "/home/bluesadi/virtualenvs/Yasat/lib/python3.8/site-packages/angr/analyses/decompiler/block_simplifier.py", line 125, in _compute_reaching_definitions
    self._reaching_definitions = self.project.analyses[ReachingDefinitionsAnalysis].prep()(
  File "/home/bluesadi/virtualenvs/Yasat/lib/python3.8/site-packages/angr/analyses/analysis.py", line 129, in wrapper
    oself.__init__(*args, **kwargs)
  File "/home/bluesadi/virtualenvs/Yasat/lib/python3.8/site-packages/angr/analyses/reaching_definitions/reaching_definitions.py", line 161, in __init__
    self._analyze()
  File "/home/bluesadi/virtualenvs/Yasat/lib/python3.8/site-packages/angr/analyses/forward_analysis/forward_analysis.py", line 253, in _analyze
    self._analysis_core_graph()
  File "/home/bluesadi/virtualenvs/Yasat/lib/python3.8/site-packages/angr/analyses/forward_analysis/forward_analysis.py", line 270, in _analysis_core_graph
    changed, output_state = self._run_on_node(n, job_state)
  File "/home/bluesadi/virtualenvs/Yasat/lib/python3.8/site-packages/angr/analyses/reaching_definitions/reaching_definitions.py", line 386, in _run_on_node
    state, self._visited_blocks, self._dep_graph = engine.process(
  File "/home/bluesadi/virtualenvs/Yasat/lib/python3.8/site-packages/angr/analyses/reaching_definitions/engine_ail.py", line 81, in process
    self._process(
  File "/home/bluesadi/virtualenvs/Yasat/lib/python3.8/site-packages/angr/engines/light/engine.py", line 789, in _process
    self._process_Stmt(whitelist=whitelist)
  File "/home/bluesadi/virtualenvs/Yasat/lib/python3.8/site-packages/angr/engines/light/engine.py", line 805, in _process_Stmt
    self._handle_Stmt(stmt)
  File "/home/bluesadi/virtualenvs/Yasat/lib/python3.8/site-packages/angr/analyses/reaching_definitions/engine_ail.py", line 120, in _handle_Stmt
    handler(stmt)
  File "/home/bluesadi/virtualenvs/Yasat/lib/python3.8/site-packages/angr/analyses/reaching_definitions/engine_ail.py", line 192, in _ail_handle_ConditionalJump
    _ = self._expr(stmt.condition)  # pylint:disable=unused-variable
  File "/home/bluesadi/virtualenvs/Yasat/lib/python3.8/site-packages/angr/analyses/reaching_definitions/engine_ail.py", line 130, in _expr
    return handler(expr)
  File "/home/bluesadi/virtualenvs/Yasat/lib/python3.8/site-packages/angr/analyses/reaching_definitions/engine_ail.py", line 652, in _ail_handle_BinaryOp
    r = super()._ail_handle_BinaryOp(expr)
  File "/home/bluesadi/virtualenvs/Yasat/lib/python3.8/site-packages/angr/engines/light/engine.py", line 935, in _ail_handle_BinaryOp
    return handler(expr)
  File "/home/bluesadi/virtualenvs/Yasat/lib/python3.8/site-packages/angr/analyses/reaching_definitions/engine_ail.py", line 1000, in _ail_handle_LogicalAnd
    r = MultiValues(claripy.If(expr0_v == 0, expr0_v, expr1_v))
  File "/home/bluesadi/virtualenvs/Yasat/lib/python3.8/site-packages/claripy/ast/bool.py", line 107, in If
    raise ClaripyTypeError("sized arguments to If must have the same length")
claripy.errors.ClaripyTypeError: sized arguments to If must have the same length

Error occured when handling /home/bluesadi/Yasat/tests_dev/tmp/Netgear/RAXE450-V1.0.7.68_2.0.35.zip/_RAXE450-V1.0.7.68_2.0.35.chk.extracted/squashfs-root/bin/pppd
Error occured when handling statment: 0x2b50c | Call(0x1e92c<32>, <SimCCARM>: [r8<4>, 0x4814c<32>, 0xac3e4<32>, BaseOffset(stack_base, -1312), Load(addr=stack_base-1592, size=4, endness=Iend_LE), BaseOffset(stack_base, -1572), Load(addr=0x60954<32>, size=4, endness=Iend_LE), 0x0<32>, 0x0<32>, 0x0<32>], ret: no-ret-value, fp_ret: no-fp-ret-value)
Traceback (most recent call last):
  File "/home/bluesadi/Yasat/Yasat/knowledge_plugins/clinic_manager.py", line 34, in get_clinic
    clinic = self._proj.analyses.Clinic(
  File "/home/bluesadi/virtualenvs/Yasat/lib/python3.8/site-packages/angr/analyses/analysis.py", line 144, in __call__
    r = w(*args, **kwargs)
  File "/home/bluesadi/virtualenvs/Yasat/lib/python3.8/site-packages/angr/analyses/analysis.py", line 129, in wrapper
    oself.__init__(*args, **kwargs)
  File "/home/bluesadi/virtualenvs/Yasat/lib/python3.8/site-packages/angr/analyses/decompiler/clinic.py", line 106, in __init__
    self._analyze()
  File "/home/bluesadi/virtualenvs/Yasat/lib/python3.8/site-packages/angr/analyses/decompiler/clinic.py", line 220, in _analyze
    ail_graph = self._simplify_blocks(
  File "/home/bluesadi/virtualenvs/Yasat/lib/python3.8/site-packages/angr/utils/timing.py", line 34, in timed_func
    return func(*args, **kwargs)
  File "/home/bluesadi/virtualenvs/Yasat/lib/python3.8/site-packages/angr/analyses/decompiler/clinic.py", line 620, in _simplify_blocks
    simplified = self._simplify_block(
  File "/home/bluesadi/virtualenvs/Yasat/lib/python3.8/site-packages/angr/analyses/decompiler/clinic.py", line 658, in _simplify_block
    simp = self.project.analyses.AILBlockSimplifier(
  File "/home/bluesadi/virtualenvs/Yasat/lib/python3.8/site-packages/angr/analyses/analysis.py", line 144, in __call__
    r = w(*args, **kwargs)
  File "/home/bluesadi/virtualenvs/Yasat/lib/python3.8/site-packages/angr/analyses/analysis.py", line 129, in wrapper
    oself.__init__(*args, **kwargs)
  File "/home/bluesadi/virtualenvs/Yasat/lib/python3.8/site-packages/angr/analyses/decompiler/block_simplifier.py", line 80, in __init__
    self._analyze()
  File "/home/bluesadi/virtualenvs/Yasat/lib/python3.8/site-packages/angr/analyses/decompiler/block_simplifier.py", line 97, in _analyze
    new_block = self._simplify_block_once(block)
  File "/home/bluesadi/virtualenvs/Yasat/lib/python3.8/site-packages/angr/analyses/decompiler/block_simplifier.py", line 161, in _simplify_block_once
    new_block = self._eliminate_dead_assignments(new_block)
  File "/home/bluesadi/virtualenvs/Yasat/lib/python3.8/site-packages/angr/analyses/decompiler/block_simplifier.py", line 258, in _eliminate_dead_assignments
    rd = self._compute_reaching_definitions(block)
  File "/home/bluesadi/virtualenvs/Yasat/lib/python3.8/site-packages/angr/analyses/decompiler/block_simplifier.py", line 125, in _compute_reaching_definitions
    self._reaching_definitions = self.project.analyses[ReachingDefinitionsAnalysis].prep()(
  File "/home/bluesadi/virtualenvs/Yasat/lib/python3.8/site-packages/angr/analyses/analysis.py", line 129, in wrapper
    oself.__init__(*args, **kwargs)
  File "/home/bluesadi/virtualenvs/Yasat/lib/python3.8/site-packages/angr/analyses/reaching_definitions/reaching_definitions.py", line 161, in __init__
    self._analyze()
  File "/home/bluesadi/virtualenvs/Yasat/lib/python3.8/site-packages/angr/analyses/forward_analysis/forward_analysis.py", line 253, in _analyze
    self._analysis_core_graph()
  File "/home/bluesadi/virtualenvs/Yasat/lib/python3.8/site-packages/angr/analyses/forward_analysis/forward_analysis.py", line 270, in _analysis_core_graph
    changed, output_state = self._run_on_node(n, job_state)
  File "/home/bluesadi/virtualenvs/Yasat/lib/python3.8/site-packages/angr/analyses/reaching_definitions/reaching_definitions.py", line 386, in _run_on_node
    state, self._visited_blocks, self._dep_graph = engine.process(
  File "/home/bluesadi/virtualenvs/Yasat/lib/python3.8/site-packages/angr/analyses/reaching_definitions/engine_ail.py", line 81, in process
    self._process(
  File "/home/bluesadi/virtualenvs/Yasat/lib/python3.8/site-packages/angr/engines/light/engine.py", line 789, in _process
    self._process_Stmt(whitelist=whitelist)
  File "/home/bluesadi/virtualenvs/Yasat/lib/python3.8/site-packages/angr/engines/light/engine.py", line 805, in _process_Stmt
    self._handle_Stmt(stmt)
  File "/home/bluesadi/virtualenvs/Yasat/lib/python3.8/site-packages/angr/analyses/reaching_definitions/engine_ail.py", line 120, in _handle_Stmt
    handler(stmt)
  File "/home/bluesadi/virtualenvs/Yasat/lib/python3.8/site-packages/angr/analyses/reaching_definitions/engine_ail.py", line 192, in _ail_handle_ConditionalJump
    _ = self._expr(stmt.condition)  # pylint:disable=unused-variable
  File "/home/bluesadi/virtualenvs/Yasat/lib/python3.8/site-packages/angr/analyses/reaching_definitions/engine_ail.py", line 130, in _expr
    return handler(expr)
  File "/home/bluesadi/virtualenvs/Yasat/lib/python3.8/site-packages/angr/analyses/reaching_definitions/engine_ail.py", line 652, in _ail_handle_BinaryOp
    r = super()._ail_handle_BinaryOp(expr)
  File "/home/bluesadi/virtualenvs/Yasat/lib/python3.8/site-packages/angr/engines/light/engine.py", line 935, in _ail_handle_BinaryOp
    return handler(expr)
  File "/home/bluesadi/virtualenvs/Yasat/lib/python3.8/site-packages/angr/analyses/reaching_definitions/engine_ail.py", line 1000, in _ail_handle_LogicalAnd
    r = MultiValues(claripy.If(expr0_v == 0, expr0_v, expr1_v))
  File "/home/bluesadi/virtualenvs/Yasat/lib/python3.8/site-packages/claripy/ast/bool.py", line 107, in If
    raise ClaripyTypeError("sized arguments to If must have the same length")
claripy.errors.ClaripyTypeError: sized arguments to If must have the same length

During handling of the above exception, another exception occurred:

Traceback (most recent call last):
  File "/home/bluesadi/Yasat/Yasat/analyses/backward_slicing/engine_ail.py", line 78, in _process_Stmt
    self._handle_Stmt(stmt)
  File "/home/bluesadi/Yasat/Yasat/analyses/backward_slicing/engine_ail.py", line 99, in _handle_Stmt
    handler(stmt)
  File "/home/bluesadi/Yasat/Yasat/analyses/backward_slicing/engine_ail.py", line 128, in _ail_handle_Call
    self._ail_handle_CallExpr(stmt)
  File "/home/bluesadi/Yasat/Yasat/analyses/backward_slicing/engine_ail.py", line 166, in _ail_handle_CallExpr
    ret_expr = handler.handle(func, args)
  File "/home/bluesadi/Yasat/Yasat/analyses/backward_slicing/function_handler/function_handler.py", line 27, in handle
    return self.handle_local_function(func, args)
  File "/home/bluesadi/Yasat/Yasat/analyses/backward_slicing/function_handler/interprocedural_function_handler.py", line 14, in handle_local_function
    bs = func.project.analyses.BackwardSlicing(
  File "/home/bluesadi/virtualenvs/Yasat/lib/python3.8/site-packages/angr/analyses/analysis.py", line 144, in __call__
    r = w(*args, **kwargs)
  File "/home/bluesadi/virtualenvs/Yasat/lib/python3.8/site-packages/angr/analyses/analysis.py", line 129, in wrapper
    oself.__init__(*args, **kwargs)
  File "/home/bluesadi/Yasat/Yasat/analyses/backward_slicing/backward_slicing.py", line 93, in __init__
    self.project.kb.clinic_manager.get_clinic(called_func)
  File "/home/bluesadi/Yasat/Yasat/knowledge_plugins/clinic_manager.py", line 38, in get_clinic
    clinic = self._proj.analyses.Clinic(func)
  File "/home/bluesadi/virtualenvs/Yasat/lib/python3.8/site-packages/angr/analyses/analysis.py", line 144, in __call__
    r = w(*args, **kwargs)
  File "/home/bluesadi/virtualenvs/Yasat/lib/python3.8/site-packages/angr/analyses/analysis.py", line 129, in wrapper
    oself.__init__(*args, **kwargs)
  File "/home/bluesadi/virtualenvs/Yasat/lib/python3.8/site-packages/angr/analyses/decompiler/clinic.py", line 106, in __init__
    self._analyze()
  File "/home/bluesadi/virtualenvs/Yasat/lib/python3.8/site-packages/angr/analyses/decompiler/clinic.py", line 220, in _analyze
    ail_graph = self._simplify_blocks(
  File "/home/bluesadi/virtualenvs/Yasat/lib/python3.8/site-packages/angr/utils/timing.py", line 34, in timed_func
    return func(*args, **kwargs)
  File "/home/bluesadi/virtualenvs/Yasat/lib/python3.8/site-packages/angr/analyses/decompiler/clinic.py", line 620, in _simplify_blocks
    simplified = self._simplify_block(
  File "/home/bluesadi/virtualenvs/Yasat/lib/python3.8/site-packages/angr/analyses/decompiler/clinic.py", line 658, in _simplify_block
    simp = self.project.analyses.AILBlockSimplifier(
  File "/home/bluesadi/virtualenvs/Yasat/lib/python3.8/site-packages/angr/analyses/analysis.py", line 144, in __call__
    r = w(*args, **kwargs)
  File "/home/bluesadi/virtualenvs/Yasat/lib/python3.8/site-packages/angr/analyses/analysis.py", line 129, in wrapper
    oself.__init__(*args, **kwargs)
  File "/home/bluesadi/virtualenvs/Yasat/lib/python3.8/site-packages/angr/analyses/decompiler/block_simplifier.py", line 80, in __init__
    self._analyze()
  File "/home/bluesadi/virtualenvs/Yasat/lib/python3.8/site-packages/angr/analyses/decompiler/block_simplifier.py", line 97, in _analyze
    new_block = self._simplify_block_once(block)
  File "/home/bluesadi/virtualenvs/Yasat/lib/python3.8/site-packages/angr/analyses/decompiler/block_simplifier.py", line 161, in _simplify_block_once
    new_block = self._eliminate_dead_assignments(new_block)
  File "/home/bluesadi/virtualenvs/Yasat/lib/python3.8/site-packages/angr/analyses/decompiler/block_simplifier.py", line 258, in _eliminate_dead_assignments
    rd = self._compute_reaching_definitions(block)
  File "/home/bluesadi/virtualenvs/Yasat/lib/python3.8/site-packages/angr/analyses/decompiler/block_simplifier.py", line 125, in _compute_reaching_definitions
    self._reaching_definitions = self.project.analyses[ReachingDefinitionsAnalysis].prep()(
  File "/home/bluesadi/virtualenvs/Yasat/lib/python3.8/site-packages/angr/analyses/analysis.py", line 129, in wrapper
    oself.__init__(*args, **kwargs)
  File "/home/bluesadi/virtualenvs/Yasat/lib/python3.8/site-packages/angr/analyses/reaching_definitions/reaching_definitions.py", line 161, in __init__
    self._analyze()
  File "/home/bluesadi/virtualenvs/Yasat/lib/python3.8/site-packages/angr/analyses/forward_analysis/forward_analysis.py", line 253, in _analyze
    self._analysis_core_graph()
  File "/home/bluesadi/virtualenvs/Yasat/lib/python3.8/site-packages/angr/analyses/forward_analysis/forward_analysis.py", line 270, in _analysis_core_graph
    changed, output_state = self._run_on_node(n, job_state)
  File "/home/bluesadi/virtualenvs/Yasat/lib/python3.8/site-packages/angr/analyses/reaching_definitions/reaching_definitions.py", line 386, in _run_on_node
    state, self._visited_blocks, self._dep_graph = engine.process(
  File "/home/bluesadi/virtualenvs/Yasat/lib/python3.8/site-packages/angr/analyses/reaching_definitions/engine_ail.py", line 81, in process
    self._process(
  File "/home/bluesadi/virtualenvs/Yasat/lib/python3.8/site-packages/angr/engines/light/engine.py", line 789, in _process
    self._process_Stmt(whitelist=whitelist)
  File "/home/bluesadi/virtualenvs/Yasat/lib/python3.8/site-packages/angr/engines/light/engine.py", line 805, in _process_Stmt
    self._handle_Stmt(stmt)
  File "/home/bluesadi/virtualenvs/Yasat/lib/python3.8/site-packages/angr/analyses/reaching_definitions/engine_ail.py", line 120, in _handle_Stmt
    handler(stmt)
  File "/home/bluesadi/virtualenvs/Yasat/lib/python3.8/site-packages/angr/analyses/reaching_definitions/engine_ail.py", line 192, in _ail_handle_ConditionalJump
    _ = self._expr(stmt.condition)  # pylint:disable=unused-variable
  File "/home/bluesadi/virtualenvs/Yasat/lib/python3.8/site-packages/angr/analyses/reaching_definitions/engine_ail.py", line 130, in _expr
    return handler(expr)
  File "/home/bluesadi/virtualenvs/Yasat/lib/python3.8/site-packages/angr/analyses/reaching_definitions/engine_ail.py", line 652, in _ail_handle_BinaryOp
    r = super()._ail_handle_BinaryOp(expr)
  File "/home/bluesadi/virtualenvs/Yasat/lib/python3.8/site-packages/angr/engines/light/engine.py", line 935, in _ail_handle_BinaryOp
    return handler(expr)
  File "/home/bluesadi/virtualenvs/Yasat/lib/python3.8/site-packages/angr/analyses/reaching_definitions/engine_ail.py", line 1000, in _ail_handle_LogicalAnd
    r = MultiValues(claripy.If(expr0_v == 0, expr0_v, expr1_v))
  File "/home/bluesadi/virtualenvs/Yasat/lib/python3.8/site-packages/claripy/ast/bool.py", line 107, in If
    raise ClaripyTypeError("sized arguments to If must have the same length")
claripy.errors.ClaripyTypeError: sized arguments to If must have the same length

Error occured when handling /home/bluesadi/Yasat/tests_dev/tmp/Netgear/RAXE500-V1.0.7.68_2.0.35.zip/_RAXE500-V1.0.7.68_2.0.35.chk.extracted/squashfs-root/bin/pppd
Error occured when handling statment: 0x2b50c | Call(0x1e92c<32>, <SimCCARM>: [r8<4>, 0x4814c<32>, 0xac3e4<32>, BaseOffset(stack_base, -1312), Load(addr=stack_base-1592, size=4, endness=Iend_LE), BaseOffset(stack_base, -1572), Load(addr=0x60954<32>, size=4, endness=Iend_LE), 0x0<32>, 0x0<32>, 0x0<32>], ret: no-ret-value, fp_ret: no-fp-ret-value)
Traceback (most recent call last):
  File "/home/bluesadi/Yasat/Yasat/knowledge_plugins/clinic_manager.py", line 34, in get_clinic
    clinic = self._proj.analyses.Clinic(
  File "/home/bluesadi/virtualenvs/Yasat/lib/python3.8/site-packages/angr/analyses/analysis.py", line 144, in __call__
    r = w(*args, **kwargs)
  File "/home/bluesadi/virtualenvs/Yasat/lib/python3.8/site-packages/angr/analyses/analysis.py", line 129, in wrapper
    oself.__init__(*args, **kwargs)
  File "/home/bluesadi/virtualenvs/Yasat/lib/python3.8/site-packages/angr/analyses/decompiler/clinic.py", line 106, in __init__
    self._analyze()
  File "/home/bluesadi/virtualenvs/Yasat/lib/python3.8/site-packages/angr/analyses/decompiler/clinic.py", line 220, in _analyze
    ail_graph = self._simplify_blocks(
  File "/home/bluesadi/virtualenvs/Yasat/lib/python3.8/site-packages/angr/utils/timing.py", line 34, in timed_func
    return func(*args, **kwargs)
  File "/home/bluesadi/virtualenvs/Yasat/lib/python3.8/site-packages/angr/analyses/decompiler/clinic.py", line 620, in _simplify_blocks
    simplified = self._simplify_block(
  File "/home/bluesadi/virtualenvs/Yasat/lib/python3.8/site-packages/angr/analyses/decompiler/clinic.py", line 658, in _simplify_block
    simp = self.project.analyses.AILBlockSimplifier(
  File "/home/bluesadi/virtualenvs/Yasat/lib/python3.8/site-packages/angr/analyses/analysis.py", line 144, in __call__
    r = w(*args, **kwargs)
  File "/home/bluesadi/virtualenvs/Yasat/lib/python3.8/site-packages/angr/analyses/analysis.py", line 129, in wrapper
    oself.__init__(*args, **kwargs)
  File "/home/bluesadi/virtualenvs/Yasat/lib/python3.8/site-packages/angr/analyses/decompiler/block_simplifier.py", line 80, in __init__
    self._analyze()
  File "/home/bluesadi/virtualenvs/Yasat/lib/python3.8/site-packages/angr/analyses/decompiler/block_simplifier.py", line 97, in _analyze
    new_block = self._simplify_block_once(block)
  File "/home/bluesadi/virtualenvs/Yasat/lib/python3.8/site-packages/angr/analyses/decompiler/block_simplifier.py", line 161, in _simplify_block_once
    new_block = self._eliminate_dead_assignments(new_block)
  File "/home/bluesadi/virtualenvs/Yasat/lib/python3.8/site-packages/angr/analyses/decompiler/block_simplifier.py", line 258, in _eliminate_dead_assignments
    rd = self._compute_reaching_definitions(block)
  File "/home/bluesadi/virtualenvs/Yasat/lib/python3.8/site-packages/angr/analyses/decompiler/block_simplifier.py", line 125, in _compute_reaching_definitions
    self._reaching_definitions = self.project.analyses[ReachingDefinitionsAnalysis].prep()(
  File "/home/bluesadi/virtualenvs/Yasat/lib/python3.8/site-packages/angr/analyses/analysis.py", line 129, in wrapper
    oself.__init__(*args, **kwargs)
  File "/home/bluesadi/virtualenvs/Yasat/lib/python3.8/site-packages/angr/analyses/reaching_definitions/reaching_definitions.py", line 161, in __init__
    self._analyze()
  File "/home/bluesadi/virtualenvs/Yasat/lib/python3.8/site-packages/angr/analyses/forward_analysis/forward_analysis.py", line 253, in _analyze
    self._analysis_core_graph()
  File "/home/bluesadi/virtualenvs/Yasat/lib/python3.8/site-packages/angr/analyses/forward_analysis/forward_analysis.py", line 270, in _analysis_core_graph
    changed, output_state = self._run_on_node(n, job_state)
  File "/home/bluesadi/virtualenvs/Yasat/lib/python3.8/site-packages/angr/analyses/reaching_definitions/reaching_definitions.py", line 386, in _run_on_node
    state, self._visited_blocks, self._dep_graph = engine.process(
  File "/home/bluesadi/virtualenvs/Yasat/lib/python3.8/site-packages/angr/analyses/reaching_definitions/engine_ail.py", line 81, in process
    self._process(
  File "/home/bluesadi/virtualenvs/Yasat/lib/python3.8/site-packages/angr/engines/light/engine.py", line 789, in _process
    self._process_Stmt(whitelist=whitelist)
  File "/home/bluesadi/virtualenvs/Yasat/lib/python3.8/site-packages/angr/engines/light/engine.py", line 805, in _process_Stmt
    self._handle_Stmt(stmt)
  File "/home/bluesadi/virtualenvs/Yasat/lib/python3.8/site-packages/angr/analyses/reaching_definitions/engine_ail.py", line 120, in _handle_Stmt
    handler(stmt)
  File "/home/bluesadi/virtualenvs/Yasat/lib/python3.8/site-packages/angr/analyses/reaching_definitions/engine_ail.py", line 192, in _ail_handle_ConditionalJump
    _ = self._expr(stmt.condition)  # pylint:disable=unused-variable
  File "/home/bluesadi/virtualenvs/Yasat/lib/python3.8/site-packages/angr/analyses/reaching_definitions/engine_ail.py", line 130, in _expr
    return handler(expr)
  File "/home/bluesadi/virtualenvs/Yasat/lib/python3.8/site-packages/angr/analyses/reaching_definitions/engine_ail.py", line 652, in _ail_handle_BinaryOp
    r = super()._ail_handle_BinaryOp(expr)
  File "/home/bluesadi/virtualenvs/Yasat/lib/python3.8/site-packages/angr/engines/light/engine.py", line 935, in _ail_handle_BinaryOp
    return handler(expr)
  File "/home/bluesadi/virtualenvs/Yasat/lib/python3.8/site-packages/angr/analyses/reaching_definitions/engine_ail.py", line 1000, in _ail_handle_LogicalAnd
    r = MultiValues(claripy.If(expr0_v == 0, expr0_v, expr1_v))
  File "/home/bluesadi/virtualenvs/Yasat/lib/python3.8/site-packages/claripy/ast/bool.py", line 107, in If
    raise ClaripyTypeError("sized arguments to If must have the same length")
claripy.errors.ClaripyTypeError: sized arguments to If must have the same length

During handling of the above exception, another exception occurred:

Traceback (most recent call last):
  File "/home/bluesadi/Yasat/Yasat/analyses/backward_slicing/engine_ail.py", line 78, in _process_Stmt
    self._handle_Stmt(stmt)
  File "/home/bluesadi/Yasat/Yasat/analyses/backward_slicing/engine_ail.py", line 99, in _handle_Stmt
    handler(stmt)
  File "/home/bluesadi/Yasat/Yasat/analyses/backward_slicing/engine_ail.py", line 128, in _ail_handle_Call
    self._ail_handle_CallExpr(stmt)
  File "/home/bluesadi/Yasat/Yasat/analyses/backward_slicing/engine_ail.py", line 166, in _ail_handle_CallExpr
    ret_expr = handler.handle(func, args)
  File "/home/bluesadi/Yasat/Yasat/analyses/backward_slicing/function_handler/function_handler.py", line 27, in handle
    return self.handle_local_function(func, args)
  File "/home/bluesadi/Yasat/Yasat/analyses/backward_slicing/function_handler/interprocedural_function_handler.py", line 14, in handle_local_function
    bs = func.project.analyses.BackwardSlicing(
  File "/home/bluesadi/virtualenvs/Yasat/lib/python3.8/site-packages/angr/analyses/analysis.py", line 144, in __call__
    r = w(*args, **kwargs)
  File "/home/bluesadi/virtualenvs/Yasat/lib/python3.8/site-packages/angr/analyses/analysis.py", line 129, in wrapper
    oself.__init__(*args, **kwargs)
  File "/home/bluesadi/Yasat/Yasat/analyses/backward_slicing/backward_slicing.py", line 93, in __init__
    self.project.kb.clinic_manager.get_clinic(called_func)
  File "/home/bluesadi/Yasat/Yasat/knowledge_plugins/clinic_manager.py", line 38, in get_clinic
    clinic = self._proj.analyses.Clinic(func)
  File "/home/bluesadi/virtualenvs/Yasat/lib/python3.8/site-packages/angr/analyses/analysis.py", line 144, in __call__
    r = w(*args, **kwargs)
  File "/home/bluesadi/virtualenvs/Yasat/lib/python3.8/site-packages/angr/analyses/analysis.py", line 129, in wrapper
    oself.__init__(*args, **kwargs)
  File "/home/bluesadi/virtualenvs/Yasat/lib/python3.8/site-packages/angr/analyses/decompiler/clinic.py", line 106, in __init__
    self._analyze()
  File "/home/bluesadi/virtualenvs/Yasat/lib/python3.8/site-packages/angr/analyses/decompiler/clinic.py", line 220, in _analyze
    ail_graph = self._simplify_blocks(
  File "/home/bluesadi/virtualenvs/Yasat/lib/python3.8/site-packages/angr/utils/timing.py", line 34, in timed_func
    return func(*args, **kwargs)
  File "/home/bluesadi/virtualenvs/Yasat/lib/python3.8/site-packages/angr/analyses/decompiler/clinic.py", line 620, in _simplify_blocks
    simplified = self._simplify_block(
  File "/home/bluesadi/virtualenvs/Yasat/lib/python3.8/site-packages/angr/analyses/decompiler/clinic.py", line 658, in _simplify_block
    simp = self.project.analyses.AILBlockSimplifier(
  File "/home/bluesadi/virtualenvs/Yasat/lib/python3.8/site-packages/angr/analyses/analysis.py", line 144, in __call__
    r = w(*args, **kwargs)
  File "/home/bluesadi/virtualenvs/Yasat/lib/python3.8/site-packages/angr/analyses/analysis.py", line 129, in wrapper
    oself.__init__(*args, **kwargs)
  File "/home/bluesadi/virtualenvs/Yasat/lib/python3.8/site-packages/angr/analyses/decompiler/block_simplifier.py", line 80, in __init__
    self._analyze()
  File "/home/bluesadi/virtualenvs/Yasat/lib/python3.8/site-packages/angr/analyses/decompiler/block_simplifier.py", line 97, in _analyze
    new_block = self._simplify_block_once(block)
  File "/home/bluesadi/virtualenvs/Yasat/lib/python3.8/site-packages/angr/analyses/decompiler/block_simplifier.py", line 161, in _simplify_block_once
    new_block = self._eliminate_dead_assignments(new_block)
  File "/home/bluesadi/virtualenvs/Yasat/lib/python3.8/site-packages/angr/analyses/decompiler/block_simplifier.py", line 258, in _eliminate_dead_assignments
    rd = self._compute_reaching_definitions(block)
  File "/home/bluesadi/virtualenvs/Yasat/lib/python3.8/site-packages/angr/analyses/decompiler/block_simplifier.py", line 125, in _compute_reaching_definitions
    self._reaching_definitions = self.project.analyses[ReachingDefinitionsAnalysis].prep()(
  File "/home/bluesadi/virtualenvs/Yasat/lib/python3.8/site-packages/angr/analyses/analysis.py", line 129, in wrapper
    oself.__init__(*args, **kwargs)
  File "/home/bluesadi/virtualenvs/Yasat/lib/python3.8/site-packages/angr/analyses/reaching_definitions/reaching_definitions.py", line 161, in __init__
    self._analyze()
  File "/home/bluesadi/virtualenvs/Yasat/lib/python3.8/site-packages/angr/analyses/forward_analysis/forward_analysis.py", line 253, in _analyze
    self._analysis_core_graph()
  File "/home/bluesadi/virtualenvs/Yasat/lib/python3.8/site-packages/angr/analyses/forward_analysis/forward_analysis.py", line 270, in _analysis_core_graph
    changed, output_state = self._run_on_node(n, job_state)
  File "/home/bluesadi/virtualenvs/Yasat/lib/python3.8/site-packages/angr/analyses/reaching_definitions/reaching_definitions.py", line 386, in _run_on_node
    state, self._visited_blocks, self._dep_graph = engine.process(
  File "/home/bluesadi/virtualenvs/Yasat/lib/python3.8/site-packages/angr/analyses/reaching_definitions/engine_ail.py", line 81, in process
    self._process(
  File "/home/bluesadi/virtualenvs/Yasat/lib/python3.8/site-packages/angr/engines/light/engine.py", line 789, in _process
    self._process_Stmt(whitelist=whitelist)
  File "/home/bluesadi/virtualenvs/Yasat/lib/python3.8/site-packages/angr/engines/light/engine.py", line 805, in _process_Stmt
    self._handle_Stmt(stmt)
  File "/home/bluesadi/virtualenvs/Yasat/lib/python3.8/site-packages/angr/analyses/reaching_definitions/engine_ail.py", line 120, in _handle_Stmt
    handler(stmt)
  File "/home/bluesadi/virtualenvs/Yasat/lib/python3.8/site-packages/angr/analyses/reaching_definitions/engine_ail.py", line 192, in _ail_handle_ConditionalJump
    _ = self._expr(stmt.condition)  # pylint:disable=unused-variable
  File "/home/bluesadi/virtualenvs/Yasat/lib/python3.8/site-packages/angr/analyses/reaching_definitions/engine_ail.py", line 130, in _expr
    return handler(expr)
  File "/home/bluesadi/virtualenvs/Yasat/lib/python3.8/site-packages/angr/analyses/reaching_definitions/engine_ail.py", line 652, in _ail_handle_BinaryOp
    r = super()._ail_handle_BinaryOp(expr)
  File "/home/bluesadi/virtualenvs/Yasat/lib/python3.8/site-packages/angr/engines/light/engine.py", line 935, in _ail_handle_BinaryOp
    return handler(expr)
  File "/home/bluesadi/virtualenvs/Yasat/lib/python3.8/site-packages/angr/analyses/reaching_definitions/engine_ail.py", line 1000, in _ail_handle_LogicalAnd
    r = MultiValues(claripy.If(expr0_v == 0, expr0_v, expr1_v))
  File "/home/bluesadi/virtualenvs/Yasat/lib/python3.8/site-packages/claripy/ast/bool.py", line 107, in If
    raise ClaripyTypeError("sized arguments to If must have the same length")
claripy.errors.ClaripyTypeError: sized arguments to If must have the same length

Error occured when handling /home/bluesadi/Yasat/tests_dev/tmp/TP-Link/Archer AX10(US)_V1.20_220117.zip/Archer AX10(EU)_V1.20_220117/_ax10v1.20-up-ver1-2-5-P1[20220117-rel52085]_2022-01-17_14.29.24.bin.extracted/squashfs-root/usr/sbin/pppd
Error occured when handling statment: 0x2a814 | Call(0x1a210<32>, <SimCCARM>: [r6<4>, 0x484e0<32>], ret: no-ret-value, fp_ret: no-fp-ret-value)
Traceback (most recent call last):
  File "/home/bluesadi/Yasat/Yasat/knowledge_plugins/clinic_manager.py", line 34, in get_clinic
    clinic = self._proj.analyses.Clinic(
  File "/home/bluesadi/virtualenvs/Yasat/lib/python3.8/site-packages/angr/analyses/analysis.py", line 144, in __call__
    r = w(*args, **kwargs)
  File "/home/bluesadi/virtualenvs/Yasat/lib/python3.8/site-packages/angr/analyses/analysis.py", line 129, in wrapper
    oself.__init__(*args, **kwargs)
  File "/home/bluesadi/virtualenvs/Yasat/lib/python3.8/site-packages/angr/analyses/decompiler/clinic.py", line 106, in __init__
    self._analyze()
  File "/home/bluesadi/virtualenvs/Yasat/lib/python3.8/site-packages/angr/analyses/decompiler/clinic.py", line 253, in _analyze
    _, stackarg_offsets = self._make_callsites(ail_graph, stack_pointer_tracker=spt)
  File "/home/bluesadi/virtualenvs/Yasat/lib/python3.8/site-packages/angr/utils/timing.py", line 34, in timed_func
    return func(*args, **kwargs)
  File "/home/bluesadi/virtualenvs/Yasat/lib/python3.8/site-packages/angr/analyses/decompiler/clinic.py", line 844, in _make_callsites
    AILGraphWalker(ail_graph, _handler, replace_nodes=True).walk()
  File "/home/bluesadi/virtualenvs/Yasat/lib/python3.8/site-packages/angr/analyses/decompiler/ailgraph_walker.py", line 21, in walk
    r = self.handler(node)
  File "/home/bluesadi/virtualenvs/Yasat/lib/python3.8/site-packages/angr/analyses/decompiler/clinic.py", line 823, in _handler
    csm = self.project.analyses.AILCallSiteMaker(
  File "/home/bluesadi/virtualenvs/Yasat/lib/python3.8/site-packages/angr/analyses/analysis.py", line 144, in __call__
    r = w(*args, **kwargs)
  File "/home/bluesadi/virtualenvs/Yasat/lib/python3.8/site-packages/angr/analyses/analysis.py", line 129, in wrapper
    oself.__init__(*args, **kwargs)
  File "/home/bluesadi/virtualenvs/Yasat/lib/python3.8/site-packages/angr/analyses/decompiler/callsite_maker.py", line 40, in __init__
    self._analyze()
  File "/home/bluesadi/virtualenvs/Yasat/lib/python3.8/site-packages/angr/analyses/decompiler/callsite_maker.py", line 122, in _analyze
    raise NotImplementedError("Not implemented yet.")
NotImplementedError: Not implemented yet.

During handling of the above exception, another exception occurred:

Traceback (most recent call last):
  File "/home/bluesadi/Yasat/Yasat/analyses/backward_slicing/engine_ail.py", line 78, in _process_Stmt
    self._handle_Stmt(stmt)
  File "/home/bluesadi/Yasat/Yasat/analyses/backward_slicing/engine_ail.py", line 99, in _handle_Stmt
    handler(stmt)
  File "/home/bluesadi/Yasat/Yasat/analyses/backward_slicing/engine_ail.py", line 128, in _ail_handle_Call
    self._ail_handle_CallExpr(stmt)
  File "/home/bluesadi/Yasat/Yasat/analyses/backward_slicing/engine_ail.py", line 166, in _ail_handle_CallExpr
    ret_expr = handler.handle(func, args)
  File "/home/bluesadi/Yasat/Yasat/analyses/backward_slicing/function_handler/function_handler.py", line 27, in handle
    return self.handle_local_function(func, args)
  File "/home/bluesadi/Yasat/Yasat/analyses/backward_slicing/function_handler/interprocedural_function_handler.py", line 14, in handle_local_function
    bs = func.project.analyses.BackwardSlicing(
  File "/home/bluesadi/virtualenvs/Yasat/lib/python3.8/site-packages/angr/analyses/analysis.py", line 144, in __call__
    r = w(*args, **kwargs)
  File "/home/bluesadi/virtualenvs/Yasat/lib/python3.8/site-packages/angr/analyses/analysis.py", line 129, in wrapper
    oself.__init__(*args, **kwargs)
  File "/home/bluesadi/Yasat/Yasat/analyses/backward_slicing/backward_slicing.py", line 93, in __init__
    self.project.kb.clinic_manager.get_clinic(called_func)
  File "/home/bluesadi/Yasat/Yasat/knowledge_plugins/clinic_manager.py", line 38, in get_clinic
    clinic = self._proj.analyses.Clinic(func)
  File "/home/bluesadi/virtualenvs/Yasat/lib/python3.8/site-packages/angr/analyses/analysis.py", line 144, in __call__
    r = w(*args, **kwargs)
  File "/home/bluesadi/virtualenvs/Yasat/lib/python3.8/site-packages/angr/analyses/analysis.py", line 129, in wrapper
    oself.__init__(*args, **kwargs)
  File "/home/bluesadi/virtualenvs/Yasat/lib/python3.8/site-packages/angr/analyses/decompiler/clinic.py", line 106, in __init__
    self._analyze()
  File "/home/bluesadi/virtualenvs/Yasat/lib/python3.8/site-packages/angr/analyses/decompiler/clinic.py", line 253, in _analyze
    _, stackarg_offsets = self._make_callsites(ail_graph, stack_pointer_tracker=spt)
  File "/home/bluesadi/virtualenvs/Yasat/lib/python3.8/site-packages/angr/utils/timing.py", line 34, in timed_func
    return func(*args, **kwargs)
  File "/home/bluesadi/virtualenvs/Yasat/lib/python3.8/site-packages/angr/analyses/decompiler/clinic.py", line 844, in _make_callsites
    AILGraphWalker(ail_graph, _handler, replace_nodes=True).walk()
  File "/home/bluesadi/virtualenvs/Yasat/lib/python3.8/site-packages/angr/analyses/decompiler/ailgraph_walker.py", line 21, in walk
    r = self.handler(node)
  File "/home/bluesadi/virtualenvs/Yasat/lib/python3.8/site-packages/angr/analyses/decompiler/clinic.py", line 823, in _handler
    csm = self.project.analyses.AILCallSiteMaker(
  File "/home/bluesadi/virtualenvs/Yasat/lib/python3.8/site-packages/angr/analyses/analysis.py", line 144, in __call__
    r = w(*args, **kwargs)
  File "/home/bluesadi/virtualenvs/Yasat/lib/python3.8/site-packages/angr/analyses/analysis.py", line 129, in wrapper
    oself.__init__(*args, **kwargs)
  File "/home/bluesadi/virtualenvs/Yasat/lib/python3.8/site-packages/angr/analyses/decompiler/callsite_maker.py", line 40, in __init__
    self._analyze()
  File "/home/bluesadi/virtualenvs/Yasat/lib/python3.8/site-packages/angr/analyses/decompiler/callsite_maker.py", line 122, in _analyze
    raise NotImplementedError("Not implemented yet.")
NotImplementedError: Not implemented yet.

Error occured when handling /home/bluesadi/Yasat/tests_dev/tmp/Tomato/tomato-RT-AC3200-ARM--140-AIO-64K.zip/image/_tomato-RT-AC3200-ARM--140-AIO-64K.trx.extracted/squashfs-root/usr/bin/dropbearmulti
Error occured when handling statment: 0x1d890 | Call(0xa624<32>, <SimCCARM>: [r4<4>], ret: no-ret-value, fp_ret: no-fp-ret-value)
Traceback (most recent call last):
  File "/home/bluesadi/Yasat/Yasat/analyses/backward_slicing/engine_ail.py", line 78, in _process_Stmt
    self._handle_Stmt(stmt)
  File "/home/bluesadi/Yasat/Yasat/analyses/backward_slicing/engine_ail.py", line 99, in _handle_Stmt
    handler(stmt)
  File "/home/bluesadi/Yasat/Yasat/analyses/backward_slicing/engine_ail.py", line 128, in _ail_handle_Call
    self._ail_handle_CallExpr(stmt)
  File "/home/bluesadi/Yasat/Yasat/analyses/backward_slicing/engine_ail.py", line 166, in _ail_handle_CallExpr
    ret_expr = handler.handle(func, args)
  File "/home/bluesadi/Yasat/Yasat/analyses/backward_slicing/function_handler/function_handler.py", line 27, in handle
    return self.handle_local_function(func, args)
  File "/home/bluesadi/Yasat/Yasat/analyses/backward_slicing/function_handler/interprocedural_function_handler.py", line 14, in handle_local_function
    bs = func.project.analyses.BackwardSlicing(
  File "/home/bluesadi/virtualenvs/Yasat/lib/python3.8/site-packages/angr/analyses/analysis.py", line 144, in __call__
    r = w(*args, **kwargs)
  File "/home/bluesadi/virtualenvs/Yasat/lib/python3.8/site-packages/angr/analyses/analysis.py", line 129, in wrapper
    oself.__init__(*args, **kwargs)
  File "/home/bluesadi/Yasat/Yasat/analyses/backward_slicing/backward_slicing.py", line 121, in __init__
    self._remove_unreachable_blocks()
  File "/home/bluesadi/Yasat/Yasat/analyses/backward_slicing/backward_slicing.py", line 153, in _remove_unreachable_blocks
    stmt = block.statements[-1]
AttributeError: 'NoneType' object has no attribute 'statements'

Error occured when handling /home/bluesadi/Yasat/tests_dev/tmp/Tomato/tomato-RT-AC3200-ARM--140-AIO-64K.zip/image/_tomato-RT-AC3200-ARM--140-AIO-64K.trx.extracted/squashfs-root/usr/bin/dropbearmulti
Error occured when handling statment: 0x1d890 | Call(0xa624<32>, <SimCCARM>: [r4<4>], ret: no-ret-value, fp_ret: no-fp-ret-value)
Traceback (most recent call last):
  File "/home/bluesadi/Yasat/Yasat/analyses/backward_slicing/engine_ail.py", line 78, in _process_Stmt
    self._handle_Stmt(stmt)
  File "/home/bluesadi/Yasat/Yasat/analyses/backward_slicing/engine_ail.py", line 99, in _handle_Stmt
    handler(stmt)
  File "/home/bluesadi/Yasat/Yasat/analyses/backward_slicing/engine_ail.py", line 128, in _ail_handle_Call
    self._ail_handle_CallExpr(stmt)
  File "/home/bluesadi/Yasat/Yasat/analyses/backward_slicing/engine_ail.py", line 166, in _ail_handle_CallExpr
    ret_expr = handler.handle(func, args)
  File "/home/bluesadi/Yasat/Yasat/analyses/backward_slicing/function_handler/function_handler.py", line 27, in handle
    return self.handle_local_function(func, args)
  File "/home/bluesadi/Yasat/Yasat/analyses/backward_slicing/function_handler/interprocedural_function_handler.py", line 14, in handle_local_function
    bs = func.project.analyses.BackwardSlicing(
  File "/home/bluesadi/virtualenvs/Yasat/lib/python3.8/site-packages/angr/analyses/analysis.py", line 144, in __call__
    r = w(*args, **kwargs)
  File "/home/bluesadi/virtualenvs/Yasat/lib/python3.8/site-packages/angr/analyses/analysis.py", line 129, in wrapper
    oself.__init__(*args, **kwargs)
  File "/home/bluesadi/Yasat/Yasat/analyses/backward_slicing/backward_slicing.py", line 121, in __init__
    self._remove_unreachable_blocks()
  File "/home/bluesadi/Yasat/Yasat/analyses/backward_slicing/backward_slicing.py", line 153, in _remove_unreachable_blocks
    stmt = block.statements[-1]
AttributeError: 'NoneType' object has no attribute 'statements'

Error occured when handling /home/bluesadi/Yasat/tests_dev/tmp/TP-Link/Archer AX55(US)_V2_220127.zip/Archer AX55(US)_V2_220127/_ax55v2-us-up-ver1-0-3-P1[20220127-rel27533]_signed.bin.extracted/squashfs-root/usr/sbin/pppd
Error occured when handling statment: 0x29f84 | Call(0x1a398<32>, <SimCCARM>: [r7<4>, 0x4771c<32>], ret: no-ret-value, fp_ret: no-fp-ret-value)
Traceback (most recent call last):
  File "/home/bluesadi/Yasat/Yasat/knowledge_plugins/clinic_manager.py", line 34, in get_clinic
    clinic = self._proj.analyses.Clinic(
  File "/home/bluesadi/virtualenvs/Yasat/lib/python3.8/site-packages/angr/analyses/analysis.py", line 144, in __call__
    r = w(*args, **kwargs)
  File "/home/bluesadi/virtualenvs/Yasat/lib/python3.8/site-packages/angr/analyses/analysis.py", line 129, in wrapper
    oself.__init__(*args, **kwargs)
  File "/home/bluesadi/virtualenvs/Yasat/lib/python3.8/site-packages/angr/analyses/decompiler/clinic.py", line 106, in __init__
    self._analyze()
  File "/home/bluesadi/virtualenvs/Yasat/lib/python3.8/site-packages/angr/analyses/decompiler/clinic.py", line 253, in _analyze
    _, stackarg_offsets = self._make_callsites(ail_graph, stack_pointer_tracker=spt)
  File "/home/bluesadi/virtualenvs/Yasat/lib/python3.8/site-packages/angr/utils/timing.py", line 34, in timed_func
    return func(*args, **kwargs)
  File "/home/bluesadi/virtualenvs/Yasat/lib/python3.8/site-packages/angr/analyses/decompiler/clinic.py", line 844, in _make_callsites
    AILGraphWalker(ail_graph, _handler, replace_nodes=True).walk()
  File "/home/bluesadi/virtualenvs/Yasat/lib/python3.8/site-packages/angr/analyses/decompiler/ailgraph_walker.py", line 21, in walk
    r = self.handler(node)
  File "/home/bluesadi/virtualenvs/Yasat/lib/python3.8/site-packages/angr/analyses/decompiler/clinic.py", line 823, in _handler
    csm = self.project.analyses.AILCallSiteMaker(
  File "/home/bluesadi/virtualenvs/Yasat/lib/python3.8/site-packages/angr/analyses/analysis.py", line 144, in __call__
    r = w(*args, **kwargs)
  File "/home/bluesadi/virtualenvs/Yasat/lib/python3.8/site-packages/angr/analyses/analysis.py", line 129, in wrapper
    oself.__init__(*args, **kwargs)
  File "/home/bluesadi/virtualenvs/Yasat/lib/python3.8/site-packages/angr/analyses/decompiler/callsite_maker.py", line 40, in __init__
    self._analyze()
  File "/home/bluesadi/virtualenvs/Yasat/lib/python3.8/site-packages/angr/analyses/decompiler/callsite_maker.py", line 122, in _analyze
    raise NotImplementedError("Not implemented yet.")
NotImplementedError: Not implemented yet.

During handling of the above exception, another exception occurred:

Traceback (most recent call last):
  File "/home/bluesadi/Yasat/Yasat/analyses/backward_slicing/engine_ail.py", line 78, in _process_Stmt
    self._handle_Stmt(stmt)
  File "/home/bluesadi/Yasat/Yasat/analyses/backward_slicing/engine_ail.py", line 99, in _handle_Stmt
    handler(stmt)
  File "/home/bluesadi/Yasat/Yasat/analyses/backward_slicing/engine_ail.py", line 128, in _ail_handle_Call
    self._ail_handle_CallExpr(stmt)
  File "/home/bluesadi/Yasat/Yasat/analyses/backward_slicing/engine_ail.py", line 166, in _ail_handle_CallExpr
    ret_expr = handler.handle(func, args)
  File "/home/bluesadi/Yasat/Yasat/analyses/backward_slicing/function_handler/function_handler.py", line 27, in handle
    return self.handle_local_function(func, args)
  File "/home/bluesadi/Yasat/Yasat/analyses/backward_slicing/function_handler/interprocedural_function_handler.py", line 14, in handle_local_function
    bs = func.project.analyses.BackwardSlicing(
  File "/home/bluesadi/virtualenvs/Yasat/lib/python3.8/site-packages/angr/analyses/analysis.py", line 144, in __call__
    r = w(*args, **kwargs)
  File "/home/bluesadi/virtualenvs/Yasat/lib/python3.8/site-packages/angr/analyses/analysis.py", line 129, in wrapper
    oself.__init__(*args, **kwargs)
  File "/home/bluesadi/Yasat/Yasat/analyses/backward_slicing/backward_slicing.py", line 93, in __init__
    self.project.kb.clinic_manager.get_clinic(called_func)
  File "/home/bluesadi/Yasat/Yasat/knowledge_plugins/clinic_manager.py", line 38, in get_clinic
    clinic = self._proj.analyses.Clinic(func)
  File "/home/bluesadi/virtualenvs/Yasat/lib/python3.8/site-packages/angr/analyses/analysis.py", line 144, in __call__
    r = w(*args, **kwargs)
  File "/home/bluesadi/virtualenvs/Yasat/lib/python3.8/site-packages/angr/analyses/analysis.py", line 129, in wrapper
    oself.__init__(*args, **kwargs)
  File "/home/bluesadi/virtualenvs/Yasat/lib/python3.8/site-packages/angr/analyses/decompiler/clinic.py", line 106, in __init__
    self._analyze()
  File "/home/bluesadi/virtualenvs/Yasat/lib/python3.8/site-packages/angr/analyses/decompiler/clinic.py", line 253, in _analyze
    _, stackarg_offsets = self._make_callsites(ail_graph, stack_pointer_tracker=spt)
  File "/home/bluesadi/virtualenvs/Yasat/lib/python3.8/site-packages/angr/utils/timing.py", line 34, in timed_func
    return func(*args, **kwargs)
  File "/home/bluesadi/virtualenvs/Yasat/lib/python3.8/site-packages/angr/analyses/decompiler/clinic.py", line 844, in _make_callsites
    AILGraphWalker(ail_graph, _handler, replace_nodes=True).walk()
  File "/home/bluesadi/virtualenvs/Yasat/lib/python3.8/site-packages/angr/analyses/decompiler/ailgraph_walker.py", line 21, in walk
    r = self.handler(node)
  File "/home/bluesadi/virtualenvs/Yasat/lib/python3.8/site-packages/angr/analyses/decompiler/clinic.py", line 823, in _handler
    csm = self.project.analyses.AILCallSiteMaker(
  File "/home/bluesadi/virtualenvs/Yasat/lib/python3.8/site-packages/angr/analyses/analysis.py", line 144, in __call__
    r = w(*args, **kwargs)
  File "/home/bluesadi/virtualenvs/Yasat/lib/python3.8/site-packages/angr/analyses/analysis.py", line 129, in wrapper
    oself.__init__(*args, **kwargs)
  File "/home/bluesadi/virtualenvs/Yasat/lib/python3.8/site-packages/angr/analyses/decompiler/callsite_maker.py", line 40, in __init__
    self._analyze()
  File "/home/bluesadi/virtualenvs/Yasat/lib/python3.8/site-packages/angr/analyses/decompiler/callsite_maker.py", line 122, in _analyze
    raise NotImplementedError("Not implemented yet.")
NotImplementedError: Not implemented yet.

Traceback (most recent call last):
  File "/home/bluesadi/Yasat/Yasat/main.py", line 66, in start
    return self._start()
  File "/home/bluesadi/Yasat/Yasat/main.py", line 86, in _start
    binary_paths = Extractor().extract(self.config.input_path, self.config.tmp_dir)
  File "/home/bluesadi/Yasat/Yasat/utils/extractor.py", line 82, in extract
    decompress_func = getattr(self, f"_decompress_{origin_type.extension}")
AttributeError: 'Extractor' object has no attribute '_decompress_tar'

Traceback (most recent call last):
  File "/home/bluesadi/Yasat/Yasat/main.py", line 66, in start
    return self._start()
  File "/home/bluesadi/Yasat/Yasat/main.py", line 86, in _start
    binary_paths = Extractor().extract(self.config.input_path, self.config.tmp_dir)
  File "/home/bluesadi/Yasat/Yasat/utils/extractor.py", line 82, in extract
    decompress_func = getattr(self, f"_decompress_{origin_type.extension}")
AttributeError: 'Extractor' object has no attribute '_decompress_tar'

Traceback (most recent call last):
  File "/home/bluesadi/Yasat/Yasat/main.py", line 66, in start
    return self._start()
  File "/home/bluesadi/Yasat/Yasat/main.py", line 86, in _start
    binary_paths = Extractor().extract(self.config.input_path, self.config.tmp_dir)
  File "/home/bluesadi/Yasat/Yasat/utils/extractor.py", line 82, in extract
    decompress_func = getattr(self, f"_decompress_{origin_type.extension}")
AttributeError: 'Extractor' object has no attribute '_decompress_gz'

